Not searching for unused variables given on the command line.
-- The C compiler identification is GNU 12.3.1
-- The CXX compiler identification is GNU 12.3.1
-- Detecting C compiler ABI info
-- Detecting C compiler ABI info - done
-- Check for working C compiler: /opt/st/stm32cubeclt_1.16.0/GNU-tools-for-STM32/bin/arm-none-eabi-gcc - skipped
-- Detecting C compile features
-- Detecting C compile features - done
-- Detecting CXX compiler ABI info
-- Detecting CXX compiler ABI info - done
-- Check for working CXX compiler: /opt/st/stm32cubeclt_1.16.0/GNU-tools-for-STM32/bin/arm-none-eabi-g++ - skipped
-- Detecting CXX compile features
-- Detecting CXX compile features - done
-- Found ament_cmake_ros: 0.10.0 (/home/aa/hal_ws/f446_mainboard_template_hal/.microros_build/firmware/dev_ws/install/ament_cmake_ros/share/ament_cmake_ros/cmake)
-- Found Python3: /usr/bin/python3 (found version "3.10.12") found components: Interpreter 
-- Found rcl_logging_interface: 2.3.1 (/home/aa/hal_ws/f446_mainboard_template_hal/.microros_build/firmware/mcu_ws/install/share/rcl_logging_interface/cmake)
-- Configuring done (1.0s)
-- Generating done (0.0s)
-- Build files have been written to: /home/aa/hal_ws/f446_mainboard_template_hal/.microros_build/firmware/mcu_ws/build/rcl_logging_noop
Change Dir: '/home/aa/hal_ws/f446_mainboard_template_hal/.microros_build/firmware/mcu_ws/build/rcl_logging_noop'

Run Build Command(s): /opt/st/stm32cubeclt_1.16.0/CMake/bin/cmake -E env VERBOSE=1 /usr/bin/gmake -f Makefile -j16 -l16
/opt/st/stm32cubeclt_1.16.0/CMake/bin/cmake -S/home/aa/hal_ws/f446_mainboard_template_hal/.microros_build/firmware/mcu_ws/ros2/rcl_logging/rcl_logging_noop -B/home/aa/hal_ws/f446_mainboard_template_hal/.microros_build/firmware/mcu_ws/build/rcl_logging_noop --check-build-system CMakeFiles/Makefile.cmake 0
/opt/st/stm32cubeclt_1.16.0/CMake/bin/cmake -E cmake_progress_start /home/aa/hal_ws/f446_mainboard_template_hal/.microros_build/firmware/mcu_ws/build/rcl_logging_noop/CMakeFiles /home/aa/hal_ws/f446_mainboard_template_hal/.microros_build/firmware/mcu_ws/build/rcl_logging_noop//CMakeFiles/progress.marks
/usr/bin/gmake  -f CMakeFiles/Makefile2 all
gmake[1]: ディレクトリ '/home/aa/hal_ws/f446_mainboard_template_hal/.microros_build/firmware/mcu_ws/build/rcl_logging_noop' に入ります
/usr/bin/gmake  -f CMakeFiles/rcl_logging_noop.dir/build.make CMakeFiles/rcl_logging_noop.dir/depend
gmake[2]: ディレクトリ '/home/aa/hal_ws/f446_mainboard_template_hal/.microros_build/firmware/mcu_ws/build/rcl_logging_noop' に入ります
cd /home/aa/hal_ws/f446_mainboard_template_hal/.microros_build/firmware/mcu_ws/build/rcl_logging_noop && /opt/st/stm32cubeclt_1.16.0/CMake/bin/cmake -E cmake_depends "Unix Makefiles" /home/aa/hal_ws/f446_mainboard_template_hal/.microros_build/firmware/mcu_ws/ros2/rcl_logging/rcl_logging_noop /home/aa/hal_ws/f446_mainboard_template_hal/.microros_build/firmware/mcu_ws/ros2/rcl_logging/rcl_logging_noop /home/aa/hal_ws/f446_mainboard_template_hal/.microros_build/firmware/mcu_ws/build/rcl_logging_noop /home/aa/hal_ws/f446_mainboard_template_hal/.microros_build/firmware/mcu_ws/build/rcl_logging_noop /home/aa/hal_ws/f446_mainboard_template_hal/.microros_build/firmware/mcu_ws/build/rcl_logging_noop/CMakeFiles/rcl_logging_noop.dir/DependInfo.cmake "--color="
gmake[2]: ディレクトリ '/home/aa/hal_ws/f446_mainboard_template_hal/.microros_build/firmware/mcu_ws/build/rcl_logging_noop' から出ます
/usr/bin/gmake  -f CMakeFiles/rcl_logging_noop.dir/build.make CMakeFiles/rcl_logging_noop.dir/build
gmake[2]: ディレクトリ '/home/aa/hal_ws/f446_mainboard_template_hal/.microros_build/firmware/mcu_ws/build/rcl_logging_noop' に入ります
[ 50%] Building CXX object CMakeFiles/rcl_logging_noop.dir/src/rcl_logging_noop/rcl_logging_noop.cpp.obj
/opt/st/stm32cubeclt_1.16.0/GNU-tools-for-STM32/bin/arm-none-eabi-g++ -DRCL_LOGGING_INTERFACE_BUILDING_DLL -DROS_PACKAGE_NAME=\"rcl_logging_noop\" -isystem /home/aa/hal_ws/f446_mainboard_template_hal/.microros_build/firmware/mcu_ws/install/include/rcutils -isystem /home/aa/hal_ws/f446_mainboard_template_hal/.microros_build/firmware/mcu_ws/install/include/rcl_logging_interface -mcpu=cortex-m4 -mthumb -mfpu=fpv4-sp-d16 -mfloat-abi=hard -ffunction-sections -fdata-sections -fno-common -fno-rtti -fno-exceptions -std=gnu++14 -DCLOCK_MONOTONIC=0 -O3 -DNDEBUG -std=gnu++14 -Wall -Wextra -Wpedantic -MD -MT CMakeFiles/rcl_logging_noop.dir/src/rcl_logging_noop/rcl_logging_noop.cpp.obj -MF CMakeFiles/rcl_logging_noop.dir/src/rcl_logging_noop/rcl_logging_noop.cpp.obj.d -o CMakeFiles/rcl_logging_noop.dir/src/rcl_logging_noop/rcl_logging_noop.cpp.obj -c /home/aa/hal_ws/f446_mainboard_template_hal/.microros_build/firmware/mcu_ws/ros2/rcl_logging/rcl_logging_noop/src/rcl_logging_noop/rcl_logging_noop.cpp
[100%] Linking CXX static library librcl_logging_noop.a
/opt/st/stm32cubeclt_1.16.0/CMake/bin/cmake -P CMakeFiles/rcl_logging_noop.dir/cmake_clean_target.cmake
/opt/st/stm32cubeclt_1.16.0/CMake/bin/cmake -E cmake_link_script CMakeFiles/rcl_logging_noop.dir/link.txt --verbose=1
/opt/st/stm32cubeclt_1.16.0/GNU-tools-for-STM32/bin/arm-none-eabi-ar qc librcl_logging_noop.a CMakeFiles/rcl_logging_noop.dir/src/rcl_logging_noop/rcl_logging_noop.cpp.obj
/opt/st/stm32cubeclt_1.16.0/GNU-tools-for-STM32/bin/arm-none-eabi-ranlib librcl_logging_noop.a
gmake[2]: ディレクトリ '/home/aa/hal_ws/f446_mainboard_template_hal/.microros_build/firmware/mcu_ws/build/rcl_logging_noop' から出ます
[100%] Built target rcl_logging_noop
gmake[1]: ディレクトリ '/home/aa/hal_ws/f446_mainboard_template_hal/.microros_build/firmware/mcu_ws/build/rcl_logging_noop' から出ます
/opt/st/stm32cubeclt_1.16.0/CMake/bin/cmake -E cmake_progress_start /home/aa/hal_ws/f446_mainboard_template_hal/.microros_build/firmware/mcu_ws/build/rcl_logging_noop/CMakeFiles 0

-- Install configuration: "Release"
-- Installing: /home/aa/hal_ws/f446_mainboard_template_hal/.microros_build/firmware/mcu_ws/install/lib/librcl_logging_noop.a
-- Installing: /home/aa/hal_ws/f446_mainboard_template_hal/.microros_build/firmware/mcu_ws/install/share/rcl_logging_noop/environment/library_path.sh
-- Installing: /home/aa/hal_ws/f446_mainboard_template_hal/.microros_build/firmware/mcu_ws/install/share/rcl_logging_noop/environment/library_path.dsv
-- Installing: /home/aa/hal_ws/f446_mainboard_template_hal/.microros_build/firmware/mcu_ws/install/share/ament_index/resource_index/package_run_dependencies/rcl_logging_noop
-- Installing: /home/aa/hal_ws/f446_mainboard_template_hal/.microros_build/firmware/mcu_ws/install/share/ament_index/resource_index/parent_prefix_path/rcl_logging_noop
-- Installing: /home/aa/hal_ws/f446_mainboard_template_hal/.microros_build/firmware/mcu_ws/install/share/rcl_logging_noop/environment/ament_prefix_path.sh
-- Installing: /home/aa/hal_ws/f446_mainboard_template_hal/.microros_build/firmware/mcu_ws/install/share/rcl_logging_noop/environment/ament_prefix_path.dsv
-- Installing: /home/aa/hal_ws/f446_mainboard_template_hal/.microros_build/firmware/mcu_ws/install/share/rcl_logging_noop/environment/path.sh
-- Installing: /home/aa/hal_ws/f446_mainboard_template_hal/.microros_build/firmware/mcu_ws/install/share/rcl_logging_noop/environment/path.dsv
-- Installing: /home/aa/hal_ws/f446_mainboard_template_hal/.microros_build/firmware/mcu_ws/install/share/rcl_logging_noop/local_setup.bash
-- Installing: /home/aa/hal_ws/f446_mainboard_template_hal/.microros_build/firmware/mcu_ws/install/share/rcl_logging_noop/local_setup.sh
-- Installing: /home/aa/hal_ws/f446_mainboard_template_hal/.microros_build/firmware/mcu_ws/install/share/rcl_logging_noop/local_setup.zsh
-- Installing: /home/aa/hal_ws/f446_mainboard_template_hal/.microros_build/firmware/mcu_ws/install/share/rcl_logging_noop/local_setup.dsv
-- Installing: /home/aa/hal_ws/f446_mainboard_template_hal/.microros_build/firmware/mcu_ws/install/share/rcl_logging_noop/package.dsv
-- Installing: /home/aa/hal_ws/f446_mainboard_template_hal/.microros_build/firmware/mcu_ws/install/share/ament_index/resource_index/packages/rcl_logging_noop
-- Installing: /home/aa/hal_ws/f446_mainboard_template_hal/.microros_build/firmware/mcu_ws/install/share/rcl_logging_noop/cmake/rcl_logging_noopExport.cmake
-- Installing: /home/aa/hal_ws/f446_mainboard_template_hal/.microros_build/firmware/mcu_ws/install/share/rcl_logging_noop/cmake/rcl_logging_noopExport-release.cmake
-- Installing: /home/aa/hal_ws/f446_mainboard_template_hal/.microros_build/firmware/mcu_ws/install/share/rcl_logging_noop/cmake/ament_cmake_export_dependencies-extras.cmake
-- Installing: /home/aa/hal_ws/f446_mainboard_template_hal/.microros_build/firmware/mcu_ws/install/share/rcl_logging_noop/cmake/ament_cmake_export_libraries-extras.cmake
-- Installing: /home/aa/hal_ws/f446_mainboard_template_hal/.microros_build/firmware/mcu_ws/install/share/rcl_logging_noop/cmake/ament_cmake_export_targets-extras.cmake
-- Installing: /home/aa/hal_ws/f446_mainboard_template_hal/.microros_build/firmware/mcu_ws/install/share/rcl_logging_noop/cmake/rcl_logging_noopConfig.cmake
-- Installing: /home/aa/hal_ws/f446_mainboard_template_hal/.microros_build/firmware/mcu_ws/install/share/rcl_logging_noop/cmake/rcl_logging_noopConfig-version.cmake
-- Installing: /home/aa/hal_ws/f446_mainboard_template_hal/.microros_build/firmware/mcu_ws/install/share/rcl_logging_noop/package.xml
