Not searching for unused variables given on the command line.
-- The C compiler identification is GNU 12.3.1
-- The CXX compiler identification is GNU 12.3.1
-- Detecting C compiler ABI info
-- Detecting C compiler ABI info - done
-- Check for working C compiler: /opt/st/stm32cubeclt_1.16.0/GNU-tools-for-STM32/bin/arm-none-eabi-gcc - skipped
-- Detecting C compile features
-- Detecting C compile features - done
-- Detecting CXX compiler ABI info
-- Detecting CXX compiler ABI info - done
-- Check for working CXX compiler: /opt/st/stm32cubeclt_1.16.0/GNU-tools-for-STM32/bin/arm-none-eabi-g++ - skipped
-- Detecting CXX compile features
-- Detecting CXX compile features - done
-- Found ament_cmake: 1.3.12 (/home/aa/hal_ws/f446_mainboard_template_hal/.microros_build/firmware/dev_ws/install/ament_cmake/share/ament_cmake/cmake)
-- Found Python3: /usr/bin/python3 (found version "3.10.12") found components: Interpreter 
-- Found rosidl_typesupport_introspection_c: 3.1.8 (/home/aa/hal_ws/f446_mainboard_template_hal/.microros_build/firmware/mcu_ws/install/share/rosidl_typesupport_introspection_c/cmake)
-- Found rosidl_adapter: 3.1.8 (/home/aa/hal_ws/f446_mainboard_template_hal/.microros_build/firmware/mcu_ws/install/share/rosidl_adapter/cmake)
-- Configuring done (0.7s)
-- Generating done (0.0s)
-- Build files have been written to: /home/aa/hal_ws/f446_mainboard_template_hal/.microros_build/firmware/mcu_ws/build/micro_ros_utilities
Change Dir: '/home/aa/hal_ws/f446_mainboard_template_hal/.microros_build/firmware/mcu_ws/build/micro_ros_utilities'

Run Build Command(s): /opt/st/stm32cubeclt_1.16.0/CMake/bin/cmake -E env VERBOSE=1 /usr/bin/gmake -f Makefile -j16 -l16
/opt/st/stm32cubeclt_1.16.0/CMake/bin/cmake -S/home/aa/hal_ws/f446_mainboard_template_hal/.microros_build/firmware/mcu_ws/uros/micro_ros_utilities -B/home/aa/hal_ws/f446_mainboard_template_hal/.microros_build/firmware/mcu_ws/build/micro_ros_utilities --check-build-system CMakeFiles/Makefile.cmake 0
/opt/st/stm32cubeclt_1.16.0/CMake/bin/cmake -E cmake_progress_start /home/aa/hal_ws/f446_mainboard_template_hal/.microros_build/firmware/mcu_ws/build/micro_ros_utilities/CMakeFiles /home/aa/hal_ws/f446_mainboard_template_hal/.microros_build/firmware/mcu_ws/build/micro_ros_utilities//CMakeFiles/progress.marks
/usr/bin/gmake  -f CMakeFiles/Makefile2 all
gmake[1]: ディレクトリ '/home/aa/hal_ws/f446_mainboard_template_hal/.microros_build/firmware/mcu_ws/build/micro_ros_utilities' に入ります
/usr/bin/gmake  -f CMakeFiles/micro_ros_utilities.dir/build.make CMakeFiles/micro_ros_utilities.dir/depend
gmake[2]: ディレクトリ '/home/aa/hal_ws/f446_mainboard_template_hal/.microros_build/firmware/mcu_ws/build/micro_ros_utilities' に入ります
cd /home/aa/hal_ws/f446_mainboard_template_hal/.microros_build/firmware/mcu_ws/build/micro_ros_utilities && /opt/st/stm32cubeclt_1.16.0/CMake/bin/cmake -E cmake_depends "Unix Makefiles" /home/aa/hal_ws/f446_mainboard_template_hal/.microros_build/firmware/mcu_ws/uros/micro_ros_utilities /home/aa/hal_ws/f446_mainboard_template_hal/.microros_build/firmware/mcu_ws/uros/micro_ros_utilities /home/aa/hal_ws/f446_mainboard_template_hal/.microros_build/firmware/mcu_ws/build/micro_ros_utilities /home/aa/hal_ws/f446_mainboard_template_hal/.microros_build/firmware/mcu_ws/build/micro_ros_utilities /home/aa/hal_ws/f446_mainboard_template_hal/.microros_build/firmware/mcu_ws/build/micro_ros_utilities/CMakeFiles/micro_ros_utilities.dir/DependInfo.cmake "--color="
gmake[2]: ディレクトリ '/home/aa/hal_ws/f446_mainboard_template_hal/.microros_build/firmware/mcu_ws/build/micro_ros_utilities' から出ます
/usr/bin/gmake  -f CMakeFiles/micro_ros_utilities.dir/build.make CMakeFiles/micro_ros_utilities.dir/build
gmake[2]: ディレクトリ '/home/aa/hal_ws/f446_mainboard_template_hal/.microros_build/firmware/mcu_ws/build/micro_ros_utilities' に入ります
[ 33%] Building C object CMakeFiles/micro_ros_utilities.dir/src/string_utilities.c.obj
[ 66%] Building C object CMakeFiles/micro_ros_utilities.dir/src/type_utilities.c.obj
/opt/st/stm32cubeclt_1.16.0/GNU-tools-for-STM32/bin/arm-none-eabi-gcc  -I/home/aa/hal_ws/f446_mainboard_template_hal/.microros_build/firmware/mcu_ws/uros/micro_ros_utilities/include -I/home/aa/hal_ws/f446_mainboard_template_hal/.microros_build/firmware/mcu_ws/uros/micro_ros_utilities/src -isystem /home/aa/hal_ws/f446_mainboard_template_hal/.microros_build/firmware/mcu_ws/install/include/rosidl_typesupport_introspection_c -isystem /home/aa/hal_ws/f446_mainboard_template_hal/.microros_build/firmware/mcu_ws/install/include/rosidl_runtime_c -isystem /home/aa/hal_ws/f446_mainboard_template_hal/.microros_build/firmware/mcu_ws/install/include/rcutils -isystem /home/aa/hal_ws/f446_mainboard_template_hal/.microros_build/firmware/mcu_ws/install/include/rosidl_typesupport_interface -mcpu=cortex-m4 -mthumb -mfpu=fpv4-sp-d16 -mfloat-abi=hard -ffunction-sections -fdata-sections -fno-common -std=gnu11 -DCLOCK_MONOTONIC=0 -O3 -DNDEBUG -std=gnu11 -Wall -Wextra -Wpedantic -MD -MT CMakeFiles/micro_ros_utilities.dir/src/string_utilities.c.obj -MF CMakeFiles/micro_ros_utilities.dir/src/string_utilities.c.obj.d -o CMakeFiles/micro_ros_utilities.dir/src/string_utilities.c.obj -c /home/aa/hal_ws/f446_mainboard_template_hal/.microros_build/firmware/mcu_ws/uros/micro_ros_utilities/src/string_utilities.c
/opt/st/stm32cubeclt_1.16.0/GNU-tools-for-STM32/bin/arm-none-eabi-gcc  -I/home/aa/hal_ws/f446_mainboard_template_hal/.microros_build/firmware/mcu_ws/uros/micro_ros_utilities/include -I/home/aa/hal_ws/f446_mainboard_template_hal/.microros_build/firmware/mcu_ws/uros/micro_ros_utilities/src -isystem /home/aa/hal_ws/f446_mainboard_template_hal/.microros_build/firmware/mcu_ws/install/include/rosidl_typesupport_introspection_c -isystem /home/aa/hal_ws/f446_mainboard_template_hal/.microros_build/firmware/mcu_ws/install/include/rosidl_runtime_c -isystem /home/aa/hal_ws/f446_mainboard_template_hal/.microros_build/firmware/mcu_ws/install/include/rcutils -isystem /home/aa/hal_ws/f446_mainboard_template_hal/.microros_build/firmware/mcu_ws/install/include/rosidl_typesupport_interface -mcpu=cortex-m4 -mthumb -mfpu=fpv4-sp-d16 -mfloat-abi=hard -ffunction-sections -fdata-sections -fno-common -std=gnu11 -DCLOCK_MONOTONIC=0 -O3 -DNDEBUG -std=gnu11 -Wall -Wextra -Wpedantic -MD -MT CMakeFiles/micro_ros_utilities.dir/src/type_utilities.c.obj -MF CMakeFiles/micro_ros_utilities.dir/src/type_utilities.c.obj.d -o CMakeFiles/micro_ros_utilities.dir/src/type_utilities.c.obj -c /home/aa/hal_ws/f446_mainboard_template_hal/.microros_build/firmware/mcu_ws/uros/micro_ros_utilities/src/type_utilities.c
/home/aa/hal_ws/f446_mainboard_template_hal/.microros_build/firmware/mcu_ws/uros/micro_ros_utilities/src/type_utilities.c: In function 'print_type_info':
/home/aa/hal_ws/f446_mainboard_template_hal/.microros_build/firmware/mcu_ws/uros/micro_ros_utilities/src/type_utilities.c:96:61: warning: format '%u' expects argument of type 'unsigned int', but argument 7 has type 'uint32_t' {aka 'long unsigned int'} [-Wformat=]
   96 |       buffer, sizeof(buffer), "%sIntrospection for %s/%s - %u members, %zu B\n",
      |                                                            ~^
      |                                                             |
      |                                                             unsigned int
      |                                                            %lu
......
  100 |       members->member_count_,
      |       ~~~~~~~~~~~~~~~~~~~~~~                                 
      |              |
      |              uint32_t {aka long unsigned int}
[100%] Linking C static library libmicro_ros_utilities.a
/opt/st/stm32cubeclt_1.16.0/CMake/bin/cmake -P CMakeFiles/micro_ros_utilities.dir/cmake_clean_target.cmake
/opt/st/stm32cubeclt_1.16.0/CMake/bin/cmake -E cmake_link_script CMakeFiles/micro_ros_utilities.dir/link.txt --verbose=1
/opt/st/stm32cubeclt_1.16.0/GNU-tools-for-STM32/bin/arm-none-eabi-ar qc libmicro_ros_utilities.a CMakeFiles/micro_ros_utilities.dir/src/string_utilities.c.obj CMakeFiles/micro_ros_utilities.dir/src/type_utilities.c.obj
/opt/st/stm32cubeclt_1.16.0/GNU-tools-for-STM32/bin/arm-none-eabi-ranlib libmicro_ros_utilities.a
gmake[2]: ディレクトリ '/home/aa/hal_ws/f446_mainboard_template_hal/.microros_build/firmware/mcu_ws/build/micro_ros_utilities' から出ます
[100%] Built target micro_ros_utilities
gmake[1]: ディレクトリ '/home/aa/hal_ws/f446_mainboard_template_hal/.microros_build/firmware/mcu_ws/build/micro_ros_utilities' から出ます
/opt/st/stm32cubeclt_1.16.0/CMake/bin/cmake -E cmake_progress_start /home/aa/hal_ws/f446_mainboard_template_hal/.microros_build/firmware/mcu_ws/build/micro_ros_utilities/CMakeFiles 0

-- Install configuration: "Release"
-- Up-to-date: /home/aa/hal_ws/f446_mainboard_template_hal/.microros_build/firmware/mcu_ws/install/include
-- Installing: /home/aa/hal_ws/f446_mainboard_template_hal/.microros_build/firmware/mcu_ws/install/include/micro_ros_utilities
-- Installing: /home/aa/hal_ws/f446_mainboard_template_hal/.microros_build/firmware/mcu_ws/install/include/micro_ros_utilities/visibility_control.h
-- Installing: /home/aa/hal_ws/f446_mainboard_template_hal/.microros_build/firmware/mcu_ws/install/include/micro_ros_utilities/string_utilities.h
-- Installing: /home/aa/hal_ws/f446_mainboard_template_hal/.microros_build/firmware/mcu_ws/install/include/micro_ros_utilities/type_utilities.h
-- Installing: /home/aa/hal_ws/f446_mainboard_template_hal/.microros_build/firmware/mcu_ws/install/lib/libmicro_ros_utilities.a
-- Installing: /home/aa/hal_ws/f446_mainboard_template_hal/.microros_build/firmware/mcu_ws/install/share/micro_ros_utilities/environment/library_path.sh
-- Installing: /home/aa/hal_ws/f446_mainboard_template_hal/.microros_build/firmware/mcu_ws/install/share/micro_ros_utilities/environment/library_path.dsv
-- Installing: /home/aa/hal_ws/f446_mainboard_template_hal/.microros_build/firmware/mcu_ws/install/share/ament_index/resource_index/package_run_dependencies/micro_ros_utilities
-- Installing: /home/aa/hal_ws/f446_mainboard_template_hal/.microros_build/firmware/mcu_ws/install/share/ament_index/resource_index/parent_prefix_path/micro_ros_utilities
-- Installing: /home/aa/hal_ws/f446_mainboard_template_hal/.microros_build/firmware/mcu_ws/install/share/micro_ros_utilities/environment/ament_prefix_path.sh
-- Installing: /home/aa/hal_ws/f446_mainboard_template_hal/.microros_build/firmware/mcu_ws/install/share/micro_ros_utilities/environment/ament_prefix_path.dsv
-- Installing: /home/aa/hal_ws/f446_mainboard_template_hal/.microros_build/firmware/mcu_ws/install/share/micro_ros_utilities/environment/path.sh
-- Installing: /home/aa/hal_ws/f446_mainboard_template_hal/.microros_build/firmware/mcu_ws/install/share/micro_ros_utilities/environment/path.dsv
-- Installing: /home/aa/hal_ws/f446_mainboard_template_hal/.microros_build/firmware/mcu_ws/install/share/micro_ros_utilities/local_setup.bash
-- Installing: /home/aa/hal_ws/f446_mainboard_template_hal/.microros_build/firmware/mcu_ws/install/share/micro_ros_utilities/local_setup.sh
-- Installing: /home/aa/hal_ws/f446_mainboard_template_hal/.microros_build/firmware/mcu_ws/install/share/micro_ros_utilities/local_setup.zsh
-- Installing: /home/aa/hal_ws/f446_mainboard_template_hal/.microros_build/firmware/mcu_ws/install/share/micro_ros_utilities/local_setup.dsv
-- Installing: /home/aa/hal_ws/f446_mainboard_template_hal/.microros_build/firmware/mcu_ws/install/share/micro_ros_utilities/package.dsv
-- Installing: /home/aa/hal_ws/f446_mainboard_template_hal/.microros_build/firmware/mcu_ws/install/share/ament_index/resource_index/packages/micro_ros_utilities
-- Installing: /home/aa/hal_ws/f446_mainboard_template_hal/.microros_build/firmware/mcu_ws/install/share/micro_ros_utilities/cmake/ament_cmake_export_include_directories-extras.cmake
-- Installing: /home/aa/hal_ws/f446_mainboard_template_hal/.microros_build/firmware/mcu_ws/install/share/micro_ros_utilities/cmake/ament_cmake_export_libraries-extras.cmake
-- Installing: /home/aa/hal_ws/f446_mainboard_template_hal/.microros_build/firmware/mcu_ws/install/share/micro_ros_utilities/cmake/ament_cmake_export_dependencies-extras.cmake
-- Installing: /home/aa/hal_ws/f446_mainboard_template_hal/.microros_build/firmware/mcu_ws/install/share/micro_ros_utilities/cmake/micro_ros_utilitiesConfig.cmake
-- Installing: /home/aa/hal_ws/f446_mainboard_template_hal/.microros_build/firmware/mcu_ws/install/share/micro_ros_utilities/cmake/micro_ros_utilitiesConfig-version.cmake
-- Installing: /home/aa/hal_ws/f446_mainboard_template_hal/.microros_build/firmware/mcu_ws/install/share/micro_ros_utilities/package.xml
