Not searching for unused variables given on the command line.
-- The C compiler identification is GNU 12.3.1
-- The CXX compiler identification is GNU 12.3.1
-- Detecting C compiler ABI info
-- Detecting C compiler ABI info - done
-- Check for working C compiler: /opt/st/stm32cubeclt_1.16.0/GNU-tools-for-STM32/bin/arm-none-eabi-gcc - skipped
-- Detecting C compile features
-- Detecting C compile features - done
-- Detecting CXX compiler ABI info
-- Detecting CXX compiler ABI info - done
-- Check for working CXX compiler: /opt/st/stm32cubeclt_1.16.0/GNU-tools-for-STM32/bin/arm-none-eabi-g++ - skipped
-- Detecting CXX compile features
-- Detecting CXX compile features - done
-- Found ament_cmake_ros: 0.10.0 (/home/aa/hal_ws/f446_mainboard_template_hal/.microros_build/firmware/dev_ws/install/ament_cmake_ros/share/ament_cmake_ros/cmake)
-- Found Python3: /usr/bin/python3 (found version "3.10.12") found components: Interpreter 
-- Found rcutils: 5.1.7 (/home/aa/hal_ws/f446_mainboard_template_hal/.microros_build/firmware/mcu_ws/install/share/rcutils/cmake)
-- Found rosidl_runtime_c: 3.1.8 (/home/aa/hal_ws/f446_mainboard_template_hal/.microros_build/firmware/mcu_ws/install/share/rosidl_runtime_c/cmake)
-- Configuring done (0.9s)
-- Generating done (0.0s)
-- Build files have been written to: /home/aa/hal_ws/f446_mainboard_template_hal/.microros_build/firmware/mcu_ws/build/rmw
Change Dir: '/home/aa/hal_ws/f446_mainboard_template_hal/.microros_build/firmware/mcu_ws/build/rmw'

Run Build Command(s): /opt/st/stm32cubeclt_1.16.0/CMake/bin/cmake -E env VERBOSE=1 /usr/bin/gmake -f Makefile -j16 -l16
/opt/st/stm32cubeclt_1.16.0/CMake/bin/cmake -S/home/aa/hal_ws/f446_mainboard_template_hal/.microros_build/firmware/mcu_ws/ros2/rmw/rmw -B/home/aa/hal_ws/f446_mainboard_template_hal/.microros_build/firmware/mcu_ws/build/rmw --check-build-system CMakeFiles/Makefile.cmake 0
/opt/st/stm32cubeclt_1.16.0/CMake/bin/cmake -E cmake_progress_start /home/aa/hal_ws/f446_mainboard_template_hal/.microros_build/firmware/mcu_ws/build/rmw/CMakeFiles /home/aa/hal_ws/f446_mainboard_template_hal/.microros_build/firmware/mcu_ws/build/rmw//CMakeFiles/progress.marks
/usr/bin/gmake  -f CMakeFiles/Makefile2 all
gmake[1]: ディレクトリ '/home/aa/hal_ws/f446_mainboard_template_hal/.microros_build/firmware/mcu_ws/build/rmw' に入ります
/usr/bin/gmake  -f CMakeFiles/rmw.dir/build.make CMakeFiles/rmw.dir/depend
gmake[2]: ディレクトリ '/home/aa/hal_ws/f446_mainboard_template_hal/.microros_build/firmware/mcu_ws/build/rmw' に入ります
cd /home/aa/hal_ws/f446_mainboard_template_hal/.microros_build/firmware/mcu_ws/build/rmw && /opt/st/stm32cubeclt_1.16.0/CMake/bin/cmake -E cmake_depends "Unix Makefiles" /home/aa/hal_ws/f446_mainboard_template_hal/.microros_build/firmware/mcu_ws/ros2/rmw/rmw /home/aa/hal_ws/f446_mainboard_template_hal/.microros_build/firmware/mcu_ws/ros2/rmw/rmw /home/aa/hal_ws/f446_mainboard_template_hal/.microros_build/firmware/mcu_ws/build/rmw /home/aa/hal_ws/f446_mainboard_template_hal/.microros_build/firmware/mcu_ws/build/rmw /home/aa/hal_ws/f446_mainboard_template_hal/.microros_build/firmware/mcu_ws/build/rmw/CMakeFiles/rmw.dir/DependInfo.cmake "--color="
gmake[2]: ディレクトリ '/home/aa/hal_ws/f446_mainboard_template_hal/.microros_build/firmware/mcu_ws/build/rmw' から出ます
/usr/bin/gmake  -f CMakeFiles/rmw.dir/build.make CMakeFiles/rmw.dir/build
gmake[2]: ディレクトリ '/home/aa/hal_ws/f446_mainboard_template_hal/.microros_build/firmware/mcu_ws/build/rmw' に入ります
[  4%] Building C object CMakeFiles/rmw.dir/src/allocators.c.obj
[  8%] Building C object CMakeFiles/rmw.dir/src/convert_rcutils_ret_to_rmw_ret.c.obj
[ 13%] Building C object CMakeFiles/rmw.dir/src/event.c.obj
/opt/st/stm32cubeclt_1.16.0/GNU-tools-for-STM32/bin/arm-none-eabi-gcc -DROS_PACKAGE_NAME=\"rmw\" -I/home/aa/hal_ws/f446_mainboard_template_hal/.microros_build/firmware/mcu_ws/ros2/rmw/rmw/include -isystem /home/aa/hal_ws/f446_mainboard_template_hal/.microros_build/firmware/mcu_ws/install/include/rcutils -isystem /home/aa/hal_ws/f446_mainboard_template_hal/.microros_build/firmware/mcu_ws/install/include/rosidl_runtime_c -isystem /home/aa/hal_ws/f446_mainboard_template_hal/.microros_build/firmware/mcu_ws/install/include/rosidl_typesupport_interface -mcpu=cortex-m4 -mthumb -mfpu=fpv4-sp-d16 -mfloat-abi=hard -ffunction-sections -fdata-sections -fno-common -std=gnu11 -DCLOCK_MONOTONIC=0 -O3 -DNDEBUG -std=gnu99 -fvisibility=hidden -Wall -Wextra -Wpedantic -MD -MT CMakeFiles/rmw.dir/src/allocators.c.obj -MF CMakeFiles/rmw.dir/src/allocators.c.obj.d -o CMakeFiles/rmw.dir/src/allocators.c.obj -c /home/aa/hal_ws/f446_mainboard_template_hal/.microros_build/firmware/mcu_ws/ros2/rmw/rmw/src/allocators.c
/opt/st/stm32cubeclt_1.16.0/GNU-tools-for-STM32/bin/arm-none-eabi-gcc -DROS_PACKAGE_NAME=\"rmw\" -I/home/aa/hal_ws/f446_mainboard_template_hal/.microros_build/firmware/mcu_ws/ros2/rmw/rmw/include -isystem /home/aa/hal_ws/f446_mainboard_template_hal/.microros_build/firmware/mcu_ws/install/include/rcutils -isystem /home/aa/hal_ws/f446_mainboard_template_hal/.microros_build/firmware/mcu_ws/install/include/rosidl_runtime_c -isystem /home/aa/hal_ws/f446_mainboard_template_hal/.microros_build/firmware/mcu_ws/install/include/rosidl_typesupport_interface -mcpu=cortex-m4 -mthumb -mfpu=fpv4-sp-d16 -mfloat-abi=hard -ffunction-sections -fdata-sections -fno-common -std=gnu11 -DCLOCK_MONOTONIC=0 -O3 -DNDEBUG -std=gnu99 -fvisibility=hidden -Wall -Wextra -Wpedantic -MD -MT CMakeFiles/rmw.dir/src/convert_rcutils_ret_to_rmw_ret.c.obj -MF CMakeFiles/rmw.dir/src/convert_rcutils_ret_to_rmw_ret.c.obj.d -o CMakeFiles/rmw.dir/src/convert_rcutils_ret_to_rmw_ret.c.obj -c /home/aa/hal_ws/f446_mainboard_template_hal/.microros_build/firmware/mcu_ws/ros2/rmw/rmw/src/convert_rcutils_ret_to_rmw_ret.c
[ 17%] Building C object CMakeFiles/rmw.dir/src/init.c.obj
/opt/st/stm32cubeclt_1.16.0/GNU-tools-for-STM32/bin/arm-none-eabi-gcc -DROS_PACKAGE_NAME=\"rmw\" -I/home/aa/hal_ws/f446_mainboard_template_hal/.microros_build/firmware/mcu_ws/ros2/rmw/rmw/include -isystem /home/aa/hal_ws/f446_mainboard_template_hal/.microros_build/firmware/mcu_ws/install/include/rcutils -isystem /home/aa/hal_ws/f446_mainboard_template_hal/.microros_build/firmware/mcu_ws/install/include/rosidl_runtime_c -isystem /home/aa/hal_ws/f446_mainboard_template_hal/.microros_build/firmware/mcu_ws/install/include/rosidl_typesupport_interface -mcpu=cortex-m4 -mthumb -mfpu=fpv4-sp-d16 -mfloat-abi=hard -ffunction-sections -fdata-sections -fno-common -std=gnu11 -DCLOCK_MONOTONIC=0 -O3 -DNDEBUG -std=gnu99 -fvisibility=hidden -Wall -Wextra -Wpedantic -MD -MT CMakeFiles/rmw.dir/src/event.c.obj -MF CMakeFiles/rmw.dir/src/event.c.obj.d -o CMakeFiles/rmw.dir/src/event.c.obj -c /home/aa/hal_ws/f446_mainboard_template_hal/.microros_build/firmware/mcu_ws/ros2/rmw/rmw/src/event.c
[ 26%] Building C object CMakeFiles/rmw.dir/src/message_sequence.c.obj
[ 26%] Building C object CMakeFiles/rmw.dir/src/init_options.c.obj
[ 30%] Building C object CMakeFiles/rmw.dir/src/names_and_types.c.obj
[ 34%] Building C object CMakeFiles/rmw.dir/src/network_flow_endpoint_array.c.obj
[ 39%] Building C object CMakeFiles/rmw.dir/src/publisher_options.c.obj
/opt/st/stm32cubeclt_1.16.0/GNU-tools-for-STM32/bin/arm-none-eabi-gcc -DROS_PACKAGE_NAME=\"rmw\" -I/home/aa/hal_ws/f446_mainboard_template_hal/.microros_build/firmware/mcu_ws/ros2/rmw/rmw/include -isystem /home/aa/hal_ws/f446_mainboard_template_hal/.microros_build/firmware/mcu_ws/install/include/rcutils -isystem /home/aa/hal_ws/f446_mainboard_template_hal/.microros_build/firmware/mcu_ws/install/include/rosidl_runtime_c -isystem /home/aa/hal_ws/f446_mainboard_template_hal/.microros_build/firmware/mcu_ws/install/include/rosidl_typesupport_interface -mcpu=cortex-m4 -mthumb -mfpu=fpv4-sp-d16 -mfloat-abi=hard -ffunction-sections -fdata-sections -fno-common -std=gnu11 -DCLOCK_MONOTONIC=0 -O3 -DNDEBUG -std=gnu99 -fvisibility=hidden -Wall -Wextra -Wpedantic -MD -MT CMakeFiles/rmw.dir/src/init.c.obj -MF CMakeFiles/rmw.dir/src/init.c.obj.d -o CMakeFiles/rmw.dir/src/init.c.obj -c /home/aa/hal_ws/f446_mainboard_template_hal/.microros_build/firmware/mcu_ws/ros2/rmw/rmw/src/init.c
[ 43%] Building C object CMakeFiles/rmw.dir/src/network_flow_endpoint.c.obj
/opt/st/stm32cubeclt_1.16.0/GNU-tools-for-STM32/bin/arm-none-eabi-gcc -DROS_PACKAGE_NAME=\"rmw\" -I/home/aa/hal_ws/f446_mainboard_template_hal/.microros_build/firmware/mcu_ws/ros2/rmw/rmw/include -isystem /home/aa/hal_ws/f446_mainboard_template_hal/.microros_build/firmware/mcu_ws/install/include/rcutils -isystem /home/aa/hal_ws/f446_mainboard_template_hal/.microros_build/firmware/mcu_ws/install/include/rosidl_runtime_c -isystem /home/aa/hal_ws/f446_mainboard_template_hal/.microros_build/firmware/mcu_ws/install/include/rosidl_typesupport_interface -mcpu=cortex-m4 -mthumb -mfpu=fpv4-sp-d16 -mfloat-abi=hard -ffunction-sections -fdata-sections -fno-common -std=gnu11 -DCLOCK_MONOTONIC=0 -O3 -DNDEBUG -std=gnu99 -fvisibility=hidden -Wall -Wextra -Wpedantic -MD -MT CMakeFiles/rmw.dir/src/init_options.c.obj -MF CMakeFiles/rmw.dir/src/init_options.c.obj.d -o CMakeFiles/rmw.dir/src/init_options.c.obj -c /home/aa/hal_ws/f446_mainboard_template_hal/.microros_build/firmware/mcu_ws/ros2/rmw/rmw/src/init_options.c
/opt/st/stm32cubeclt_1.16.0/GNU-tools-for-STM32/bin/arm-none-eabi-gcc -DROS_PACKAGE_NAME=\"rmw\" -I/home/aa/hal_ws/f446_mainboard_template_hal/.microros_build/firmware/mcu_ws/ros2/rmw/rmw/include -isystem /home/aa/hal_ws/f446_mainboard_template_hal/.microros_build/firmware/mcu_ws/install/include/rcutils -isystem /home/aa/hal_ws/f446_mainboard_template_hal/.microros_build/firmware/mcu_ws/install/include/rosidl_runtime_c -isystem /home/aa/hal_ws/f446_mainboard_template_hal/.microros_build/firmware/mcu_ws/install/include/rosidl_typesupport_interface -mcpu=cortex-m4 -mthumb -mfpu=fpv4-sp-d16 -mfloat-abi=hard -ffunction-sections -fdata-sections -fno-common -std=gnu11 -DCLOCK_MONOTONIC=0 -O3 -DNDEBUG -std=gnu99 -fvisibility=hidden -Wall -Wextra -Wpedantic -MD -MT CMakeFiles/rmw.dir/src/message_sequence.c.obj -MF CMakeFiles/rmw.dir/src/message_sequence.c.obj.d -o CMakeFiles/rmw.dir/src/message_sequence.c.obj -c /home/aa/hal_ws/f446_mainboard_template_hal/.microros_build/firmware/mcu_ws/ros2/rmw/rmw/src/message_sequence.c
/opt/st/stm32cubeclt_1.16.0/GNU-tools-for-STM32/bin/arm-none-eabi-gcc -DROS_PACKAGE_NAME=\"rmw\" -I/home/aa/hal_ws/f446_mainboard_template_hal/.microros_build/firmware/mcu_ws/ros2/rmw/rmw/include -isystem /home/aa/hal_ws/f446_mainboard_template_hal/.microros_build/firmware/mcu_ws/install/include/rcutils -isystem /home/aa/hal_ws/f446_mainboard_template_hal/.microros_build/firmware/mcu_ws/install/include/rosidl_runtime_c -isystem /home/aa/hal_ws/f446_mainboard_template_hal/.microros_build/firmware/mcu_ws/install/include/rosidl_typesupport_interface -mcpu=cortex-m4 -mthumb -mfpu=fpv4-sp-d16 -mfloat-abi=hard -ffunction-sections -fdata-sections -fno-common -std=gnu11 -DCLOCK_MONOTONIC=0 -O3 -DNDEBUG -std=gnu99 -fvisibility=hidden -Wall -Wextra -Wpedantic -MD -MT CMakeFiles/rmw.dir/src/names_and_types.c.obj -MF CMakeFiles/rmw.dir/src/names_and_types.c.obj.d -o CMakeFiles/rmw.dir/src/names_and_types.c.obj -c /home/aa/hal_ws/f446_mainboard_template_hal/.microros_build/firmware/mcu_ws/ros2/rmw/rmw/src/names_and_types.c
/opt/st/stm32cubeclt_1.16.0/GNU-tools-for-STM32/bin/arm-none-eabi-gcc -DROS_PACKAGE_NAME=\"rmw\" -I/home/aa/hal_ws/f446_mainboard_template_hal/.microros_build/firmware/mcu_ws/ros2/rmw/rmw/include -isystem /home/aa/hal_ws/f446_mainboard_template_hal/.microros_build/firmware/mcu_ws/install/include/rcutils -isystem /home/aa/hal_ws/f446_mainboard_template_hal/.microros_build/firmware/mcu_ws/install/include/rosidl_runtime_c -isystem /home/aa/hal_ws/f446_mainboard_template_hal/.microros_build/firmware/mcu_ws/install/include/rosidl_typesupport_interface -mcpu=cortex-m4 -mthumb -mfpu=fpv4-sp-d16 -mfloat-abi=hard -ffunction-sections -fdata-sections -fno-common -std=gnu11 -DCLOCK_MONOTONIC=0 -O3 -DNDEBUG -std=gnu99 -fvisibility=hidden -Wall -Wextra -Wpedantic -MD -MT CMakeFiles/rmw.dir/src/network_flow_endpoint_array.c.obj -MF CMakeFiles/rmw.dir/src/network_flow_endpoint_array.c.obj.d -o CMakeFiles/rmw.dir/src/network_flow_endpoint_array.c.obj -c /home/aa/hal_ws/f446_mainboard_template_hal/.microros_build/firmware/mcu_ws/ros2/rmw/rmw/src/network_flow_endpoint_array.c
/opt/st/stm32cubeclt_1.16.0/GNU-tools-for-STM32/bin/arm-none-eabi-gcc -DROS_PACKAGE_NAME=\"rmw\" -I/home/aa/hal_ws/f446_mainboard_template_hal/.microros_build/firmware/mcu_ws/ros2/rmw/rmw/include -isystem /home/aa/hal_ws/f446_mainboard_template_hal/.microros_build/firmware/mcu_ws/install/include/rcutils -isystem /home/aa/hal_ws/f446_mainboard_template_hal/.microros_build/firmware/mcu_ws/install/include/rosidl_runtime_c -isystem /home/aa/hal_ws/f446_mainboard_template_hal/.microros_build/firmware/mcu_ws/install/include/rosidl_typesupport_interface -mcpu=cortex-m4 -mthumb -mfpu=fpv4-sp-d16 -mfloat-abi=hard -ffunction-sections -fdata-sections -fno-common -std=gnu11 -DCLOCK_MONOTONIC=0 -O3 -DNDEBUG -std=gnu99 -fvisibility=hidden -Wall -Wextra -Wpedantic -MD -MT CMakeFiles/rmw.dir/src/network_flow_endpoint.c.obj -MF CMakeFiles/rmw.dir/src/network_flow_endpoint.c.obj.d -o CMakeFiles/rmw.dir/src/network_flow_endpoint.c.obj -c /home/aa/hal_ws/f446_mainboard_template_hal/.microros_build/firmware/mcu_ws/ros2/rmw/rmw/src/network_flow_endpoint.c
/opt/st/stm32cubeclt_1.16.0/GNU-tools-for-STM32/bin/arm-none-eabi-gcc -DROS_PACKAGE_NAME=\"rmw\" -I/home/aa/hal_ws/f446_mainboard_template_hal/.microros_build/firmware/mcu_ws/ros2/rmw/rmw/include -isystem /home/aa/hal_ws/f446_mainboard_template_hal/.microros_build/firmware/mcu_ws/install/include/rcutils -isystem /home/aa/hal_ws/f446_mainboard_template_hal/.microros_build/firmware/mcu_ws/install/include/rosidl_runtime_c -isystem /home/aa/hal_ws/f446_mainboard_template_hal/.microros_build/firmware/mcu_ws/install/include/rosidl_typesupport_interface -mcpu=cortex-m4 -mthumb -mfpu=fpv4-sp-d16 -mfloat-abi=hard -ffunction-sections -fdata-sections -fno-common -std=gnu11 -DCLOCK_MONOTONIC=0 -O3 -DNDEBUG -std=gnu99 -fvisibility=hidden -Wall -Wextra -Wpedantic -MD -MT CMakeFiles/rmw.dir/src/publisher_options.c.obj -MF CMakeFiles/rmw.dir/src/publisher_options.c.obj.d -o CMakeFiles/rmw.dir/src/publisher_options.c.obj -c /home/aa/hal_ws/f446_mainboard_template_hal/.microros_build/firmware/mcu_ws/ros2/rmw/rmw/src/publisher_options.c
[ 47%] Building C object CMakeFiles/rmw.dir/src/sanity_checks.c.obj
[ 56%] Building C object CMakeFiles/rmw.dir/src/security_options.c.obj
[ 56%] Building C object CMakeFiles/rmw.dir/src/subscription_content_filter_options.c.obj
/opt/st/stm32cubeclt_1.16.0/GNU-tools-for-STM32/bin/arm-none-eabi-gcc -DROS_PACKAGE_NAME=\"rmw\" -I/home/aa/hal_ws/f446_mainboard_template_hal/.microros_build/firmware/mcu_ws/ros2/rmw/rmw/include -isystem /home/aa/hal_ws/f446_mainboard_template_hal/.microros_build/firmware/mcu_ws/install/include/rcutils -isystem /home/aa/hal_ws/f446_mainboard_template_hal/.microros_build/firmware/mcu_ws/install/include/rosidl_runtime_c -isystem /home/aa/hal_ws/f446_mainboard_template_hal/.microros_build/firmware/mcu_ws/install/include/rosidl_typesupport_interface -mcpu=cortex-m4 -mthumb -mfpu=fpv4-sp-d16 -mfloat-abi=hard -ffunction-sections -fdata-sections -fno-common -std=gnu11 -DCLOCK_MONOTONIC=0 -O3 -DNDEBUG -std=gnu99 -fvisibility=hidden -Wall -Wextra -Wpedantic -MD -MT CMakeFiles/rmw.dir/src/security_options.c.obj -MF CMakeFiles/rmw.dir/src/security_options.c.obj.d -o CMakeFiles/rmw.dir/src/security_options.c.obj -c /home/aa/hal_ws/f446_mainboard_template_hal/.microros_build/firmware/mcu_ws/ros2/rmw/rmw/src/security_options.c
[ 60%] Building C object CMakeFiles/rmw.dir/src/qos_string_conversions.c.obj
[ 65%] Building C object CMakeFiles/rmw.dir/src/subscription_options.c.obj
[ 69%] Building C object CMakeFiles/rmw.dir/src/time.c.obj
/opt/st/stm32cubeclt_1.16.0/GNU-tools-for-STM32/bin/arm-none-eabi-gcc -DROS_PACKAGE_NAME=\"rmw\" -I/home/aa/hal_ws/f446_mainboard_template_hal/.microros_build/firmware/mcu_ws/ros2/rmw/rmw/include -isystem /home/aa/hal_ws/f446_mainboard_template_hal/.microros_build/firmware/mcu_ws/install/include/rcutils -isystem /home/aa/hal_ws/f446_mainboard_template_hal/.microros_build/firmware/mcu_ws/install/include/rosidl_runtime_c -isystem /home/aa/hal_ws/f446_mainboard_template_hal/.microros_build/firmware/mcu_ws/install/include/rosidl_typesupport_interface -mcpu=cortex-m4 -mthumb -mfpu=fpv4-sp-d16 -mfloat-abi=hard -ffunction-sections -fdata-sections -fno-common -std=gnu11 -DCLOCK_MONOTONIC=0 -O3 -DNDEBUG -std=gnu99 -fvisibility=hidden -Wall -Wextra -Wpedantic -MD -MT CMakeFiles/rmw.dir/src/qos_string_conversions.c.obj -MF CMakeFiles/rmw.dir/src/qos_string_conversions.c.obj.d -o CMakeFiles/rmw.dir/src/qos_string_conversions.c.obj -c /home/aa/hal_ws/f446_mainboard_template_hal/.microros_build/firmware/mcu_ws/ros2/rmw/rmw/src/qos_string_conversions.c
/opt/st/stm32cubeclt_1.16.0/GNU-tools-for-STM32/bin/arm-none-eabi-gcc -DROS_PACKAGE_NAME=\"rmw\" -I/home/aa/hal_ws/f446_mainboard_template_hal/.microros_build/firmware/mcu_ws/ros2/rmw/rmw/include -isystem /home/aa/hal_ws/f446_mainboard_template_hal/.microros_build/firmware/mcu_ws/install/include/rcutils -isystem /home/aa/hal_ws/f446_mainboard_template_hal/.microros_build/firmware/mcu_ws/install/include/rosidl_runtime_c -isystem /home/aa/hal_ws/f446_mainboard_template_hal/.microros_build/firmware/mcu_ws/install/include/rosidl_typesupport_interface -mcpu=cortex-m4 -mthumb -mfpu=fpv4-sp-d16 -mfloat-abi=hard -ffunction-sections -fdata-sections -fno-common -std=gnu11 -DCLOCK_MONOTONIC=0 -O3 -DNDEBUG -std=gnu99 -fvisibility=hidden -Wall -Wextra -Wpedantic -MD -MT CMakeFiles/rmw.dir/src/sanity_checks.c.obj -MF CMakeFiles/rmw.dir/src/sanity_checks.c.obj.d -o CMakeFiles/rmw.dir/src/sanity_checks.c.obj -c /home/aa/hal_ws/f446_mainboard_template_hal/.microros_build/firmware/mcu_ws/ros2/rmw/rmw/src/sanity_checks.c
/opt/st/stm32cubeclt_1.16.0/GNU-tools-for-STM32/bin/arm-none-eabi-gcc -DROS_PACKAGE_NAME=\"rmw\" -I/home/aa/hal_ws/f446_mainboard_template_hal/.microros_build/firmware/mcu_ws/ros2/rmw/rmw/include -isystem /home/aa/hal_ws/f446_mainboard_template_hal/.microros_build/firmware/mcu_ws/install/include/rcutils -isystem /home/aa/hal_ws/f446_mainboard_template_hal/.microros_build/firmware/mcu_ws/install/include/rosidl_runtime_c -isystem /home/aa/hal_ws/f446_mainboard_template_hal/.microros_build/firmware/mcu_ws/install/include/rosidl_typesupport_interface -mcpu=cortex-m4 -mthumb -mfpu=fpv4-sp-d16 -mfloat-abi=hard -ffunction-sections -fdata-sections -fno-common -std=gnu11 -DCLOCK_MONOTONIC=0 -O3 -DNDEBUG -std=gnu99 -fvisibility=hidden -Wall -Wextra -Wpedantic -MD -MT CMakeFiles/rmw.dir/src/subscription_content_filter_options.c.obj -MF CMakeFiles/rmw.dir/src/subscription_content_filter_options.c.obj.d -o CMakeFiles/rmw.dir/src/subscription_content_filter_options.c.obj -c /home/aa/hal_ws/f446_mainboard_template_hal/.microros_build/firmware/mcu_ws/ros2/rmw/rmw/src/subscription_content_filter_options.c
/opt/st/stm32cubeclt_1.16.0/GNU-tools-for-STM32/bin/arm-none-eabi-gcc -DROS_PACKAGE_NAME=\"rmw\" -I/home/aa/hal_ws/f446_mainboard_template_hal/.microros_build/firmware/mcu_ws/ros2/rmw/rmw/include -isystem /home/aa/hal_ws/f446_mainboard_template_hal/.microros_build/firmware/mcu_ws/install/include/rcutils -isystem /home/aa/hal_ws/f446_mainboard_template_hal/.microros_build/firmware/mcu_ws/install/include/rosidl_runtime_c -isystem /home/aa/hal_ws/f446_mainboard_template_hal/.microros_build/firmware/mcu_ws/install/include/rosidl_typesupport_interface -mcpu=cortex-m4 -mthumb -mfpu=fpv4-sp-d16 -mfloat-abi=hard -ffunction-sections -fdata-sections -fno-common -std=gnu11 -DCLOCK_MONOTONIC=0 -O3 -DNDEBUG -std=gnu99 -fvisibility=hidden -Wall -Wextra -Wpedantic -MD -MT CMakeFiles/rmw.dir/src/subscription_options.c.obj -MF CMakeFiles/rmw.dir/src/subscription_options.c.obj.d -o CMakeFiles/rmw.dir/src/subscription_options.c.obj -c /home/aa/hal_ws/f446_mainboard_template_hal/.microros_build/firmware/mcu_ws/ros2/rmw/rmw/src/subscription_options.c
/opt/st/stm32cubeclt_1.16.0/GNU-tools-for-STM32/bin/arm-none-eabi-gcc -DROS_PACKAGE_NAME=\"rmw\" -I/home/aa/hal_ws/f446_mainboard_template_hal/.microros_build/firmware/mcu_ws/ros2/rmw/rmw/include -isystem /home/aa/hal_ws/f446_mainboard_template_hal/.microros_build/firmware/mcu_ws/install/include/rcutils -isystem /home/aa/hal_ws/f446_mainboard_template_hal/.microros_build/firmware/mcu_ws/install/include/rosidl_runtime_c -isystem /home/aa/hal_ws/f446_mainboard_template_hal/.microros_build/firmware/mcu_ws/install/include/rosidl_typesupport_interface -mcpu=cortex-m4 -mthumb -mfpu=fpv4-sp-d16 -mfloat-abi=hard -ffunction-sections -fdata-sections -fno-common -std=gnu11 -DCLOCK_MONOTONIC=0 -O3 -DNDEBUG -std=gnu99 -fvisibility=hidden -Wall -Wextra -Wpedantic -MD -MT CMakeFiles/rmw.dir/src/time.c.obj -MF CMakeFiles/rmw.dir/src/time.c.obj.d -o CMakeFiles/rmw.dir/src/time.c.obj -c /home/aa/hal_ws/f446_mainboard_template_hal/.microros_build/firmware/mcu_ws/ros2/rmw/rmw/src/time.c
[ 73%] Building C object CMakeFiles/rmw.dir/src/topic_endpoint_info_array.c.obj
/opt/st/stm32cubeclt_1.16.0/GNU-tools-for-STM32/bin/arm-none-eabi-gcc -DROS_PACKAGE_NAME=\"rmw\" -I/home/aa/hal_ws/f446_mainboard_template_hal/.microros_build/firmware/mcu_ws/ros2/rmw/rmw/include -isystem /home/aa/hal_ws/f446_mainboard_template_hal/.microros_build/firmware/mcu_ws/install/include/rcutils -isystem /home/aa/hal_ws/f446_mainboard_template_hal/.microros_build/firmware/mcu_ws/install/include/rosidl_runtime_c -isystem /home/aa/hal_ws/f446_mainboard_template_hal/.microros_build/firmware/mcu_ws/install/include/rosidl_typesupport_interface -mcpu=cortex-m4 -mthumb -mfpu=fpv4-sp-d16 -mfloat-abi=hard -ffunction-sections -fdata-sections -fno-common -std=gnu11 -DCLOCK_MONOTONIC=0 -O3 -DNDEBUG -std=gnu99 -fvisibility=hidden -Wall -Wextra -Wpedantic -MD -MT CMakeFiles/rmw.dir/src/topic_endpoint_info_array.c.obj -MF CMakeFiles/rmw.dir/src/topic_endpoint_info_array.c.obj.d -o CMakeFiles/rmw.dir/src/topic_endpoint_info_array.c.obj -c /home/aa/hal_ws/f446_mainboard_template_hal/.microros_build/firmware/mcu_ws/ros2/rmw/rmw/src/topic_endpoint_info_array.c
[ 78%] Building C object CMakeFiles/rmw.dir/src/topic_endpoint_info.c.obj
/opt/st/stm32cubeclt_1.16.0/GNU-tools-for-STM32/bin/arm-none-eabi-gcc -DROS_PACKAGE_NAME=\"rmw\" -I/home/aa/hal_ws/f446_mainboard_template_hal/.microros_build/firmware/mcu_ws/ros2/rmw/rmw/include -isystem /home/aa/hal_ws/f446_mainboard_template_hal/.microros_build/firmware/mcu_ws/install/include/rcutils -isystem /home/aa/hal_ws/f446_mainboard_template_hal/.microros_build/firmware/mcu_ws/install/include/rosidl_runtime_c -isystem /home/aa/hal_ws/f446_mainboard_template_hal/.microros_build/firmware/mcu_ws/install/include/rosidl_typesupport_interface -mcpu=cortex-m4 -mthumb -mfpu=fpv4-sp-d16 -mfloat-abi=hard -ffunction-sections -fdata-sections -fno-common -std=gnu11 -DCLOCK_MONOTONIC=0 -O3 -DNDEBUG -std=gnu99 -fvisibility=hidden -Wall -Wextra -Wpedantic -MD -MT CMakeFiles/rmw.dir/src/topic_endpoint_info.c.obj -MF CMakeFiles/rmw.dir/src/topic_endpoint_info.c.obj.d -o CMakeFiles/rmw.dir/src/topic_endpoint_info.c.obj -c /home/aa/hal_ws/f446_mainboard_template_hal/.microros_build/firmware/mcu_ws/ros2/rmw/rmw/src/topic_endpoint_info.c
[ 82%] Building C object CMakeFiles/rmw.dir/src/types.c.obj
/opt/st/stm32cubeclt_1.16.0/GNU-tools-for-STM32/bin/arm-none-eabi-gcc -DROS_PACKAGE_NAME=\"rmw\" -I/home/aa/hal_ws/f446_mainboard_template_hal/.microros_build/firmware/mcu_ws/ros2/rmw/rmw/include -isystem /home/aa/hal_ws/f446_mainboard_template_hal/.microros_build/firmware/mcu_ws/install/include/rcutils -isystem /home/aa/hal_ws/f446_mainboard_template_hal/.microros_build/firmware/mcu_ws/install/include/rosidl_runtime_c -isystem /home/aa/hal_ws/f446_mainboard_template_hal/.microros_build/firmware/mcu_ws/install/include/rosidl_typesupport_interface -mcpu=cortex-m4 -mthumb -mfpu=fpv4-sp-d16 -mfloat-abi=hard -ffunction-sections -fdata-sections -fno-common -std=gnu11 -DCLOCK_MONOTONIC=0 -O3 -DNDEBUG -std=gnu99 -fvisibility=hidden -Wall -Wextra -Wpedantic -MD -MT CMakeFiles/rmw.dir/src/types.c.obj -MF CMakeFiles/rmw.dir/src/types.c.obj.d -o CMakeFiles/rmw.dir/src/types.c.obj -c /home/aa/hal_ws/f446_mainboard_template_hal/.microros_build/firmware/mcu_ws/ros2/rmw/rmw/src/types.c
[ 86%] Building C object CMakeFiles/rmw.dir/src/validate_full_topic_name.c.obj
/opt/st/stm32cubeclt_1.16.0/GNU-tools-for-STM32/bin/arm-none-eabi-gcc -DROS_PACKAGE_NAME=\"rmw\" -I/home/aa/hal_ws/f446_mainboard_template_hal/.microros_build/firmware/mcu_ws/ros2/rmw/rmw/include -isystem /home/aa/hal_ws/f446_mainboard_template_hal/.microros_build/firmware/mcu_ws/install/include/rcutils -isystem /home/aa/hal_ws/f446_mainboard_template_hal/.microros_build/firmware/mcu_ws/install/include/rosidl_runtime_c -isystem /home/aa/hal_ws/f446_mainboard_template_hal/.microros_build/firmware/mcu_ws/install/include/rosidl_typesupport_interface -mcpu=cortex-m4 -mthumb -mfpu=fpv4-sp-d16 -mfloat-abi=hard -ffunction-sections -fdata-sections -fno-common -std=gnu11 -DCLOCK_MONOTONIC=0 -O3 -DNDEBUG -std=gnu99 -fvisibility=hidden -Wall -Wextra -Wpedantic -MD -MT CMakeFiles/rmw.dir/src/validate_full_topic_name.c.obj -MF CMakeFiles/rmw.dir/src/validate_full_topic_name.c.obj.d -o CMakeFiles/rmw.dir/src/validate_full_topic_name.c.obj -c /home/aa/hal_ws/f446_mainboard_template_hal/.microros_build/firmware/mcu_ws/ros2/rmw/rmw/src/validate_full_topic_name.c
[ 91%] Building C object CMakeFiles/rmw.dir/src/validate_namespace.c.obj
/opt/st/stm32cubeclt_1.16.0/GNU-tools-for-STM32/bin/arm-none-eabi-gcc -DROS_PACKAGE_NAME=\"rmw\" -I/home/aa/hal_ws/f446_mainboard_template_hal/.microros_build/firmware/mcu_ws/ros2/rmw/rmw/include -isystem /home/aa/hal_ws/f446_mainboard_template_hal/.microros_build/firmware/mcu_ws/install/include/rcutils -isystem /home/aa/hal_ws/f446_mainboard_template_hal/.microros_build/firmware/mcu_ws/install/include/rosidl_runtime_c -isystem /home/aa/hal_ws/f446_mainboard_template_hal/.microros_build/firmware/mcu_ws/install/include/rosidl_typesupport_interface -mcpu=cortex-m4 -mthumb -mfpu=fpv4-sp-d16 -mfloat-abi=hard -ffunction-sections -fdata-sections -fno-common -std=gnu11 -DCLOCK_MONOTONIC=0 -O3 -DNDEBUG -std=gnu99 -fvisibility=hidden -Wall -Wextra -Wpedantic -MD -MT CMakeFiles/rmw.dir/src/validate_namespace.c.obj -MF CMakeFiles/rmw.dir/src/validate_namespace.c.obj.d -o CMakeFiles/rmw.dir/src/validate_namespace.c.obj -c /home/aa/hal_ws/f446_mainboard_template_hal/.microros_build/firmware/mcu_ws/ros2/rmw/rmw/src/validate_namespace.c
[ 95%] Building C object CMakeFiles/rmw.dir/src/validate_node_name.c.obj
/opt/st/stm32cubeclt_1.16.0/GNU-tools-for-STM32/bin/arm-none-eabi-gcc -DROS_PACKAGE_NAME=\"rmw\" -I/home/aa/hal_ws/f446_mainboard_template_hal/.microros_build/firmware/mcu_ws/ros2/rmw/rmw/include -isystem /home/aa/hal_ws/f446_mainboard_template_hal/.microros_build/firmware/mcu_ws/install/include/rcutils -isystem /home/aa/hal_ws/f446_mainboard_template_hal/.microros_build/firmware/mcu_ws/install/include/rosidl_runtime_c -isystem /home/aa/hal_ws/f446_mainboard_template_hal/.microros_build/firmware/mcu_ws/install/include/rosidl_typesupport_interface -mcpu=cortex-m4 -mthumb -mfpu=fpv4-sp-d16 -mfloat-abi=hard -ffunction-sections -fdata-sections -fno-common -std=gnu11 -DCLOCK_MONOTONIC=0 -O3 -DNDEBUG -std=gnu99 -fvisibility=hidden -Wall -Wextra -Wpedantic -MD -MT CMakeFiles/rmw.dir/src/validate_node_name.c.obj -MF CMakeFiles/rmw.dir/src/validate_node_name.c.obj.d -o CMakeFiles/rmw.dir/src/validate_node_name.c.obj -c /home/aa/hal_ws/f446_mainboard_template_hal/.microros_build/firmware/mcu_ws/ros2/rmw/rmw/src/validate_node_name.c
[100%] Linking C static library librmw.a
/opt/st/stm32cubeclt_1.16.0/CMake/bin/cmake -P CMakeFiles/rmw.dir/cmake_clean_target.cmake
/opt/st/stm32cubeclt_1.16.0/CMake/bin/cmake -E cmake_link_script CMakeFiles/rmw.dir/link.txt --verbose=1
/opt/st/stm32cubeclt_1.16.0/GNU-tools-for-STM32/bin/arm-none-eabi-ar qc librmw.a CMakeFiles/rmw.dir/src/allocators.c.obj CMakeFiles/rmw.dir/src/convert_rcutils_ret_to_rmw_ret.c.obj CMakeFiles/rmw.dir/src/event.c.obj CMakeFiles/rmw.dir/src/init.c.obj CMakeFiles/rmw.dir/src/init_options.c.obj CMakeFiles/rmw.dir/src/message_sequence.c.obj CMakeFiles/rmw.dir/src/names_and_types.c.obj CMakeFiles/rmw.dir/src/network_flow_endpoint_array.c.obj CMakeFiles/rmw.dir/src/network_flow_endpoint.c.obj CMakeFiles/rmw.dir/src/publisher_options.c.obj CMakeFiles/rmw.dir/src/qos_string_conversions.c.obj CMakeFiles/rmw.dir/src/sanity_checks.c.obj CMakeFiles/rmw.dir/src/security_options.c.obj CMakeFiles/rmw.dir/src/subscription_content_filter_options.c.obj CMakeFiles/rmw.dir/src/subscription_options.c.obj CMakeFiles/rmw.dir/src/time.c.obj CMakeFiles/rmw.dir/src/topic_endpoint_info_array.c.obj CMakeFiles/rmw.dir/src/topic_endpoint_info.c.obj CMakeFiles/rmw.dir/src/types.c.obj CMakeFiles/rmw.dir/src/validate_full_topic_name.c.obj CMakeFiles/rmw.dir/src/validate_namespace.c.obj CMakeFiles/rmw.dir/src/validate_node_name.c.obj
/opt/st/stm32cubeclt_1.16.0/GNU-tools-for-STM32/bin/arm-none-eabi-ranlib librmw.a
gmake[2]: ディレクトリ '/home/aa/hal_ws/f446_mainboard_template_hal/.microros_build/firmware/mcu_ws/build/rmw' から出ます
[100%] Built target rmw
gmake[1]: ディレクトリ '/home/aa/hal_ws/f446_mainboard_template_hal/.microros_build/firmware/mcu_ws/build/rmw' から出ます
/opt/st/stm32cubeclt_1.16.0/CMake/bin/cmake -E cmake_progress_start /home/aa/hal_ws/f446_mainboard_template_hal/.microros_build/firmware/mcu_ws/build/rmw/CMakeFiles 0

-- Install configuration: "Release"
-- Installing: /home/aa/hal_ws/f446_mainboard_template_hal/.microros_build/firmware/mcu_ws/install/share/rmw/environment/library_path.sh
-- Installing: /home/aa/hal_ws/f446_mainboard_template_hal/.microros_build/firmware/mcu_ws/install/share/rmw/environment/library_path.dsv
-- Installing: /home/aa/hal_ws/f446_mainboard_template_hal/.microros_build/firmware/mcu_ws/install/share/ament_index/resource_index/package_run_dependencies/rmw
-- Installing: /home/aa/hal_ws/f446_mainboard_template_hal/.microros_build/firmware/mcu_ws/install/share/ament_index/resource_index/parent_prefix_path/rmw
-- Installing: /home/aa/hal_ws/f446_mainboard_template_hal/.microros_build/firmware/mcu_ws/install/share/rmw/environment/ament_prefix_path.sh
-- Installing: /home/aa/hal_ws/f446_mainboard_template_hal/.microros_build/firmware/mcu_ws/install/share/rmw/environment/ament_prefix_path.dsv
-- Installing: /home/aa/hal_ws/f446_mainboard_template_hal/.microros_build/firmware/mcu_ws/install/share/rmw/environment/path.sh
-- Installing: /home/aa/hal_ws/f446_mainboard_template_hal/.microros_build/firmware/mcu_ws/install/share/rmw/environment/path.dsv
-- Installing: /home/aa/hal_ws/f446_mainboard_template_hal/.microros_build/firmware/mcu_ws/install/share/rmw/local_setup.bash
-- Installing: /home/aa/hal_ws/f446_mainboard_template_hal/.microros_build/firmware/mcu_ws/install/share/rmw/local_setup.sh
-- Installing: /home/aa/hal_ws/f446_mainboard_template_hal/.microros_build/firmware/mcu_ws/install/share/rmw/local_setup.zsh
-- Installing: /home/aa/hal_ws/f446_mainboard_template_hal/.microros_build/firmware/mcu_ws/install/share/rmw/local_setup.dsv
-- Installing: /home/aa/hal_ws/f446_mainboard_template_hal/.microros_build/firmware/mcu_ws/install/share/rmw/package.dsv
-- Installing: /home/aa/hal_ws/f446_mainboard_template_hal/.microros_build/firmware/mcu_ws/install/share/ament_index/resource_index/packages/rmw
-- Installing: /home/aa/hal_ws/f446_mainboard_template_hal/.microros_build/firmware/mcu_ws/install/share/rmw/cmake/rmwExport.cmake
-- Installing: /home/aa/hal_ws/f446_mainboard_template_hal/.microros_build/firmware/mcu_ws/install/share/rmw/cmake/rmwExport-release.cmake
-- Installing: /home/aa/hal_ws/f446_mainboard_template_hal/.microros_build/firmware/mcu_ws/install/share/rmw/cmake/rmw-extras.cmake
-- Installing: /home/aa/hal_ws/f446_mainboard_template_hal/.microros_build/firmware/mcu_ws/install/share/rmw/cmake/ament_cmake_export_dependencies-extras.cmake
-- Installing: /home/aa/hal_ws/f446_mainboard_template_hal/.microros_build/firmware/mcu_ws/install/share/rmw/cmake/ament_cmake_export_include_directories-extras.cmake
-- Installing: /home/aa/hal_ws/f446_mainboard_template_hal/.microros_build/firmware/mcu_ws/install/share/rmw/cmake/ament_cmake_export_libraries-extras.cmake
-- Installing: /home/aa/hal_ws/f446_mainboard_template_hal/.microros_build/firmware/mcu_ws/install/share/rmw/cmake/ament_cmake_export_targets-extras.cmake
-- Installing: /home/aa/hal_ws/f446_mainboard_template_hal/.microros_build/firmware/mcu_ws/install/share/rmw/cmake/rmwConfig.cmake
-- Installing: /home/aa/hal_ws/f446_mainboard_template_hal/.microros_build/firmware/mcu_ws/install/share/rmw/cmake/rmwConfig-version.cmake
-- Installing: /home/aa/hal_ws/f446_mainboard_template_hal/.microros_build/firmware/mcu_ws/install/share/rmw/package.xml
-- Up-to-date: /home/aa/hal_ws/f446_mainboard_template_hal/.microros_build/firmware/mcu_ws/install/share/rmw/cmake
-- Installing: /home/aa/hal_ws/f446_mainboard_template_hal/.microros_build/firmware/mcu_ws/install/share/rmw/cmake/get_rmw_typesupport.cmake
-- Installing: /home/aa/hal_ws/f446_mainboard_template_hal/.microros_build/firmware/mcu_ws/install/share/rmw/cmake/register_rmw_implementation.cmake
-- Installing: /home/aa/hal_ws/f446_mainboard_template_hal/.microros_build/firmware/mcu_ws/install/share/rmw/cmake/configure_rmw_library.cmake
-- Installing: /home/aa/hal_ws/f446_mainboard_template_hal/.microros_build/firmware/mcu_ws/install/include/rmw
-- Installing: /home/aa/hal_ws/f446_mainboard_template_hal/.microros_build/firmware/mcu_ws/install/include/rmw/rmw
-- Installing: /home/aa/hal_ws/f446_mainboard_template_hal/.microros_build/firmware/mcu_ws/install/include/rmw/rmw/ret_types.h
-- Installing: /home/aa/hal_ws/f446_mainboard_template_hal/.microros_build/firmware/mcu_ws/install/include/rmw/rmw/visibility_control.h
-- Installing: /home/aa/hal_ws/f446_mainboard_template_hal/.microros_build/firmware/mcu_ws/install/include/rmw/rmw/publisher_options.h
-- Installing: /home/aa/hal_ws/f446_mainboard_template_hal/.microros_build/firmware/mcu_ws/install/include/rmw/rmw/error_handling.h
-- Installing: /home/aa/hal_ws/f446_mainboard_template_hal/.microros_build/firmware/mcu_ws/install/include/rmw/rmw/topic_endpoint_info.h
-- Installing: /home/aa/hal_ws/f446_mainboard_template_hal/.microros_build/firmware/mcu_ws/install/include/rmw/rmw/events_statuses
-- Installing: /home/aa/hal_ws/f446_mainboard_template_hal/.microros_build/firmware/mcu_ws/install/include/rmw/rmw/events_statuses/liveliness_lost.h
-- Installing: /home/aa/hal_ws/f446_mainboard_template_hal/.microros_build/firmware/mcu_ws/install/include/rmw/rmw/events_statuses/events_statuses.h
-- Installing: /home/aa/hal_ws/f446_mainboard_template_hal/.microros_build/firmware/mcu_ws/install/include/rmw/rmw/events_statuses/liveliness_changed.h
-- Installing: /home/aa/hal_ws/f446_mainboard_template_hal/.microros_build/firmware/mcu_ws/install/include/rmw/rmw/events_statuses/requested_deadline_missed.h
-- Installing: /home/aa/hal_ws/f446_mainboard_template_hal/.microros_build/firmware/mcu_ws/install/include/rmw/rmw/events_statuses/offered_deadline_missed.h
-- Installing: /home/aa/hal_ws/f446_mainboard_template_hal/.microros_build/firmware/mcu_ws/install/include/rmw/rmw/events_statuses/message_lost.h
-- Installing: /home/aa/hal_ws/f446_mainboard_template_hal/.microros_build/firmware/mcu_ws/install/include/rmw/rmw/events_statuses/incompatible_qos.h
-- Installing: /home/aa/hal_ws/f446_mainboard_template_hal/.microros_build/firmware/mcu_ws/install/include/rmw/rmw/types.h
-- Installing: /home/aa/hal_ws/f446_mainboard_template_hal/.microros_build/firmware/mcu_ws/install/include/rmw/rmw/subscription_content_filter_options.h
-- Installing: /home/aa/hal_ws/f446_mainboard_template_hal/.microros_build/firmware/mcu_ws/install/include/rmw/rmw/time.h
-- Installing: /home/aa/hal_ws/f446_mainboard_template_hal/.microros_build/firmware/mcu_ws/install/include/rmw/rmw/get_network_flow_endpoints.h
-- Installing: /home/aa/hal_ws/f446_mainboard_template_hal/.microros_build/firmware/mcu_ws/install/include/rmw/rmw/network_flow_endpoint.h
-- Installing: /home/aa/hal_ws/f446_mainboard_template_hal/.microros_build/firmware/mcu_ws/install/include/rmw/rmw/validate_namespace.h
-- Installing: /home/aa/hal_ws/f446_mainboard_template_hal/.microros_build/firmware/mcu_ws/install/include/rmw/rmw/domain_id.h
-- Installing: /home/aa/hal_ws/f446_mainboard_template_hal/.microros_build/firmware/mcu_ws/install/include/rmw/rmw/qos_profiles.h
-- Installing: /home/aa/hal_ws/f446_mainboard_template_hal/.microros_build/firmware/mcu_ws/install/include/rmw/rmw/event.h
-- Installing: /home/aa/hal_ws/f446_mainboard_template_hal/.microros_build/firmware/mcu_ws/install/include/rmw/rmw/impl
-- Installing: /home/aa/hal_ws/f446_mainboard_template_hal/.microros_build/firmware/mcu_ws/install/include/rmw/rmw/impl/config.h
-- Installing: /home/aa/hal_ws/f446_mainboard_template_hal/.microros_build/firmware/mcu_ws/install/include/rmw/rmw/impl/cpp
-- Installing: /home/aa/hal_ws/f446_mainboard_template_hal/.microros_build/firmware/mcu_ws/install/include/rmw/rmw/impl/cpp/key_value.hpp
-- Installing: /home/aa/hal_ws/f446_mainboard_template_hal/.microros_build/firmware/mcu_ws/install/include/rmw/rmw/impl/cpp/macros.hpp
-- Installing: /home/aa/hal_ws/f446_mainboard_template_hal/.microros_build/firmware/mcu_ws/install/include/rmw/rmw/impl/cpp/demangle.hpp
-- Installing: /home/aa/hal_ws/f446_mainboard_template_hal/.microros_build/firmware/mcu_ws/install/include/rmw/rmw/localhost.h
-- Installing: /home/aa/hal_ws/f446_mainboard_template_hal/.microros_build/firmware/mcu_ws/install/include/rmw/rmw/message_sequence.h
-- Installing: /home/aa/hal_ws/f446_mainboard_template_hal/.microros_build/firmware/mcu_ws/install/include/rmw/rmw/macros.h
-- Installing: /home/aa/hal_ws/f446_mainboard_template_hal/.microros_build/firmware/mcu_ws/install/include/rmw/rmw/qos_policy_kind.h
-- Installing: /home/aa/hal_ws/f446_mainboard_template_hal/.microros_build/firmware/mcu_ws/install/include/rmw/rmw/network_flow_endpoint_array.h
-- Installing: /home/aa/hal_ws/f446_mainboard_template_hal/.microros_build/firmware/mcu_ws/install/include/rmw/rmw/features.h
-- Installing: /home/aa/hal_ws/f446_mainboard_template_hal/.microros_build/firmware/mcu_ws/install/include/rmw/rmw/get_topic_names_and_types.h
-- Installing: /home/aa/hal_ws/f446_mainboard_template_hal/.microros_build/firmware/mcu_ws/install/include/rmw/rmw/init.h
-- Installing: /home/aa/hal_ws/f446_mainboard_template_hal/.microros_build/firmware/mcu_ws/install/include/rmw/rmw/security_options.h
-- Installing: /home/aa/hal_ws/f446_mainboard_template_hal/.microros_build/firmware/mcu_ws/install/include/rmw/rmw/event_callback_type.h
-- Installing: /home/aa/hal_ws/f446_mainboard_template_hal/.microros_build/firmware/mcu_ws/install/include/rmw/rmw/validate_full_topic_name.h
-- Installing: /home/aa/hal_ws/f446_mainboard_template_hal/.microros_build/firmware/mcu_ws/install/include/rmw/rmw/allocators.h
-- Installing: /home/aa/hal_ws/f446_mainboard_template_hal/.microros_build/firmware/mcu_ws/install/include/rmw/rmw/get_topic_endpoint_info.h
-- Installing: /home/aa/hal_ws/f446_mainboard_template_hal/.microros_build/firmware/mcu_ws/install/include/rmw/rmw/convert_rcutils_ret_to_rmw_ret.h
-- Installing: /home/aa/hal_ws/f446_mainboard_template_hal/.microros_build/firmware/mcu_ws/install/include/rmw/rmw/rmw.h
-- Installing: /home/aa/hal_ws/f446_mainboard_template_hal/.microros_build/firmware/mcu_ws/install/include/rmw/rmw/get_node_info_and_types.h
-- Installing: /home/aa/hal_ws/f446_mainboard_template_hal/.microros_build/firmware/mcu_ws/install/include/rmw/rmw/get_service_names_and_types.h
-- Installing: /home/aa/hal_ws/f446_mainboard_template_hal/.microros_build/firmware/mcu_ws/install/include/rmw/rmw/validate_node_name.h
-- Installing: /home/aa/hal_ws/f446_mainboard_template_hal/.microros_build/firmware/mcu_ws/install/include/rmw/rmw/names_and_types.h
-- Installing: /home/aa/hal_ws/f446_mainboard_template_hal/.microros_build/firmware/mcu_ws/install/include/rmw/rmw/incompatible_qos_events_statuses.h
-- Installing: /home/aa/hal_ws/f446_mainboard_template_hal/.microros_build/firmware/mcu_ws/install/include/rmw/rmw/init_options.h
-- Installing: /home/aa/hal_ws/f446_mainboard_template_hal/.microros_build/firmware/mcu_ws/install/include/rmw/rmw/subscription_options.h
-- Installing: /home/aa/hal_ws/f446_mainboard_template_hal/.microros_build/firmware/mcu_ws/install/include/rmw/rmw/qos_string_conversions.h
-- Installing: /home/aa/hal_ws/f446_mainboard_template_hal/.microros_build/firmware/mcu_ws/install/include/rmw/rmw/topic_endpoint_info_array.h
-- Installing: /home/aa/hal_ws/f446_mainboard_template_hal/.microros_build/firmware/mcu_ws/install/include/rmw/rmw/sanity_checks.h
-- Installing: /home/aa/hal_ws/f446_mainboard_template_hal/.microros_build/firmware/mcu_ws/install/include/rmw/rmw/serialized_message.h
-- Installing: /home/aa/hal_ws/f446_mainboard_template_hal/.microros_build/firmware/mcu_ws/install/lib/librmw.a
