[1.830s] Invoking command in '/home/aa/hal_ws/f446_mainboard_template_hal/.microros_build/firmware/mcu_ws/uros/tracetools/tracetools_read': PYTHONPATH=/home/aa/hal_ws/f446_mainboard_template_hal/.microros_build/firmware/mcu_ws/build/tracetools_read/prefix_override:/usr/lib/python3/dist-packages/colcon_core/task/python/colcon_distutils_commands:/home/aa/hal_ws/f446_mainboard_template_hal/.microros_build/firmware/mcu_ws/install/lib/python3.10/site-packages:${PYTHONPATH} /usr/bin/python3 -W ignore:setup.py install is deprecated -W ignore:easy_install command is deprecated setup.py egg_info --egg-base ../../../build/tracetools_read build --build-base /home/aa/hal_ws/f446_mainboard_template_hal/.microros_build/firmware/mcu_ws/build/tracetools_read/build install --record /home/aa/hal_ws/f446_mainboard_template_hal/.microros_build/firmware/mcu_ws/build/tracetools_read/install.log --single-version-externally-managed install_data
[2.154s] running egg_info
[2.156s] creating ../../../build/tracetools_read/tracetools_read.egg-info
[2.156s] writing ../../../build/tracetools_read/tracetools_read.egg-info/PKG-INFO
[2.157s] writing dependency_links to ../../../build/tracetools_read/tracetools_read.egg-info/dependency_links.txt
[2.157s] writing requirements to ../../../build/tracetools_read/tracetools_read.egg-info/requires.txt
[2.157s] writing top-level names to ../../../build/tracetools_read/tracetools_read.egg-info/top_level.txt
[2.157s] writing manifest file '../../../build/tracetools_read/tracetools_read.egg-info/SOURCES.txt'
[2.161s] reading manifest file '../../../build/tracetools_read/tracetools_read.egg-info/SOURCES.txt'
[2.162s] writing manifest file '../../../build/tracetools_read/tracetools_read.egg-info/SOURCES.txt'
[2.162s] running build
[2.162s] running build_py
[2.162s] creating /home/aa/hal_ws/f446_mainboard_template_hal/.microros_build/firmware/mcu_ws/build/tracetools_read/build
[2.162s] creating /home/aa/hal_ws/f446_mainboard_template_hal/.microros_build/firmware/mcu_ws/build/tracetools_read/build/lib
[2.162s] creating /home/aa/hal_ws/f446_mainboard_template_hal/.microros_build/firmware/mcu_ws/build/tracetools_read/build/lib/tracetools_read
[2.163s] copying tracetools_read/__init__.py -> /home/aa/hal_ws/f446_mainboard_template_hal/.microros_build/firmware/mcu_ws/build/tracetools_read/build/lib/tracetools_read
[2.163s] copying tracetools_read/trace.py -> /home/aa/hal_ws/f446_mainboard_template_hal/.microros_build/firmware/mcu_ws/build/tracetools_read/build/lib/tracetools_read
[2.163s] running install
[2.163s] running install_lib
[2.165s] creating /home/aa/hal_ws/f446_mainboard_template_hal/.microros_build/firmware/mcu_ws/install/lib/python3.10/site-packages/tracetools_read
[2.165s] copying /home/aa/hal_ws/f446_mainboard_template_hal/.microros_build/firmware/mcu_ws/build/tracetools_read/build/lib/tracetools_read/__init__.py -> /home/aa/hal_ws/f446_mainboard_template_hal/.microros_build/firmware/mcu_ws/install/lib/python3.10/site-packages/tracetools_read
[2.165s] copying /home/aa/hal_ws/f446_mainboard_template_hal/.microros_build/firmware/mcu_ws/build/tracetools_read/build/lib/tracetools_read/trace.py -> /home/aa/hal_ws/f446_mainboard_template_hal/.microros_build/firmware/mcu_ws/install/lib/python3.10/site-packages/tracetools_read
[2.166s] byte-compiling /home/aa/hal_ws/f446_mainboard_template_hal/.microros_build/firmware/mcu_ws/install/lib/python3.10/site-packages/tracetools_read/__init__.py to __init__.cpython-310.pyc
[2.166s] byte-compiling /home/aa/hal_ws/f446_mainboard_template_hal/.microros_build/firmware/mcu_ws/install/lib/python3.10/site-packages/tracetools_read/trace.py to trace.cpython-310.pyc
[2.167s] running install_data
[2.167s] copying package.xml -> /home/aa/hal_ws/f446_mainboard_template_hal/.microros_build/firmware/mcu_ws/install/share/tracetools_read
[2.168s] copying resource/tracetools_read -> /home/aa/hal_ws/f446_mainboard_template_hal/.microros_build/firmware/mcu_ws/install/share/ament_index/resource_index/packages
[2.168s] running install_egg_info
[2.174s] Copying ../../../build/tracetools_read/tracetools_read.egg-info to /home/aa/hal_ws/f446_mainboard_template_hal/.microros_build/firmware/mcu_ws/install/lib/python3.10/site-packages/tracetools_read-4.1.1-py3.10.egg-info
[2.175s] running install_scripts
[2.209s] writing list of installed files to '/home/aa/hal_ws/f446_mainboard_template_hal/.microros_build/firmware/mcu_ws/build/tracetools_read/install.log'
[2.311s] Invoked command in '/home/aa/hal_ws/f446_mainboard_template_hal/.microros_build/firmware/mcu_ws/uros/tracetools/tracetools_read' returned '0': PYTHONPATH=/home/aa/hal_ws/f446_mainboard_template_hal/.microros_build/firmware/mcu_ws/build/tracetools_read/prefix_override:/usr/lib/python3/dist-packages/colcon_core/task/python/colcon_distutils_commands:/home/aa/hal_ws/f446_mainboard_template_hal/.microros_build/firmware/mcu_ws/install/lib/python3.10/site-packages:${PYTHONPATH} /usr/bin/python3 -W ignore:setup.py install is deprecated -W ignore:easy_install command is deprecated setup.py egg_info --egg-base ../../../build/tracetools_read build --build-base /home/aa/hal_ws/f446_mainboard_template_hal/.microros_build/firmware/mcu_ws/build/tracetools_read/build install --record /home/aa/hal_ws/f446_mainboard_template_hal/.microros_build/firmware/mcu_ws/build/tracetools_read/install.log --single-version-externally-managed install_data
