Not searching for unused variables given on the command line.
-- The C compiler identification is GNU 12.3.1
-- The CXX compiler identification is GNU 12.3.1
-- Detecting C compiler ABI info
-- Detecting C compiler ABI info - done
-- Check for working C compiler: /opt/st/stm32cubeclt_1.16.0/GNU-tools-for-STM32/bin/arm-none-eabi-gcc - skipped
-- Detecting C compile features
-- Detecting C compile features - done
-- Detecting CXX compiler ABI info
-- Detecting CXX compiler ABI info - done
-- Check for working CXX compiler: /opt/st/stm32cubeclt_1.16.0/GNU-tools-for-STM32/bin/arm-none-eabi-g++ - skipped
-- Detecting CXX compile features
-- Detecting CXX compile features - done
-- Found ament_cmake_ros: 0.10.0 (/home/aa/hal_ws/f446_mainboard_template_hal/.microros_build/firmware/dev_ws/install/ament_cmake_ros/share/ament_cmake_ros/cmake)
-- Found Python3: /usr/bin/python3 (found version "3.10.12") found components: Interpreter 
-- Found rcutils: 5.1.7 (/home/aa/hal_ws/f446_mainboard_template_hal/.microros_build/firmware/mcu_ws/install/share/rcutils/cmake)
-- Configuring done (0.9s)
-- Generating done (0.0s)
-- Build files have been written to: /home/aa/hal_ws/f446_mainboard_template_hal/.microros_build/firmware/mcu_ws/build/rcl_logging_interface
Change Dir: '/home/aa/hal_ws/f446_mainboard_template_hal/.microros_build/firmware/mcu_ws/build/rcl_logging_interface'

Run Build Command(s): /opt/st/stm32cubeclt_1.16.0/CMake/bin/cmake -E env VERBOSE=1 /usr/bin/gmake -f Makefile -j16 -l16
/opt/st/stm32cubeclt_1.16.0/CMake/bin/cmake -S/home/aa/hal_ws/f446_mainboard_template_hal/.microros_build/firmware/mcu_ws/ros2/rcl_logging/rcl_logging_interface -B/home/aa/hal_ws/f446_mainboard_template_hal/.microros_build/firmware/mcu_ws/build/rcl_logging_interface --check-build-system CMakeFiles/Makefile.cmake 0
/opt/st/stm32cubeclt_1.16.0/CMake/bin/cmake -E cmake_progress_start /home/aa/hal_ws/f446_mainboard_template_hal/.microros_build/firmware/mcu_ws/build/rcl_logging_interface/CMakeFiles /home/aa/hal_ws/f446_mainboard_template_hal/.microros_build/firmware/mcu_ws/build/rcl_logging_interface//CMakeFiles/progress.marks
/usr/bin/gmake  -f CMakeFiles/Makefile2 all
gmake[1]: ディレクトリ '/home/aa/hal_ws/f446_mainboard_template_hal/.microros_build/firmware/mcu_ws/build/rcl_logging_interface' に入ります
/usr/bin/gmake  -f CMakeFiles/rcl_logging_interface.dir/build.make CMakeFiles/rcl_logging_interface.dir/depend
gmake[2]: ディレクトリ '/home/aa/hal_ws/f446_mainboard_template_hal/.microros_build/firmware/mcu_ws/build/rcl_logging_interface' に入ります
cd /home/aa/hal_ws/f446_mainboard_template_hal/.microros_build/firmware/mcu_ws/build/rcl_logging_interface && /opt/st/stm32cubeclt_1.16.0/CMake/bin/cmake -E cmake_depends "Unix Makefiles" /home/aa/hal_ws/f446_mainboard_template_hal/.microros_build/firmware/mcu_ws/ros2/rcl_logging/rcl_logging_interface /home/aa/hal_ws/f446_mainboard_template_hal/.microros_build/firmware/mcu_ws/ros2/rcl_logging/rcl_logging_interface /home/aa/hal_ws/f446_mainboard_template_hal/.microros_build/firmware/mcu_ws/build/rcl_logging_interface /home/aa/hal_ws/f446_mainboard_template_hal/.microros_build/firmware/mcu_ws/build/rcl_logging_interface /home/aa/hal_ws/f446_mainboard_template_hal/.microros_build/firmware/mcu_ws/build/rcl_logging_interface/CMakeFiles/rcl_logging_interface.dir/DependInfo.cmake "--color="
gmake[2]: ディレクトリ '/home/aa/hal_ws/f446_mainboard_template_hal/.microros_build/firmware/mcu_ws/build/rcl_logging_interface' から出ます
/usr/bin/gmake  -f CMakeFiles/rcl_logging_interface.dir/build.make CMakeFiles/rcl_logging_interface.dir/build
gmake[2]: ディレクトリ '/home/aa/hal_ws/f446_mainboard_template_hal/.microros_build/firmware/mcu_ws/build/rcl_logging_interface' に入ります
[ 50%] Building C object CMakeFiles/rcl_logging_interface.dir/src/logging_dir.c.obj
/opt/st/stm32cubeclt_1.16.0/GNU-tools-for-STM32/bin/arm-none-eabi-gcc -DRCL_LOGGING_INTERFACE_BUILDING_DLL -DROS_PACKAGE_NAME=\"rcl_logging_interface\" -I/home/aa/hal_ws/f446_mainboard_template_hal/.microros_build/firmware/mcu_ws/ros2/rcl_logging/rcl_logging_interface/include -isystem /home/aa/hal_ws/f446_mainboard_template_hal/.microros_build/firmware/mcu_ws/install/include/rcutils -mcpu=cortex-m4 -mthumb -mfpu=fpv4-sp-d16 -mfloat-abi=hard -ffunction-sections -fdata-sections -fno-common -std=gnu11 -DCLOCK_MONOTONIC=0 -O3 -DNDEBUG -std=gnu11 -Wall -Wextra -Wpedantic -MD -MT CMakeFiles/rcl_logging_interface.dir/src/logging_dir.c.obj -MF CMakeFiles/rcl_logging_interface.dir/src/logging_dir.c.obj.d -o CMakeFiles/rcl_logging_interface.dir/src/logging_dir.c.obj -c /home/aa/hal_ws/f446_mainboard_template_hal/.microros_build/firmware/mcu_ws/ros2/rcl_logging/rcl_logging_interface/src/logging_dir.c
[100%] Linking C static library librcl_logging_interface.a
/opt/st/stm32cubeclt_1.16.0/CMake/bin/cmake -P CMakeFiles/rcl_logging_interface.dir/cmake_clean_target.cmake
/opt/st/stm32cubeclt_1.16.0/CMake/bin/cmake -E cmake_link_script CMakeFiles/rcl_logging_interface.dir/link.txt --verbose=1
/opt/st/stm32cubeclt_1.16.0/GNU-tools-for-STM32/bin/arm-none-eabi-ar qc librcl_logging_interface.a CMakeFiles/rcl_logging_interface.dir/src/logging_dir.c.obj
/opt/st/stm32cubeclt_1.16.0/GNU-tools-for-STM32/bin/arm-none-eabi-ranlib librcl_logging_interface.a
gmake[2]: ディレクトリ '/home/aa/hal_ws/f446_mainboard_template_hal/.microros_build/firmware/mcu_ws/build/rcl_logging_interface' から出ます
[100%] Built target rcl_logging_interface
gmake[1]: ディレクトリ '/home/aa/hal_ws/f446_mainboard_template_hal/.microros_build/firmware/mcu_ws/build/rcl_logging_interface' から出ます
/opt/st/stm32cubeclt_1.16.0/CMake/bin/cmake -E cmake_progress_start /home/aa/hal_ws/f446_mainboard_template_hal/.microros_build/firmware/mcu_ws/build/rcl_logging_interface/CMakeFiles 0

-- Install configuration: "Release"
-- Installing: /home/aa/hal_ws/f446_mainboard_template_hal/.microros_build/firmware/mcu_ws/install/include/rcl_logging_interface
-- Installing: /home/aa/hal_ws/f446_mainboard_template_hal/.microros_build/firmware/mcu_ws/install/include/rcl_logging_interface/rcl_logging_interface
-- Installing: /home/aa/hal_ws/f446_mainboard_template_hal/.microros_build/firmware/mcu_ws/install/include/rcl_logging_interface/rcl_logging_interface/visibility_control.h
-- Installing: /home/aa/hal_ws/f446_mainboard_template_hal/.microros_build/firmware/mcu_ws/install/include/rcl_logging_interface/rcl_logging_interface/rcl_logging_interface.h
-- Installing: /home/aa/hal_ws/f446_mainboard_template_hal/.microros_build/firmware/mcu_ws/install/lib/librcl_logging_interface.a
-- Installing: /home/aa/hal_ws/f446_mainboard_template_hal/.microros_build/firmware/mcu_ws/install/share/ament_index/resource_index/package_run_dependencies/rcl_logging_interface
-- Installing: /home/aa/hal_ws/f446_mainboard_template_hal/.microros_build/firmware/mcu_ws/install/share/ament_index/resource_index/parent_prefix_path/rcl_logging_interface
-- Installing: /home/aa/hal_ws/f446_mainboard_template_hal/.microros_build/firmware/mcu_ws/install/share/rcl_logging_interface/environment/ament_prefix_path.sh
-- Installing: /home/aa/hal_ws/f446_mainboard_template_hal/.microros_build/firmware/mcu_ws/install/share/rcl_logging_interface/environment/ament_prefix_path.dsv
-- Installing: /home/aa/hal_ws/f446_mainboard_template_hal/.microros_build/firmware/mcu_ws/install/share/rcl_logging_interface/environment/path.sh
-- Installing: /home/aa/hal_ws/f446_mainboard_template_hal/.microros_build/firmware/mcu_ws/install/share/rcl_logging_interface/environment/path.dsv
-- Installing: /home/aa/hal_ws/f446_mainboard_template_hal/.microros_build/firmware/mcu_ws/install/share/rcl_logging_interface/local_setup.bash
-- Installing: /home/aa/hal_ws/f446_mainboard_template_hal/.microros_build/firmware/mcu_ws/install/share/rcl_logging_interface/local_setup.sh
-- Installing: /home/aa/hal_ws/f446_mainboard_template_hal/.microros_build/firmware/mcu_ws/install/share/rcl_logging_interface/local_setup.zsh
-- Installing: /home/aa/hal_ws/f446_mainboard_template_hal/.microros_build/firmware/mcu_ws/install/share/rcl_logging_interface/local_setup.dsv
-- Installing: /home/aa/hal_ws/f446_mainboard_template_hal/.microros_build/firmware/mcu_ws/install/share/rcl_logging_interface/package.dsv
-- Installing: /home/aa/hal_ws/f446_mainboard_template_hal/.microros_build/firmware/mcu_ws/install/share/ament_index/resource_index/packages/rcl_logging_interface
-- Installing: /home/aa/hal_ws/f446_mainboard_template_hal/.microros_build/firmware/mcu_ws/install/share/rcl_logging_interface/cmake/rcl_logging_interfaceExport.cmake
-- Installing: /home/aa/hal_ws/f446_mainboard_template_hal/.microros_build/firmware/mcu_ws/install/share/rcl_logging_interface/cmake/rcl_logging_interfaceExport-release.cmake
-- Installing: /home/aa/hal_ws/f446_mainboard_template_hal/.microros_build/firmware/mcu_ws/install/share/rcl_logging_interface/cmake/ament_cmake_export_include_directories-extras.cmake
-- Installing: /home/aa/hal_ws/f446_mainboard_template_hal/.microros_build/firmware/mcu_ws/install/share/rcl_logging_interface/cmake/ament_cmake_export_targets-extras.cmake
-- Installing: /home/aa/hal_ws/f446_mainboard_template_hal/.microros_build/firmware/mcu_ws/install/share/rcl_logging_interface/cmake/ament_cmake_export_dependencies-extras.cmake
-- Installing: /home/aa/hal_ws/f446_mainboard_template_hal/.microros_build/firmware/mcu_ws/install/share/rcl_logging_interface/cmake/rcl_logging_interfaceConfig.cmake
-- Installing: /home/aa/hal_ws/f446_mainboard_template_hal/.microros_build/firmware/mcu_ws/install/share/rcl_logging_interface/cmake/rcl_logging_interfaceConfig-version.cmake
-- Installing: /home/aa/hal_ws/f446_mainboard_template_hal/.microros_build/firmware/mcu_ws/install/share/rcl_logging_interface/package.xml
