Not searching for unused variables given on the command line.
-- The C compiler identification is GNU 12.3.1
-- The CXX compiler identification is GNU 12.3.1
-- Detecting C compiler ABI info
-- Detecting C compiler ABI info - done
-- Check for working C compiler: /opt/st/stm32cubeclt_1.16.0/GNU-tools-for-STM32/bin/arm-none-eabi-gcc - skipped
-- Detecting C compile features
-- Detecting C compile features - done
-- Detecting CXX compiler ABI info
-- Detecting CXX compiler ABI info - done
-- Check for working CXX compiler: /opt/st/stm32cubeclt_1.16.0/GNU-tools-for-STM32/bin/arm-none-eabi-g++ - skipped
-- Detecting CXX compile features
-- Detecting CXX compile features - done
-- Found ament_cmake_ros: 0.10.0 (/home/aa/hal_ws/f446_mainboard_template_hal/.microros_build/firmware/dev_ws/install/ament_cmake_ros/share/ament_cmake_ros/cmake)
-- Found Python3: /usr/bin/python3 (found version "3.10.12") found components: Interpreter 
-- Configuring done (0.7s)
-- Generating done (0.0s)
-- Build files have been written to: /home/aa/hal_ws/f446_mainboard_template_hal/.microros_build/firmware/mcu_ws/build/tracetools
Change Dir: '/home/aa/hal_ws/f446_mainboard_template_hal/.microros_build/firmware/mcu_ws/build/tracetools'

Run Build Command(s): /opt/st/stm32cubeclt_1.16.0/CMake/bin/cmake -E env VERBOSE=1 /usr/bin/gmake -f Makefile -j16 -l16
/opt/st/stm32cubeclt_1.16.0/CMake/bin/cmake -S/home/aa/hal_ws/f446_mainboard_template_hal/.microros_build/firmware/mcu_ws/uros/tracetools/tracetools -B/home/aa/hal_ws/f446_mainboard_template_hal/.microros_build/firmware/mcu_ws/build/tracetools --check-build-system CMakeFiles/Makefile.cmake 0
/opt/st/stm32cubeclt_1.16.0/CMake/bin/cmake -E cmake_progress_start /home/aa/hal_ws/f446_mainboard_template_hal/.microros_build/firmware/mcu_ws/build/tracetools/CMakeFiles /home/aa/hal_ws/f446_mainboard_template_hal/.microros_build/firmware/mcu_ws/build/tracetools//CMakeFiles/progress.marks
/usr/bin/gmake  -f CMakeFiles/Makefile2 all
gmake[1]: ディレクトリ '/home/aa/hal_ws/f446_mainboard_template_hal/.microros_build/firmware/mcu_ws/build/tracetools' に入ります
gmake[1]: 'all' に対して行うべき事はありません.
gmake[1]: ディレクトリ '/home/aa/hal_ws/f446_mainboard_template_hal/.microros_build/firmware/mcu_ws/build/tracetools' から出ます
/opt/st/stm32cubeclt_1.16.0/CMake/bin/cmake -E cmake_progress_start /home/aa/hal_ws/f446_mainboard_template_hal/.microros_build/firmware/mcu_ws/build/tracetools/CMakeFiles 0

-- Install configuration: "Release"
-- Installing: /home/aa/hal_ws/f446_mainboard_template_hal/.microros_build/firmware/mcu_ws/install/include/tracetools
-- Installing: /home/aa/hal_ws/f446_mainboard_template_hal/.microros_build/firmware/mcu_ws/install/include/tracetools/tracetools
-- Installing: /home/aa/hal_ws/f446_mainboard_template_hal/.microros_build/firmware/mcu_ws/install/include/tracetools/tracetools/visibility_control.hpp
-- Installing: /home/aa/hal_ws/f446_mainboard_template_hal/.microros_build/firmware/mcu_ws/install/include/tracetools/tracetools/tracetools.h
-- Installing: /home/aa/hal_ws/f446_mainboard_template_hal/.microros_build/firmware/mcu_ws/install/include/tracetools/tracetools/utils.hpp
-- Installing: /home/aa/hal_ws/f446_mainboard_template_hal/.microros_build/firmware/mcu_ws/install/include/tracetools/tracetools/config.h
-- Installing: /home/aa/hal_ws/f446_mainboard_template_hal/.microros_build/firmware/mcu_ws/install/share/ament_index/resource_index/package_run_dependencies/tracetools
-- Installing: /home/aa/hal_ws/f446_mainboard_template_hal/.microros_build/firmware/mcu_ws/install/share/ament_index/resource_index/parent_prefix_path/tracetools
-- Installing: /home/aa/hal_ws/f446_mainboard_template_hal/.microros_build/firmware/mcu_ws/install/share/tracetools/environment/ament_prefix_path.sh
-- Installing: /home/aa/hal_ws/f446_mainboard_template_hal/.microros_build/firmware/mcu_ws/install/share/tracetools/environment/ament_prefix_path.dsv
-- Installing: /home/aa/hal_ws/f446_mainboard_template_hal/.microros_build/firmware/mcu_ws/install/share/tracetools/environment/path.sh
-- Installing: /home/aa/hal_ws/f446_mainboard_template_hal/.microros_build/firmware/mcu_ws/install/share/tracetools/environment/path.dsv
-- Installing: /home/aa/hal_ws/f446_mainboard_template_hal/.microros_build/firmware/mcu_ws/install/share/tracetools/local_setup.bash
-- Installing: /home/aa/hal_ws/f446_mainboard_template_hal/.microros_build/firmware/mcu_ws/install/share/tracetools/local_setup.sh
-- Installing: /home/aa/hal_ws/f446_mainboard_template_hal/.microros_build/firmware/mcu_ws/install/share/tracetools/local_setup.zsh
-- Installing: /home/aa/hal_ws/f446_mainboard_template_hal/.microros_build/firmware/mcu_ws/install/share/tracetools/local_setup.dsv
-- Installing: /home/aa/hal_ws/f446_mainboard_template_hal/.microros_build/firmware/mcu_ws/install/share/tracetools/package.dsv
-- Installing: /home/aa/hal_ws/f446_mainboard_template_hal/.microros_build/firmware/mcu_ws/install/share/ament_index/resource_index/packages/tracetools
-- Installing: /home/aa/hal_ws/f446_mainboard_template_hal/.microros_build/firmware/mcu_ws/install/share/tracetools/cmake/tracetools_exportExport.cmake
-- Installing: /home/aa/hal_ws/f446_mainboard_template_hal/.microros_build/firmware/mcu_ws/install/share/tracetools/cmake/ament_cmake_export_targets-extras.cmake
-- Installing: /home/aa/hal_ws/f446_mainboard_template_hal/.microros_build/firmware/mcu_ws/install/share/tracetools/cmake/ament_cmake_export_include_directories-extras.cmake
-- Installing: /home/aa/hal_ws/f446_mainboard_template_hal/.microros_build/firmware/mcu_ws/install/share/tracetools/cmake/tracetoolsConfig.cmake
-- Installing: /home/aa/hal_ws/f446_mainboard_template_hal/.microros_build/firmware/mcu_ws/install/share/tracetools/cmake/tracetoolsConfig-version.cmake
-- Installing: /home/aa/hal_ws/f446_mainboard_template_hal/.microros_build/firmware/mcu_ws/install/share/tracetools/package.xml
