[1.978s] Invoking command in '/home/aa/hal_ws/f446_mainboard_template_hal/.microros_build/firmware/mcu_ws/ros2/rosidl/rosidl_cli': PYTHONPATH=/home/aa/hal_ws/f446_mainboard_template_hal/.microros_build/firmware/mcu_ws/build/rosidl_cli/prefix_override:/usr/lib/python3/dist-packages/colcon_core/task/python/colcon_distutils_commands:/home/aa/hal_ws/f446_mainboard_template_hal/.microros_build/firmware/mcu_ws/install/lib/python3.10/site-packages:${PYTHONPATH} /usr/bin/python3 -W ignore:setup.py install is deprecated -W ignore:easy_install command is deprecated setup.py egg_info --egg-base ../../../build/rosidl_cli build --build-base /home/aa/hal_ws/f446_mainboard_template_hal/.microros_build/firmware/mcu_ws/build/rosidl_cli/build install --record /home/aa/hal_ws/f446_mainboard_template_hal/.microros_build/firmware/mcu_ws/build/rosidl_cli/install.log --single-version-externally-managed install_data
[2.283s] running egg_info
[2.284s] creating ../../../build/rosidl_cli/rosidl_cli.egg-info
[2.284s] writing ../../../build/rosidl_cli/rosidl_cli.egg-info/PKG-INFO
[2.285s] writing dependency_links to ../../../build/rosidl_cli/rosidl_cli.egg-info/dependency_links.txt
[2.285s] writing entry points to ../../../build/rosidl_cli/rosidl_cli.egg-info/entry_points.txt
[2.285s] writing requirements to ../../../build/rosidl_cli/rosidl_cli.egg-info/requires.txt
[2.285s] writing top-level names to ../../../build/rosidl_cli/rosidl_cli.egg-info/top_level.txt
[2.285s] writing manifest file '../../../build/rosidl_cli/rosidl_cli.egg-info/SOURCES.txt'
[2.288s] reading manifest file '../../../build/rosidl_cli/rosidl_cli.egg-info/SOURCES.txt'
[2.290s] writing manifest file '../../../build/rosidl_cli/rosidl_cli.egg-info/SOURCES.txt'
[2.290s] running build
[2.290s] running build_py
[2.290s] creating /home/aa/hal_ws/f446_mainboard_template_hal/.microros_build/firmware/mcu_ws/build/rosidl_cli/build
[2.291s] creating /home/aa/hal_ws/f446_mainboard_template_hal/.microros_build/firmware/mcu_ws/build/rosidl_cli/build/lib
[2.291s] creating /home/aa/hal_ws/f446_mainboard_template_hal/.microros_build/firmware/mcu_ws/build/rosidl_cli/build/lib/rosidl_cli
[2.291s] copying rosidl_cli/cli.py -> /home/aa/hal_ws/f446_mainboard_template_hal/.microros_build/firmware/mcu_ws/build/rosidl_cli/build/lib/rosidl_cli
[2.291s] copying rosidl_cli/entry_points.py -> /home/aa/hal_ws/f446_mainboard_template_hal/.microros_build/firmware/mcu_ws/build/rosidl_cli/build/lib/rosidl_cli
[2.291s] copying rosidl_cli/__init__.py -> /home/aa/hal_ws/f446_mainboard_template_hal/.microros_build/firmware/mcu_ws/build/rosidl_cli/build/lib/rosidl_cli
[2.291s] copying rosidl_cli/extensions.py -> /home/aa/hal_ws/f446_mainboard_template_hal/.microros_build/firmware/mcu_ws/build/rosidl_cli/build/lib/rosidl_cli
[2.291s] copying rosidl_cli/common.py -> /home/aa/hal_ws/f446_mainboard_template_hal/.microros_build/firmware/mcu_ws/build/rosidl_cli/build/lib/rosidl_cli
[2.292s] creating /home/aa/hal_ws/f446_mainboard_template_hal/.microros_build/firmware/mcu_ws/build/rosidl_cli/build/lib/rosidl_cli/command
[2.292s] copying rosidl_cli/command/__init__.py -> /home/aa/hal_ws/f446_mainboard_template_hal/.microros_build/firmware/mcu_ws/build/rosidl_cli/build/lib/rosidl_cli/command
[2.292s] copying rosidl_cli/command/helpers.py -> /home/aa/hal_ws/f446_mainboard_template_hal/.microros_build/firmware/mcu_ws/build/rosidl_cli/build/lib/rosidl_cli/command
[2.292s] creating /home/aa/hal_ws/f446_mainboard_template_hal/.microros_build/firmware/mcu_ws/build/rosidl_cli/build/lib/rosidl_cli/command/translate
[2.295s] copying rosidl_cli/command/translate/__init__.py -> /home/aa/hal_ws/f446_mainboard_template_hal/.microros_build/firmware/mcu_ws/build/rosidl_cli/build/lib/rosidl_cli/command/translate
[2.295s] copying rosidl_cli/command/translate/api.py -> /home/aa/hal_ws/f446_mainboard_template_hal/.microros_build/firmware/mcu_ws/build/rosidl_cli/build/lib/rosidl_cli/command/translate
[2.296s] copying rosidl_cli/command/translate/extensions.py -> /home/aa/hal_ws/f446_mainboard_template_hal/.microros_build/firmware/mcu_ws/build/rosidl_cli/build/lib/rosidl_cli/command/translate
[2.296s] creating /home/aa/hal_ws/f446_mainboard_template_hal/.microros_build/firmware/mcu_ws/build/rosidl_cli/build/lib/rosidl_cli/command/generate
[2.296s] copying rosidl_cli/command/generate/__init__.py -> /home/aa/hal_ws/f446_mainboard_template_hal/.microros_build/firmware/mcu_ws/build/rosidl_cli/build/lib/rosidl_cli/command/generate
[2.296s] copying rosidl_cli/command/generate/api.py -> /home/aa/hal_ws/f446_mainboard_template_hal/.microros_build/firmware/mcu_ws/build/rosidl_cli/build/lib/rosidl_cli/command/generate
[2.296s] copying rosidl_cli/command/generate/extensions.py -> /home/aa/hal_ws/f446_mainboard_template_hal/.microros_build/firmware/mcu_ws/build/rosidl_cli/build/lib/rosidl_cli/command/generate
[2.296s] running install
[2.296s] running install_lib
[2.296s] creating /home/aa/hal_ws/f446_mainboard_template_hal/.microros_build/firmware/mcu_ws/install/lib/python3.10/site-packages/rosidl_cli
[2.297s] copying /home/aa/hal_ws/f446_mainboard_template_hal/.microros_build/firmware/mcu_ws/build/rosidl_cli/build/lib/rosidl_cli/cli.py -> /home/aa/hal_ws/f446_mainboard_template_hal/.microros_build/firmware/mcu_ws/install/lib/python3.10/site-packages/rosidl_cli
[2.297s] copying /home/aa/hal_ws/f446_mainboard_template_hal/.microros_build/firmware/mcu_ws/build/rosidl_cli/build/lib/rosidl_cli/entry_points.py -> /home/aa/hal_ws/f446_mainboard_template_hal/.microros_build/firmware/mcu_ws/install/lib/python3.10/site-packages/rosidl_cli
[2.297s] copying /home/aa/hal_ws/f446_mainboard_template_hal/.microros_build/firmware/mcu_ws/build/rosidl_cli/build/lib/rosidl_cli/__init__.py -> /home/aa/hal_ws/f446_mainboard_template_hal/.microros_build/firmware/mcu_ws/install/lib/python3.10/site-packages/rosidl_cli
[2.297s] creating /home/aa/hal_ws/f446_mainboard_template_hal/.microros_build/firmware/mcu_ws/install/lib/python3.10/site-packages/rosidl_cli/command
[2.297s] creating /home/aa/hal_ws/f446_mainboard_template_hal/.microros_build/firmware/mcu_ws/install/lib/python3.10/site-packages/rosidl_cli/command/translate
[2.297s] copying /home/aa/hal_ws/f446_mainboard_template_hal/.microros_build/firmware/mcu_ws/build/rosidl_cli/build/lib/rosidl_cli/command/translate/__init__.py -> /home/aa/hal_ws/f446_mainboard_template_hal/.microros_build/firmware/mcu_ws/install/lib/python3.10/site-packages/rosidl_cli/command/translate
[2.297s] copying /home/aa/hal_ws/f446_mainboard_template_hal/.microros_build/firmware/mcu_ws/build/rosidl_cli/build/lib/rosidl_cli/command/translate/api.py -> /home/aa/hal_ws/f446_mainboard_template_hal/.microros_build/firmware/mcu_ws/install/lib/python3.10/site-packages/rosidl_cli/command/translate
[2.298s] copying /home/aa/hal_ws/f446_mainboard_template_hal/.microros_build/firmware/mcu_ws/build/rosidl_cli/build/lib/rosidl_cli/command/translate/extensions.py -> /home/aa/hal_ws/f446_mainboard_template_hal/.microros_build/firmware/mcu_ws/install/lib/python3.10/site-packages/rosidl_cli/command/translate
[2.298s] copying /home/aa/hal_ws/f446_mainboard_template_hal/.microros_build/firmware/mcu_ws/build/rosidl_cli/build/lib/rosidl_cli/command/__init__.py -> /home/aa/hal_ws/f446_mainboard_template_hal/.microros_build/firmware/mcu_ws/install/lib/python3.10/site-packages/rosidl_cli/command
[2.298s] creating /home/aa/hal_ws/f446_mainboard_template_hal/.microros_build/firmware/mcu_ws/install/lib/python3.10/site-packages/rosidl_cli/command/generate
[2.298s] copying /home/aa/hal_ws/f446_mainboard_template_hal/.microros_build/firmware/mcu_ws/build/rosidl_cli/build/lib/rosidl_cli/command/generate/__init__.py -> /home/aa/hal_ws/f446_mainboard_template_hal/.microros_build/firmware/mcu_ws/install/lib/python3.10/site-packages/rosidl_cli/command/generate
[2.298s] copying /home/aa/hal_ws/f446_mainboard_template_hal/.microros_build/firmware/mcu_ws/build/rosidl_cli/build/lib/rosidl_cli/command/generate/api.py -> /home/aa/hal_ws/f446_mainboard_template_hal/.microros_build/firmware/mcu_ws/install/lib/python3.10/site-packages/rosidl_cli/command/generate
[2.299s] copying /home/aa/hal_ws/f446_mainboard_template_hal/.microros_build/firmware/mcu_ws/build/rosidl_cli/build/lib/rosidl_cli/command/generate/extensions.py -> /home/aa/hal_ws/f446_mainboard_template_hal/.microros_build/firmware/mcu_ws/install/lib/python3.10/site-packages/rosidl_cli/command/generate
[2.299s] copying /home/aa/hal_ws/f446_mainboard_template_hal/.microros_build/firmware/mcu_ws/build/rosidl_cli/build/lib/rosidl_cli/command/helpers.py -> /home/aa/hal_ws/f446_mainboard_template_hal/.microros_build/firmware/mcu_ws/install/lib/python3.10/site-packages/rosidl_cli/command
[2.299s] copying /home/aa/hal_ws/f446_mainboard_template_hal/.microros_build/firmware/mcu_ws/build/rosidl_cli/build/lib/rosidl_cli/extensions.py -> /home/aa/hal_ws/f446_mainboard_template_hal/.microros_build/firmware/mcu_ws/install/lib/python3.10/site-packages/rosidl_cli
[2.299s] copying /home/aa/hal_ws/f446_mainboard_template_hal/.microros_build/firmware/mcu_ws/build/rosidl_cli/build/lib/rosidl_cli/common.py -> /home/aa/hal_ws/f446_mainboard_template_hal/.microros_build/firmware/mcu_ws/install/lib/python3.10/site-packages/rosidl_cli
[2.300s] byte-compiling /home/aa/hal_ws/f446_mainboard_template_hal/.microros_build/firmware/mcu_ws/install/lib/python3.10/site-packages/rosidl_cli/cli.py to cli.cpython-310.pyc
[2.301s] byte-compiling /home/aa/hal_ws/f446_mainboard_template_hal/.microros_build/firmware/mcu_ws/install/lib/python3.10/site-packages/rosidl_cli/entry_points.py to entry_points.cpython-310.pyc
[2.302s] byte-compiling /home/aa/hal_ws/f446_mainboard_template_hal/.microros_build/firmware/mcu_ws/install/lib/python3.10/site-packages/rosidl_cli/__init__.py to __init__.cpython-310.pyc
[2.302s] byte-compiling /home/aa/hal_ws/f446_mainboard_template_hal/.microros_build/firmware/mcu_ws/install/lib/python3.10/site-packages/rosidl_cli/command/translate/__init__.py to __init__.cpython-310.pyc
[2.302s] byte-compiling /home/aa/hal_ws/f446_mainboard_template_hal/.microros_build/firmware/mcu_ws/install/lib/python3.10/site-packages/rosidl_cli/command/translate/api.py to api.cpython-310.pyc
[2.303s] byte-compiling /home/aa/hal_ws/f446_mainboard_template_hal/.microros_build/firmware/mcu_ws/install/lib/python3.10/site-packages/rosidl_cli/command/translate/extensions.py to extensions.cpython-310.pyc
[2.303s] byte-compiling /home/aa/hal_ws/f446_mainboard_template_hal/.microros_build/firmware/mcu_ws/install/lib/python3.10/site-packages/rosidl_cli/command/__init__.py to __init__.cpython-310.pyc
[2.303s] byte-compiling /home/aa/hal_ws/f446_mainboard_template_hal/.microros_build/firmware/mcu_ws/install/lib/python3.10/site-packages/rosidl_cli/command/generate/__init__.py to __init__.cpython-310.pyc
[2.304s] byte-compiling /home/aa/hal_ws/f446_mainboard_template_hal/.microros_build/firmware/mcu_ws/install/lib/python3.10/site-packages/rosidl_cli/command/generate/api.py to api.cpython-310.pyc
[2.304s] byte-compiling /home/aa/hal_ws/f446_mainboard_template_hal/.microros_build/firmware/mcu_ws/install/lib/python3.10/site-packages/rosidl_cli/command/generate/extensions.py to extensions.cpython-310.pyc
[2.304s] byte-compiling /home/aa/hal_ws/f446_mainboard_template_hal/.microros_build/firmware/mcu_ws/install/lib/python3.10/site-packages/rosidl_cli/command/helpers.py to helpers.cpython-310.pyc
[2.305s] byte-compiling /home/aa/hal_ws/f446_mainboard_template_hal/.microros_build/firmware/mcu_ws/install/lib/python3.10/site-packages/rosidl_cli/extensions.py to extensions.cpython-310.pyc
[2.306s] byte-compiling /home/aa/hal_ws/f446_mainboard_template_hal/.microros_build/firmware/mcu_ws/install/lib/python3.10/site-packages/rosidl_cli/common.py to common.cpython-310.pyc
[2.306s] running install_data
[2.306s] copying resource/rosidl_cli -> /home/aa/hal_ws/f446_mainboard_template_hal/.microros_build/firmware/mcu_ws/install/share/ament_index/resource_index/packages
[2.307s] copying package.xml -> /home/aa/hal_ws/f446_mainboard_template_hal/.microros_build/firmware/mcu_ws/install/share/rosidl_cli
[2.307s] copying resource/package.dsv -> /home/aa/hal_ws/f446_mainboard_template_hal/.microros_build/firmware/mcu_ws/install/share/rosidl_cli
[2.307s] creating /home/aa/hal_ws/f446_mainboard_template_hal/.microros_build/firmware/mcu_ws/install/share/rosidl_cli/environment
[2.307s] copying completion/rosidl-argcomplete.bash -> /home/aa/hal_ws/f446_mainboard_template_hal/.microros_build/firmware/mcu_ws/install/share/rosidl_cli/environment
[2.307s] copying completion/rosidl-argcomplete.zsh -> /home/aa/hal_ws/f446_mainboard_template_hal/.microros_build/firmware/mcu_ws/install/share/rosidl_cli/environment
[2.308s] running install_egg_info
[2.315s] Copying ../../../build/rosidl_cli/rosidl_cli.egg-info to /home/aa/hal_ws/f446_mainboard_template_hal/.microros_build/firmware/mcu_ws/install/lib/python3.10/site-packages/rosidl_cli-3.1.8-py3.10.egg-info
[2.316s] running install_scripts
[2.356s] Installing rosidl script to /home/aa/hal_ws/f446_mainboard_template_hal/.microros_build/firmware/mcu_ws/install/bin
[2.357s] writing list of installed files to '/home/aa/hal_ws/f446_mainboard_template_hal/.microros_build/firmware/mcu_ws/build/rosidl_cli/install.log'
[2.734s] Invoked command in '/home/aa/hal_ws/f446_mainboard_template_hal/.microros_build/firmware/mcu_ws/ros2/rosidl/rosidl_cli' returned '0': PYTHONPATH=/home/aa/hal_ws/f446_mainboard_template_hal/.microros_build/firmware/mcu_ws/build/rosidl_cli/prefix_override:/usr/lib/python3/dist-packages/colcon_core/task/python/colcon_distutils_commands:/home/aa/hal_ws/f446_mainboard_template_hal/.microros_build/firmware/mcu_ws/install/lib/python3.10/site-packages:${PYTHONPATH} /usr/bin/python3 -W ignore:setup.py install is deprecated -W ignore:easy_install command is deprecated setup.py egg_info --egg-base ../../../build/rosidl_cli build --build-base /home/aa/hal_ws/f446_mainboard_template_hal/.microros_build/firmware/mcu_ws/build/rosidl_cli/build install --record /home/aa/hal_ws/f446_mainboard_template_hal/.microros_build/firmware/mcu_ws/build/rosidl_cli/install.log --single-version-externally-managed install_data
