Not searching for unused variables given on the command line.
-- Found ament_cmake: 1.3.12 (/home/aa/hal_ws/f446_mainboard_template_hal/.microros_build/firmware/dev_ws/install/ament_cmake/share/ament_cmake/cmake)
-- Found Python3: /usr/bin/python3 (found version "3.10.12") found components: Interpreter 
-- Configuring done (0.4s)
-- Generating done (0.0s)
-- Build files have been written to: /home/aa/hal_ws/f446_mainboard_template_hal/.microros_build/firmware/mcu_ws/build/common_interfaces
Change Dir: '/home/aa/hal_ws/f446_mainboard_template_hal/.microros_build/firmware/mcu_ws/build/common_interfaces'

Run Build Command(s): /opt/st/stm32cubeclt_1.16.0/CMake/bin/cmake -E env VERBOSE=1 /usr/bin/gmake -f Makefile -j16 -l16
/opt/st/stm32cubeclt_1.16.0/CMake/bin/cmake -S/home/aa/hal_ws/f446_mainboard_template_hal/.microros_build/firmware/mcu_ws/ros2/common_interfaces/common_interfaces -B/home/aa/hal_ws/f446_mainboard_template_hal/.microros_build/firmware/mcu_ws/build/common_interfaces --check-build-system CMakeFiles/Makefile.cmake 0
/opt/st/stm32cubeclt_1.16.0/CMake/bin/cmake -E cmake_progress_start /home/aa/hal_ws/f446_mainboard_template_hal/.microros_build/firmware/mcu_ws/build/common_interfaces/CMakeFiles /home/aa/hal_ws/f446_mainboard_template_hal/.microros_build/firmware/mcu_ws/build/common_interfaces//CMakeFiles/progress.marks
/usr/bin/gmake  -f CMakeFiles/Makefile2 all
gmake[1]: ディレクトリ '/home/aa/hal_ws/f446_mainboard_template_hal/.microros_build/firmware/mcu_ws/build/common_interfaces' に入ります
gmake[1]: 'all' に対して行うべき事はありません.
gmake[1]: ディレクトリ '/home/aa/hal_ws/f446_mainboard_template_hal/.microros_build/firmware/mcu_ws/build/common_interfaces' から出ます
/opt/st/stm32cubeclt_1.16.0/CMake/bin/cmake -E cmake_progress_start /home/aa/hal_ws/f446_mainboard_template_hal/.microros_build/firmware/mcu_ws/build/common_interfaces/CMakeFiles 0

-- Install configuration: "Release"
-- Installing: /home/aa/hal_ws/f446_mainboard_template_hal/.microros_build/firmware/mcu_ws/install/share/ament_index/resource_index/package_run_dependencies/common_interfaces
-- Installing: /home/aa/hal_ws/f446_mainboard_template_hal/.microros_build/firmware/mcu_ws/install/share/ament_index/resource_index/parent_prefix_path/common_interfaces
-- Installing: /home/aa/hal_ws/f446_mainboard_template_hal/.microros_build/firmware/mcu_ws/install/share/common_interfaces/environment/ament_prefix_path.sh
-- Installing: /home/aa/hal_ws/f446_mainboard_template_hal/.microros_build/firmware/mcu_ws/install/share/common_interfaces/environment/ament_prefix_path.dsv
-- Installing: /home/aa/hal_ws/f446_mainboard_template_hal/.microros_build/firmware/mcu_ws/install/share/common_interfaces/environment/path.sh
-- Installing: /home/aa/hal_ws/f446_mainboard_template_hal/.microros_build/firmware/mcu_ws/install/share/common_interfaces/environment/path.dsv
-- Installing: /home/aa/hal_ws/f446_mainboard_template_hal/.microros_build/firmware/mcu_ws/install/share/common_interfaces/local_setup.bash
-- Installing: /home/aa/hal_ws/f446_mainboard_template_hal/.microros_build/firmware/mcu_ws/install/share/common_interfaces/local_setup.sh
-- Installing: /home/aa/hal_ws/f446_mainboard_template_hal/.microros_build/firmware/mcu_ws/install/share/common_interfaces/local_setup.zsh
-- Installing: /home/aa/hal_ws/f446_mainboard_template_hal/.microros_build/firmware/mcu_ws/install/share/common_interfaces/local_setup.dsv
-- Installing: /home/aa/hal_ws/f446_mainboard_template_hal/.microros_build/firmware/mcu_ws/install/share/common_interfaces/package.dsv
-- Installing: /home/aa/hal_ws/f446_mainboard_template_hal/.microros_build/firmware/mcu_ws/install/share/ament_index/resource_index/packages/common_interfaces
-- Installing: /home/aa/hal_ws/f446_mainboard_template_hal/.microros_build/firmware/mcu_ws/install/share/common_interfaces/cmake/common_interfacesConfig.cmake
-- Installing: /home/aa/hal_ws/f446_mainboard_template_hal/.microros_build/firmware/mcu_ws/install/share/common_interfaces/cmake/common_interfacesConfig-version.cmake
-- Installing: /home/aa/hal_ws/f446_mainboard_template_hal/.microros_build/firmware/mcu_ws/install/share/common_interfaces/package.xml
