[1.513s] Invoking command in '/home/aa/hal_ws/f446_mainboard_template_hal/.microros_build/firmware/mcu_ws/uros/tracetools/tracetools_launch': AMENT_PREFIX_PATH=/home/aa/hal_ws/f446_mainboard_template_hal/.microros_build/firmware/mcu_ws/install:${AMENT_PREFIX_PATH} CMAKE_PREFIX_PATH=/home/aa/hal_ws/f446_mainboard_template_hal/.microros_build/firmware/mcu_ws/install:${CMAKE_PREFIX_PATH} PATH=/home/aa/hal_ws/f446_mainboard_template_hal/.microros_build/firmware/mcu_ws/install/bin:${PATH} PYTHONPATH=/home/aa/hal_ws/f446_mainboard_template_hal/.microros_build/firmware/mcu_ws/build/tracetools_launch/prefix_override:/usr/lib/python3/dist-packages/colcon_core/task/python/colcon_distutils_commands:/home/aa/hal_ws/f446_mainboard_template_hal/.microros_build/firmware/mcu_ws/install/lib/python3.10/site-packages:/home/aa/hal_ws/f446_mainboard_template_hal/.microros_build/firmware/mcu_ws/install/lib/python3.10/site-packages:${PYTHONPATH} /usr/bin/python3 -W ignore:setup.py install is deprecated -W ignore:easy_install command is deprecated setup.py egg_info --egg-base ../../../build/tracetools_launch build --build-base /home/aa/hal_ws/f446_mainboard_template_hal/.microros_build/firmware/mcu_ws/build/tracetools_launch/build install --record /home/aa/hal_ws/f446_mainboard_template_hal/.microros_build/firmware/mcu_ws/build/tracetools_launch/install.log --single-version-externally-managed install_data
[1.865s] running egg_info
[1.866s] creating ../../../build/tracetools_launch/tracetools_launch.egg-info
[1.866s] writing ../../../build/tracetools_launch/tracetools_launch.egg-info/PKG-INFO
[1.866s] writing dependency_links to ../../../build/tracetools_launch/tracetools_launch.egg-info/dependency_links.txt
[1.867s] writing entry points to ../../../build/tracetools_launch/tracetools_launch.egg-info/entry_points.txt
[1.867s] writing requirements to ../../../build/tracetools_launch/tracetools_launch.egg-info/requires.txt
[1.867s] writing top-level names to ../../../build/tracetools_launch/tracetools_launch.egg-info/top_level.txt
[1.867s] writing manifest file '../../../build/tracetools_launch/tracetools_launch.egg-info/SOURCES.txt'
[1.870s] reading manifest file '../../../build/tracetools_launch/tracetools_launch.egg-info/SOURCES.txt'
[1.871s] writing manifest file '../../../build/tracetools_launch/tracetools_launch.egg-info/SOURCES.txt'
[1.871s] running build
[1.871s] running build_py
[1.871s] creating /home/aa/hal_ws/f446_mainboard_template_hal/.microros_build/firmware/mcu_ws/build/tracetools_launch/build
[1.871s] creating /home/aa/hal_ws/f446_mainboard_template_hal/.microros_build/firmware/mcu_ws/build/tracetools_launch/build/lib
[1.871s] creating /home/aa/hal_ws/f446_mainboard_template_hal/.microros_build/firmware/mcu_ws/build/tracetools_launch/build/lib/tracetools_launch
[1.871s] copying tracetools_launch/__init__.py -> /home/aa/hal_ws/f446_mainboard_template_hal/.microros_build/firmware/mcu_ws/build/tracetools_launch/build/lib/tracetools_launch
[1.872s] copying tracetools_launch/action.py -> /home/aa/hal_ws/f446_mainboard_template_hal/.microros_build/firmware/mcu_ws/build/tracetools_launch/build/lib/tracetools_launch
[1.872s] creating /home/aa/hal_ws/f446_mainboard_template_hal/.microros_build/firmware/mcu_ws/build/tracetools_launch/build/lib/tracetools_launch/actions
[1.872s] copying tracetools_launch/actions/__init__.py -> /home/aa/hal_ws/f446_mainboard_template_hal/.microros_build/firmware/mcu_ws/build/tracetools_launch/build/lib/tracetools_launch/actions
[1.872s] copying tracetools_launch/actions/ld_preload.py -> /home/aa/hal_ws/f446_mainboard_template_hal/.microros_build/firmware/mcu_ws/build/tracetools_launch/build/lib/tracetools_launch/actions
[1.872s] running install
[1.873s] running install_lib
[1.874s] creating /home/aa/hal_ws/f446_mainboard_template_hal/.microros_build/firmware/mcu_ws/install/lib/python3.10/site-packages/tracetools_launch
[1.874s] copying /home/aa/hal_ws/f446_mainboard_template_hal/.microros_build/firmware/mcu_ws/build/tracetools_launch/build/lib/tracetools_launch/__init__.py -> /home/aa/hal_ws/f446_mainboard_template_hal/.microros_build/firmware/mcu_ws/install/lib/python3.10/site-packages/tracetools_launch
[1.874s] copying /home/aa/hal_ws/f446_mainboard_template_hal/.microros_build/firmware/mcu_ws/build/tracetools_launch/build/lib/tracetools_launch/action.py -> /home/aa/hal_ws/f446_mainboard_template_hal/.microros_build/firmware/mcu_ws/install/lib/python3.10/site-packages/tracetools_launch
[1.874s] creating /home/aa/hal_ws/f446_mainboard_template_hal/.microros_build/firmware/mcu_ws/install/lib/python3.10/site-packages/tracetools_launch/actions
[1.874s] copying /home/aa/hal_ws/f446_mainboard_template_hal/.microros_build/firmware/mcu_ws/build/tracetools_launch/build/lib/tracetools_launch/actions/__init__.py -> /home/aa/hal_ws/f446_mainboard_template_hal/.microros_build/firmware/mcu_ws/install/lib/python3.10/site-packages/tracetools_launch/actions
[1.874s] copying /home/aa/hal_ws/f446_mainboard_template_hal/.microros_build/firmware/mcu_ws/build/tracetools_launch/build/lib/tracetools_launch/actions/ld_preload.py -> /home/aa/hal_ws/f446_mainboard_template_hal/.microros_build/firmware/mcu_ws/install/lib/python3.10/site-packages/tracetools_launch/actions
[1.875s] byte-compiling /home/aa/hal_ws/f446_mainboard_template_hal/.microros_build/firmware/mcu_ws/install/lib/python3.10/site-packages/tracetools_launch/__init__.py to __init__.cpython-310.pyc
[1.876s] byte-compiling /home/aa/hal_ws/f446_mainboard_template_hal/.microros_build/firmware/mcu_ws/install/lib/python3.10/site-packages/tracetools_launch/action.py to action.cpython-310.pyc
[1.880s] byte-compiling /home/aa/hal_ws/f446_mainboard_template_hal/.microros_build/firmware/mcu_ws/install/lib/python3.10/site-packages/tracetools_launch/actions/__init__.py to __init__.cpython-310.pyc
[1.881s] byte-compiling /home/aa/hal_ws/f446_mainboard_template_hal/.microros_build/firmware/mcu_ws/install/lib/python3.10/site-packages/tracetools_launch/actions/ld_preload.py to ld_preload.cpython-310.pyc
[1.881s] running install_data
[1.881s] copying package.xml -> /home/aa/hal_ws/f446_mainboard_template_hal/.microros_build/firmware/mcu_ws/install/share/tracetools_launch
[1.882s] creating /home/aa/hal_ws/f446_mainboard_template_hal/.microros_build/firmware/mcu_ws/install/share/tracetools_launch/launch
[1.882s] copying launch/example.launch.yaml -> /home/aa/hal_ws/f446_mainboard_template_hal/.microros_build/firmware/mcu_ws/install/share/tracetools_launch/launch
[1.882s] copying launch/example.launch.py -> /home/aa/hal_ws/f446_mainboard_template_hal/.microros_build/firmware/mcu_ws/install/share/tracetools_launch/launch
[1.882s] copying launch/example.launch.xml -> /home/aa/hal_ws/f446_mainboard_template_hal/.microros_build/firmware/mcu_ws/install/share/tracetools_launch/launch
[1.882s] copying resource/tracetools_launch -> /home/aa/hal_ws/f446_mainboard_template_hal/.microros_build/firmware/mcu_ws/install/share/ament_index/resource_index/packages
[1.882s] running install_egg_info
[1.885s] Copying ../../../build/tracetools_launch/tracetools_launch.egg-info to /home/aa/hal_ws/f446_mainboard_template_hal/.microros_build/firmware/mcu_ws/install/lib/python3.10/site-packages/tracetools_launch-4.1.1-py3.10.egg-info
[1.885s] running install_scripts
[1.918s] writing list of installed files to '/home/aa/hal_ws/f446_mainboard_template_hal/.microros_build/firmware/mcu_ws/build/tracetools_launch/install.log'
[2.013s] Invoked command in '/home/aa/hal_ws/f446_mainboard_template_hal/.microros_build/firmware/mcu_ws/uros/tracetools/tracetools_launch' returned '0': AMENT_PREFIX_PATH=/home/aa/hal_ws/f446_mainboard_template_hal/.microros_build/firmware/mcu_ws/install:${AMENT_PREFIX_PATH} CMAKE_PREFIX_PATH=/home/aa/hal_ws/f446_mainboard_template_hal/.microros_build/firmware/mcu_ws/install:${CMAKE_PREFIX_PATH} PATH=/home/aa/hal_ws/f446_mainboard_template_hal/.microros_build/firmware/mcu_ws/install/bin:${PATH} PYTHONPATH=/home/aa/hal_ws/f446_mainboard_template_hal/.microros_build/firmware/mcu_ws/build/tracetools_launch/prefix_override:/usr/lib/python3/dist-packages/colcon_core/task/python/colcon_distutils_commands:/home/aa/hal_ws/f446_mainboard_template_hal/.microros_build/firmware/mcu_ws/install/lib/python3.10/site-packages:/home/aa/hal_ws/f446_mainboard_template_hal/.microros_build/firmware/mcu_ws/install/lib/python3.10/site-packages:${PYTHONPATH} /usr/bin/python3 -W ignore:setup.py install is deprecated -W ignore:easy_install command is deprecated setup.py egg_info --egg-base ../../../build/tracetools_launch build --build-base /home/aa/hal_ws/f446_mainboard_template_hal/.microros_build/firmware/mcu_ws/build/tracetools_launch/build install --record /home/aa/hal_ws/f446_mainboard_template_hal/.microros_build/firmware/mcu_ws/build/tracetools_launch/install.log --single-version-externally-managed install_data
