Not searching for unused variables given on the command line.
-- The C compiler identification is GNU 12.3.1
-- The CXX compiler identification is GNU 12.3.1
-- Detecting C compiler ABI info
-- Detecting C compiler ABI info - done
-- Check for working C compiler: /opt/st/stm32cubeclt_1.16.0/GNU-tools-for-STM32/bin/arm-none-eabi-gcc - skipped
-- Detecting C compile features
-- Detecting C compile features - done
-- Detecting CXX compiler ABI info
-- Detecting CXX compiler ABI info - done
-- Check for working CXX compiler: /opt/st/stm32cubeclt_1.16.0/GNU-tools-for-STM32/bin/arm-none-eabi-g++ - skipped
-- Detecting CXX compile features
-- Detecting CXX compile features - done
-- Found ament_cmake_python: 1.3.12 (/home/aa/hal_ws/f446_mainboard_template_hal/.microros_build/firmware/dev_ws/install/ament_cmake_python/share/ament_cmake_python/cmake)
-- Found ament_cmake_ros: 0.10.0 (/home/aa/hal_ws/f446_mainboard_template_hal/.microros_build/firmware/dev_ws/install/ament_cmake_ros/share/ament_cmake_ros/cmake)
-- Found Python3: /usr/bin/python3 (found version "3.10.12") found components: Interpreter 
-- Looking for __atomic_load_8 in atomic
-- Looking for __atomic_load_8 in atomic - found
-- Configuring done (1.3s)
-- Generating done (0.0s)
-- Build files have been written to: /home/aa/hal_ws/f446_mainboard_template_hal/.microros_build/firmware/mcu_ws/build/rcutils
Change Dir: '/home/aa/hal_ws/f446_mainboard_template_hal/.microros_build/firmware/mcu_ws/build/rcutils'

Run Build Command(s): /opt/st/stm32cubeclt_1.16.0/CMake/bin/cmake -E env VERBOSE=1 /usr/bin/gmake -f Makefile -j16 -l16
/opt/st/stm32cubeclt_1.16.0/CMake/bin/cmake -S/home/aa/hal_ws/f446_mainboard_template_hal/.microros_build/firmware/mcu_ws/uros/rcutils -B/home/aa/hal_ws/f446_mainboard_template_hal/.microros_build/firmware/mcu_ws/build/rcutils --check-build-system CMakeFiles/Makefile.cmake 0
/opt/st/stm32cubeclt_1.16.0/CMake/bin/cmake -E cmake_progress_start /home/aa/hal_ws/f446_mainboard_template_hal/.microros_build/firmware/mcu_ws/build/rcutils/CMakeFiles /home/aa/hal_ws/f446_mainboard_template_hal/.microros_build/firmware/mcu_ws/build/rcutils//CMakeFiles/progress.marks
/usr/bin/gmake  -f CMakeFiles/Makefile2 all
gmake[1]: ディレクトリ '/home/aa/hal_ws/f446_mainboard_template_hal/.microros_build/firmware/mcu_ws/build/rcutils' に入ります
/usr/bin/gmake  -f CMakeFiles/ament_cmake_python_copy_rcutils.dir/build.make CMakeFiles/ament_cmake_python_copy_rcutils.dir/depend
/usr/bin/gmake  -f CMakeFiles/rcutils.dir/build.make CMakeFiles/rcutils.dir/depend
gmake[2]: ディレクトリ '/home/aa/hal_ws/f446_mainboard_template_hal/.microros_build/firmware/mcu_ws/build/rcutils' に入ります
cd /home/aa/hal_ws/f446_mainboard_template_hal/.microros_build/firmware/mcu_ws/build/rcutils && /opt/st/stm32cubeclt_1.16.0/CMake/bin/cmake -E cmake_depends "Unix Makefiles" /home/aa/hal_ws/f446_mainboard_template_hal/.microros_build/firmware/mcu_ws/uros/rcutils /home/aa/hal_ws/f446_mainboard_template_hal/.microros_build/firmware/mcu_ws/uros/rcutils /home/aa/hal_ws/f446_mainboard_template_hal/.microros_build/firmware/mcu_ws/build/rcutils /home/aa/hal_ws/f446_mainboard_template_hal/.microros_build/firmware/mcu_ws/build/rcutils /home/aa/hal_ws/f446_mainboard_template_hal/.microros_build/firmware/mcu_ws/build/rcutils/CMakeFiles/ament_cmake_python_copy_rcutils.dir/DependInfo.cmake "--color="
gmake[2]: ディレクトリ '/home/aa/hal_ws/f446_mainboard_template_hal/.microros_build/firmware/mcu_ws/build/rcutils' に入ります
[  3%] Expanding logging_macros.h.em
/opt/st/stm32cubeclt_1.16.0/CMake/bin/cmake -E make_directory include/rcutils
gmake[2]: ディレクトリ '/home/aa/hal_ws/f446_mainboard_template_hal/.microros_build/firmware/mcu_ws/build/rcutils' から出ます
/usr/bin/gmake  -f CMakeFiles/ament_cmake_python_copy_rcutils.dir/build.make CMakeFiles/ament_cmake_python_copy_rcutils.dir/build
gmake[2]: ディレクトリ '/home/aa/hal_ws/f446_mainboard_template_hal/.microros_build/firmware/mcu_ws/build/rcutils' に入ります
/opt/st/stm32cubeclt_1.16.0/CMake/bin/cmake -E copy_directory /home/aa/hal_ws/f446_mainboard_template_hal/.microros_build/firmware/mcu_ws/uros/rcutils/rcutils /home/aa/hal_ws/f446_mainboard_template_hal/.microros_build/firmware/mcu_ws/build/rcutils/ament_cmake_python/rcutils/rcutils
/usr/bin/python3 -c "import em;em.invoke(   [     '-o', 'include/rcutils/logging_macros.h',     '-D', 'rcutils_module_path=\"/home/aa/hal_ws/f446_mainboard_template_hal/.microros_build/firmware/mcu_ws/uros/rcutils\"',     '/home/aa/hal_ws/f446_mainboard_template_hal/.microros_build/firmware/mcu_ws/uros/rcutils/resource/logging_macros.h.em'   ] )"
gmake[2]: ディレクトリ '/home/aa/hal_ws/f446_mainboard_template_hal/.microros_build/firmware/mcu_ws/build/rcutils' から出ます
[  3%] Built target ament_cmake_python_copy_rcutils
/usr/bin/gmake  -f CMakeFiles/ament_cmake_python_build_rcutils_egg.dir/build.make CMakeFiles/ament_cmake_python_build_rcutils_egg.dir/depend
gmake[2]: ディレクトリ '/home/aa/hal_ws/f446_mainboard_template_hal/.microros_build/firmware/mcu_ws/build/rcutils' に入ります
cd /home/aa/hal_ws/f446_mainboard_template_hal/.microros_build/firmware/mcu_ws/build/rcutils && /opt/st/stm32cubeclt_1.16.0/CMake/bin/cmake -E cmake_depends "Unix Makefiles" /home/aa/hal_ws/f446_mainboard_template_hal/.microros_build/firmware/mcu_ws/uros/rcutils /home/aa/hal_ws/f446_mainboard_template_hal/.microros_build/firmware/mcu_ws/uros/rcutils /home/aa/hal_ws/f446_mainboard_template_hal/.microros_build/firmware/mcu_ws/build/rcutils /home/aa/hal_ws/f446_mainboard_template_hal/.microros_build/firmware/mcu_ws/build/rcutils /home/aa/hal_ws/f446_mainboard_template_hal/.microros_build/firmware/mcu_ws/build/rcutils/CMakeFiles/ament_cmake_python_build_rcutils_egg.dir/DependInfo.cmake "--color="
gmake[2]: ディレクトリ '/home/aa/hal_ws/f446_mainboard_template_hal/.microros_build/firmware/mcu_ws/build/rcutils' から出ます
/usr/bin/gmake  -f CMakeFiles/ament_cmake_python_build_rcutils_egg.dir/build.make CMakeFiles/ament_cmake_python_build_rcutils_egg.dir/build
gmake[2]: ディレクトリ '/home/aa/hal_ws/f446_mainboard_template_hal/.microros_build/firmware/mcu_ws/build/rcutils' に入ります
cd /home/aa/hal_ws/f446_mainboard_template_hal/.microros_build/firmware/mcu_ws/build/rcutils/ament_cmake_python/rcutils && /usr/bin/python3 setup.py egg_info
cd /home/aa/hal_ws/f446_mainboard_template_hal/.microros_build/firmware/mcu_ws/build/rcutils && /opt/st/stm32cubeclt_1.16.0/CMake/bin/cmake -E cmake_depends "Unix Makefiles" /home/aa/hal_ws/f446_mainboard_template_hal/.microros_build/firmware/mcu_ws/uros/rcutils /home/aa/hal_ws/f446_mainboard_template_hal/.microros_build/firmware/mcu_ws/uros/rcutils /home/aa/hal_ws/f446_mainboard_template_hal/.microros_build/firmware/mcu_ws/build/rcutils /home/aa/hal_ws/f446_mainboard_template_hal/.microros_build/firmware/mcu_ws/build/rcutils /home/aa/hal_ws/f446_mainboard_template_hal/.microros_build/firmware/mcu_ws/build/rcutils/CMakeFiles/rcutils.dir/DependInfo.cmake "--color="
gmake[2]: ディレクトリ '/home/aa/hal_ws/f446_mainboard_template_hal/.microros_build/firmware/mcu_ws/build/rcutils' から出ます
/usr/bin/gmake  -f CMakeFiles/rcutils.dir/build.make CMakeFiles/rcutils.dir/build
gmake[2]: ディレクトリ '/home/aa/hal_ws/f446_mainboard_template_hal/.microros_build/firmware/mcu_ws/build/rcutils' に入ります
[ 10%] Building C object CMakeFiles/rcutils.dir/src/array_list.c.obj
[ 10%] Building C object CMakeFiles/rcutils.dir/src/allocator.c.obj
[ 13%] Building C object CMakeFiles/rcutils.dir/src/char_array.c.obj
[ 17%] Building C object CMakeFiles/rcutils.dir/src/cmdline_parser.c.obj
/opt/st/stm32cubeclt_1.16.0/GNU-tools-for-STM32/bin/arm-none-eabi-gcc -DRCUTILS_BUILDING_DLL -DROS_PACKAGE_NAME=\"rcutils\" -I/home/aa/hal_ws/f446_mainboard_template_hal/.microros_build/firmware/mcu_ws/uros/rcutils/include -I/home/aa/hal_ws/f446_mainboard_template_hal/.microros_build/firmware/mcu_ws/build/rcutils/include -mcpu=cortex-m4 -mthumb -mfpu=fpv4-sp-d16 -mfloat-abi=hard -ffunction-sections -fdata-sections -fno-common -std=gnu11 -DCLOCK_MONOTONIC=0 -O3 -DNDEBUG -std=gnu11 -Wall -Wextra -Wconversion -Wno-sign-conversion -Wpedantic -MD -MT CMakeFiles/rcutils.dir/src/array_list.c.obj -MF CMakeFiles/rcutils.dir/src/array_list.c.obj.d -o CMakeFiles/rcutils.dir/src/array_list.c.obj -c /home/aa/hal_ws/f446_mainboard_template_hal/.microros_build/firmware/mcu_ws/uros/rcutils/src/array_list.c
[ 20%] Building C object CMakeFiles/rcutils.dir/src/env.c.obj
[ 24%] Building C object CMakeFiles/rcutils.dir/src/error_handling.c.obj
/opt/st/stm32cubeclt_1.16.0/GNU-tools-for-STM32/bin/arm-none-eabi-gcc -DRCUTILS_BUILDING_DLL -DROS_PACKAGE_NAME=\"rcutils\" -I/home/aa/hal_ws/f446_mainboard_template_hal/.microros_build/firmware/mcu_ws/uros/rcutils/include -I/home/aa/hal_ws/f446_mainboard_template_hal/.microros_build/firmware/mcu_ws/build/rcutils/include -mcpu=cortex-m4 -mthumb -mfpu=fpv4-sp-d16 -mfloat-abi=hard -ffunction-sections -fdata-sections -fno-common -std=gnu11 -DCLOCK_MONOTONIC=0 -O3 -DNDEBUG -std=gnu11 -Wall -Wextra -Wconversion -Wno-sign-conversion -Wpedantic -MD -MT CMakeFiles/rcutils.dir/src/allocator.c.obj -MF CMakeFiles/rcutils.dir/src/allocator.c.obj.d -o CMakeFiles/rcutils.dir/src/allocator.c.obj -c /home/aa/hal_ws/f446_mainboard_template_hal/.microros_build/firmware/mcu_ws/uros/rcutils/src/allocator.c
[ 27%] Building C object CMakeFiles/rcutils.dir/src/filesystem.c.obj
[ 31%] Building C object CMakeFiles/rcutils.dir/src/find.c.obj
/opt/st/stm32cubeclt_1.16.0/GNU-tools-for-STM32/bin/arm-none-eabi-gcc -DRCUTILS_BUILDING_DLL -DROS_PACKAGE_NAME=\"rcutils\" -I/home/aa/hal_ws/f446_mainboard_template_hal/.microros_build/firmware/mcu_ws/uros/rcutils/include -I/home/aa/hal_ws/f446_mainboard_template_hal/.microros_build/firmware/mcu_ws/build/rcutils/include -mcpu=cortex-m4 -mthumb -mfpu=fpv4-sp-d16 -mfloat-abi=hard -ffunction-sections -fdata-sections -fno-common -std=gnu11 -DCLOCK_MONOTONIC=0 -O3 -DNDEBUG -std=gnu11 -Wall -Wextra -Wconversion -Wno-sign-conversion -Wpedantic -MD -MT CMakeFiles/rcutils.dir/src/char_array.c.obj -MF CMakeFiles/rcutils.dir/src/char_array.c.obj.d -o CMakeFiles/rcutils.dir/src/char_array.c.obj -c /home/aa/hal_ws/f446_mainboard_template_hal/.microros_build/firmware/mcu_ws/uros/rcutils/src/char_array.c
[ 34%] Building C object CMakeFiles/rcutils.dir/src/format_string.c.obj
/opt/st/stm32cubeclt_1.16.0/GNU-tools-for-STM32/bin/arm-none-eabi-gcc -DRCUTILS_BUILDING_DLL -DROS_PACKAGE_NAME=\"rcutils\" -I/home/aa/hal_ws/f446_mainboard_template_hal/.microros_build/firmware/mcu_ws/uros/rcutils/include -I/home/aa/hal_ws/f446_mainboard_template_hal/.microros_build/firmware/mcu_ws/build/rcutils/include -mcpu=cortex-m4 -mthumb -mfpu=fpv4-sp-d16 -mfloat-abi=hard -ffunction-sections -fdata-sections -fno-common -std=gnu11 -DCLOCK_MONOTONIC=0 -O3 -DNDEBUG -std=gnu11 -Wall -Wextra -Wconversion -Wno-sign-conversion -Wpedantic -MD -MT CMakeFiles/rcutils.dir/src/cmdline_parser.c.obj -MF CMakeFiles/rcutils.dir/src/cmdline_parser.c.obj.d -o CMakeFiles/rcutils.dir/src/cmdline_parser.c.obj -c /home/aa/hal_ws/f446_mainboard_template_hal/.microros_build/firmware/mcu_ws/uros/rcutils/src/cmdline_parser.c
/opt/st/stm32cubeclt_1.16.0/GNU-tools-for-STM32/bin/arm-none-eabi-gcc -DRCUTILS_BUILDING_DLL -DROS_PACKAGE_NAME=\"rcutils\" -I/home/aa/hal_ws/f446_mainboard_template_hal/.microros_build/firmware/mcu_ws/uros/rcutils/include -I/home/aa/hal_ws/f446_mainboard_template_hal/.microros_build/firmware/mcu_ws/build/rcutils/include -mcpu=cortex-m4 -mthumb -mfpu=fpv4-sp-d16 -mfloat-abi=hard -ffunction-sections -fdata-sections -fno-common -std=gnu11 -DCLOCK_MONOTONIC=0 -O3 -DNDEBUG -std=gnu11 -Wall -Wextra -Wconversion -Wno-sign-conversion -Wpedantic -MD -MT CMakeFiles/rcutils.dir/src/env.c.obj -MF CMakeFiles/rcutils.dir/src/env.c.obj.d -o CMakeFiles/rcutils.dir/src/env.c.obj -c /home/aa/hal_ws/f446_mainboard_template_hal/.microros_build/firmware/mcu_ws/uros/rcutils/src/env.c
/opt/st/stm32cubeclt_1.16.0/GNU-tools-for-STM32/bin/arm-none-eabi-gcc -DRCUTILS_BUILDING_DLL -DROS_PACKAGE_NAME=\"rcutils\" -I/home/aa/hal_ws/f446_mainboard_template_hal/.microros_build/firmware/mcu_ws/uros/rcutils/include -I/home/aa/hal_ws/f446_mainboard_template_hal/.microros_build/firmware/mcu_ws/build/rcutils/include -mcpu=cortex-m4 -mthumb -mfpu=fpv4-sp-d16 -mfloat-abi=hard -ffunction-sections -fdata-sections -fno-common -std=gnu11 -DCLOCK_MONOTONIC=0 -O3 -DNDEBUG -std=gnu11 -Wall -Wextra -Wconversion -Wno-sign-conversion -Wpedantic -MD -MT CMakeFiles/rcutils.dir/src/error_handling.c.obj -MF CMakeFiles/rcutils.dir/src/error_handling.c.obj.d -o CMakeFiles/rcutils.dir/src/error_handling.c.obj -c /home/aa/hal_ws/f446_mainboard_template_hal/.microros_build/firmware/mcu_ws/uros/rcutils/src/error_handling.c
/opt/st/stm32cubeclt_1.16.0/GNU-tools-for-STM32/bin/arm-none-eabi-gcc -DRCUTILS_BUILDING_DLL -DROS_PACKAGE_NAME=\"rcutils\" -I/home/aa/hal_ws/f446_mainboard_template_hal/.microros_build/firmware/mcu_ws/uros/rcutils/include -I/home/aa/hal_ws/f446_mainboard_template_hal/.microros_build/firmware/mcu_ws/build/rcutils/include -mcpu=cortex-m4 -mthumb -mfpu=fpv4-sp-d16 -mfloat-abi=hard -ffunction-sections -fdata-sections -fno-common -std=gnu11 -DCLOCK_MONOTONIC=0 -O3 -DNDEBUG -std=gnu11 -Wall -Wextra -Wconversion -Wno-sign-conversion -Wpedantic -MD -MT CMakeFiles/rcutils.dir/src/filesystem.c.obj -MF CMakeFiles/rcutils.dir/src/filesystem.c.obj.d -o CMakeFiles/rcutils.dir/src/filesystem.c.obj -c /home/aa/hal_ws/f446_mainboard_template_hal/.microros_build/firmware/mcu_ws/uros/rcutils/src/filesystem.c
/opt/st/stm32cubeclt_1.16.0/GNU-tools-for-STM32/bin/arm-none-eabi-gcc -DRCUTILS_BUILDING_DLL -DROS_PACKAGE_NAME=\"rcutils\" -I/home/aa/hal_ws/f446_mainboard_template_hal/.microros_build/firmware/mcu_ws/uros/rcutils/include -I/home/aa/hal_ws/f446_mainboard_template_hal/.microros_build/firmware/mcu_ws/build/rcutils/include -mcpu=cortex-m4 -mthumb -mfpu=fpv4-sp-d16 -mfloat-abi=hard -ffunction-sections -fdata-sections -fno-common -std=gnu11 -DCLOCK_MONOTONIC=0 -O3 -DNDEBUG -std=gnu11 -Wall -Wextra -Wconversion -Wno-sign-conversion -Wpedantic -MD -MT CMakeFiles/rcutils.dir/src/find.c.obj -MF CMakeFiles/rcutils.dir/src/find.c.obj.d -o CMakeFiles/rcutils.dir/src/find.c.obj -c /home/aa/hal_ws/f446_mainboard_template_hal/.microros_build/firmware/mcu_ws/uros/rcutils/src/find.c
/opt/st/stm32cubeclt_1.16.0/GNU-tools-for-STM32/bin/arm-none-eabi-gcc -DRCUTILS_BUILDING_DLL -DROS_PACKAGE_NAME=\"rcutils\" -I/home/aa/hal_ws/f446_mainboard_template_hal/.microros_build/firmware/mcu_ws/uros/rcutils/include -I/home/aa/hal_ws/f446_mainboard_template_hal/.microros_build/firmware/mcu_ws/build/rcutils/include -mcpu=cortex-m4 -mthumb -mfpu=fpv4-sp-d16 -mfloat-abi=hard -ffunction-sections -fdata-sections -fno-common -std=gnu11 -DCLOCK_MONOTONIC=0 -O3 -DNDEBUG -std=gnu11 -Wall -Wextra -Wconversion -Wno-sign-conversion -Wpedantic -MD -MT CMakeFiles/rcutils.dir/src/format_string.c.obj -MF CMakeFiles/rcutils.dir/src/format_string.c.obj.d -o CMakeFiles/rcutils.dir/src/format_string.c.obj -c /home/aa/hal_ws/f446_mainboard_template_hal/.microros_build/firmware/mcu_ws/uros/rcutils/src/format_string.c
[ 41%] Building C object CMakeFiles/rcutils.dir/src/logging.c.obj
[ 44%] Building C object CMakeFiles/rcutils.dir/src/process.c.obj
[ 37%] Building C object CMakeFiles/rcutils.dir/src/hash_map.c.obj
[ 48%] Building C object CMakeFiles/rcutils.dir/src/qsort.c.obj
/opt/st/stm32cubeclt_1.16.0/GNU-tools-for-STM32/bin/arm-none-eabi-gcc -DRCUTILS_BUILDING_DLL -DROS_PACKAGE_NAME=\"rcutils\" -I/home/aa/hal_ws/f446_mainboard_template_hal/.microros_build/firmware/mcu_ws/uros/rcutils/include -I/home/aa/hal_ws/f446_mainboard_template_hal/.microros_build/firmware/mcu_ws/build/rcutils/include -mcpu=cortex-m4 -mthumb -mfpu=fpv4-sp-d16 -mfloat-abi=hard -ffunction-sections -fdata-sections -fno-common -std=gnu11 -DCLOCK_MONOTONIC=0 -O3 -DNDEBUG -std=gnu11 -Wall -Wextra -Wconversion -Wno-sign-conversion -Wpedantic -MD -MT CMakeFiles/rcutils.dir/src/hash_map.c.obj -MF CMakeFiles/rcutils.dir/src/hash_map.c.obj.d -o CMakeFiles/rcutils.dir/src/hash_map.c.obj -c /home/aa/hal_ws/f446_mainboard_template_hal/.microros_build/firmware/mcu_ws/uros/rcutils/src/hash_map.c
/opt/st/stm32cubeclt_1.16.0/GNU-tools-for-STM32/bin/arm-none-eabi-gcc -DRCUTILS_BUILDING_DLL -DROS_PACKAGE_NAME=\"rcutils\" -I/home/aa/hal_ws/f446_mainboard_template_hal/.microros_build/firmware/mcu_ws/uros/rcutils/include -I/home/aa/hal_ws/f446_mainboard_template_hal/.microros_build/firmware/mcu_ws/build/rcutils/include -mcpu=cortex-m4 -mthumb -mfpu=fpv4-sp-d16 -mfloat-abi=hard -ffunction-sections -fdata-sections -fno-common -std=gnu11 -DCLOCK_MONOTONIC=0 -O3 -DNDEBUG -std=gnu11 -Wall -Wextra -Wconversion -Wno-sign-conversion -Wpedantic -MD -MT CMakeFiles/rcutils.dir/src/logging.c.obj -MF CMakeFiles/rcutils.dir/src/logging.c.obj.d -o CMakeFiles/rcutils.dir/src/logging.c.obj -c /home/aa/hal_ws/f446_mainboard_template_hal/.microros_build/firmware/mcu_ws/uros/rcutils/src/logging.c
[ 51%] Building C object CMakeFiles/rcutils.dir/src/repl_str.c.obj
/opt/st/stm32cubeclt_1.16.0/GNU-tools-for-STM32/bin/arm-none-eabi-gcc -DRCUTILS_BUILDING_DLL -DROS_PACKAGE_NAME=\"rcutils\" -I/home/aa/hal_ws/f446_mainboard_template_hal/.microros_build/firmware/mcu_ws/uros/rcutils/include -I/home/aa/hal_ws/f446_mainboard_template_hal/.microros_build/firmware/mcu_ws/build/rcutils/include -mcpu=cortex-m4 -mthumb -mfpu=fpv4-sp-d16 -mfloat-abi=hard -ffunction-sections -fdata-sections -fno-common -std=gnu11 -DCLOCK_MONOTONIC=0 -O3 -DNDEBUG -std=gnu11 -Wall -Wextra -Wconversion -Wno-sign-conversion -Wpedantic -MD -MT CMakeFiles/rcutils.dir/src/process.c.obj -MF CMakeFiles/rcutils.dir/src/process.c.obj.d -o CMakeFiles/rcutils.dir/src/process.c.obj -c /home/aa/hal_ws/f446_mainboard_template_hal/.microros_build/firmware/mcu_ws/uros/rcutils/src/process.c
[ 55%] Building C object CMakeFiles/rcutils.dir/src/shared_library.c.obj
/opt/st/stm32cubeclt_1.16.0/GNU-tools-for-STM32/bin/arm-none-eabi-gcc -DRCUTILS_BUILDING_DLL -DROS_PACKAGE_NAME=\"rcutils\" -I/home/aa/hal_ws/f446_mainboard_template_hal/.microros_build/firmware/mcu_ws/uros/rcutils/include -I/home/aa/hal_ws/f446_mainboard_template_hal/.microros_build/firmware/mcu_ws/build/rcutils/include -mcpu=cortex-m4 -mthumb -mfpu=fpv4-sp-d16 -mfloat-abi=hard -ffunction-sections -fdata-sections -fno-common -std=gnu11 -DCLOCK_MONOTONIC=0 -O3 -DNDEBUG -std=gnu11 -Wall -Wextra -Wconversion -Wno-sign-conversion -Wpedantic -MD -MT CMakeFiles/rcutils.dir/src/qsort.c.obj -MF CMakeFiles/rcutils.dir/src/qsort.c.obj.d -o CMakeFiles/rcutils.dir/src/qsort.c.obj -c /home/aa/hal_ws/f446_mainboard_template_hal/.microros_build/firmware/mcu_ws/uros/rcutils/src/qsort.c
/opt/st/stm32cubeclt_1.16.0/GNU-tools-for-STM32/bin/arm-none-eabi-gcc -DRCUTILS_BUILDING_DLL -DROS_PACKAGE_NAME=\"rcutils\" -I/home/aa/hal_ws/f446_mainboard_template_hal/.microros_build/firmware/mcu_ws/uros/rcutils/include -I/home/aa/hal_ws/f446_mainboard_template_hal/.microros_build/firmware/mcu_ws/build/rcutils/include -mcpu=cortex-m4 -mthumb -mfpu=fpv4-sp-d16 -mfloat-abi=hard -ffunction-sections -fdata-sections -fno-common -std=gnu11 -DCLOCK_MONOTONIC=0 -O3 -DNDEBUG -std=gnu11 -Wall -Wextra -Wconversion -Wno-sign-conversion -Wpedantic -MD -MT CMakeFiles/rcutils.dir/src/repl_str.c.obj -MF CMakeFiles/rcutils.dir/src/repl_str.c.obj.d -o CMakeFiles/rcutils.dir/src/repl_str.c.obj -c /home/aa/hal_ws/f446_mainboard_template_hal/.microros_build/firmware/mcu_ws/uros/rcutils/src/repl_str.c
/opt/st/stm32cubeclt_1.16.0/GNU-tools-for-STM32/bin/arm-none-eabi-gcc -DRCUTILS_BUILDING_DLL -DROS_PACKAGE_NAME=\"rcutils\" -I/home/aa/hal_ws/f446_mainboard_template_hal/.microros_build/firmware/mcu_ws/uros/rcutils/include -I/home/aa/hal_ws/f446_mainboard_template_hal/.microros_build/firmware/mcu_ws/build/rcutils/include -mcpu=cortex-m4 -mthumb -mfpu=fpv4-sp-d16 -mfloat-abi=hard -ffunction-sections -fdata-sections -fno-common -std=gnu11 -DCLOCK_MONOTONIC=0 -O3 -DNDEBUG -std=gnu11 -Wall -Wextra -Wconversion -Wno-sign-conversion -Wpedantic -MD -MT CMakeFiles/rcutils.dir/src/shared_library.c.obj -MF CMakeFiles/rcutils.dir/src/shared_library.c.obj.d -o CMakeFiles/rcutils.dir/src/shared_library.c.obj -c /home/aa/hal_ws/f446_mainboard_template_hal/.microros_build/firmware/mcu_ws/uros/rcutils/src/shared_library.c
[ 58%] Building C object CMakeFiles/rcutils.dir/src/snprintf.c.obj
/opt/st/stm32cubeclt_1.16.0/GNU-tools-for-STM32/bin/arm-none-eabi-gcc -DRCUTILS_BUILDING_DLL -DROS_PACKAGE_NAME=\"rcutils\" -I/home/aa/hal_ws/f446_mainboard_template_hal/.microros_build/firmware/mcu_ws/uros/rcutils/include -I/home/aa/hal_ws/f446_mainboard_template_hal/.microros_build/firmware/mcu_ws/build/rcutils/include -mcpu=cortex-m4 -mthumb -mfpu=fpv4-sp-d16 -mfloat-abi=hard -ffunction-sections -fdata-sections -fno-common -std=gnu11 -DCLOCK_MONOTONIC=0 -O3 -DNDEBUG -std=gnu11 -Wall -Wextra -Wconversion -Wno-sign-conversion -Wpedantic -MD -MT CMakeFiles/rcutils.dir/src/snprintf.c.obj -MF CMakeFiles/rcutils.dir/src/snprintf.c.obj.d -o CMakeFiles/rcutils.dir/src/snprintf.c.obj -c /home/aa/hal_ws/f446_mainboard_template_hal/.microros_build/firmware/mcu_ws/uros/rcutils/src/snprintf.c
[ 62%] Building C object CMakeFiles/rcutils.dir/src/split.c.obj
[ 65%] Building C object CMakeFiles/rcutils.dir/src/strcasecmp.c.obj
/opt/st/stm32cubeclt_1.16.0/GNU-tools-for-STM32/bin/arm-none-eabi-gcc -DRCUTILS_BUILDING_DLL -DROS_PACKAGE_NAME=\"rcutils\" -I/home/aa/hal_ws/f446_mainboard_template_hal/.microros_build/firmware/mcu_ws/uros/rcutils/include -I/home/aa/hal_ws/f446_mainboard_template_hal/.microros_build/firmware/mcu_ws/build/rcutils/include -mcpu=cortex-m4 -mthumb -mfpu=fpv4-sp-d16 -mfloat-abi=hard -ffunction-sections -fdata-sections -fno-common -std=gnu11 -DCLOCK_MONOTONIC=0 -O3 -DNDEBUG -std=gnu11 -Wall -Wextra -Wconversion -Wno-sign-conversion -Wpedantic -MD -MT CMakeFiles/rcutils.dir/src/split.c.obj -MF CMakeFiles/rcutils.dir/src/split.c.obj.d -o CMakeFiles/rcutils.dir/src/split.c.obj -c /home/aa/hal_ws/f446_mainboard_template_hal/.microros_build/firmware/mcu_ws/uros/rcutils/src/split.c
/opt/st/stm32cubeclt_1.16.0/GNU-tools-for-STM32/bin/arm-none-eabi-gcc -DRCUTILS_BUILDING_DLL -DROS_PACKAGE_NAME=\"rcutils\" -I/home/aa/hal_ws/f446_mainboard_template_hal/.microros_build/firmware/mcu_ws/uros/rcutils/include -I/home/aa/hal_ws/f446_mainboard_template_hal/.microros_build/firmware/mcu_ws/build/rcutils/include -mcpu=cortex-m4 -mthumb -mfpu=fpv4-sp-d16 -mfloat-abi=hard -ffunction-sections -fdata-sections -fno-common -std=gnu11 -DCLOCK_MONOTONIC=0 -O3 -DNDEBUG -std=gnu11 -Wall -Wextra -Wconversion -Wno-sign-conversion -Wpedantic -MD -MT CMakeFiles/rcutils.dir/src/strcasecmp.c.obj -MF CMakeFiles/rcutils.dir/src/strcasecmp.c.obj.d -o CMakeFiles/rcutils.dir/src/strcasecmp.c.obj -c /home/aa/hal_ws/f446_mainboard_template_hal/.microros_build/firmware/mcu_ws/uros/rcutils/src/strcasecmp.c
[ 68%] Building C object CMakeFiles/rcutils.dir/src/strdup.c.obj
[ 72%] Building C object CMakeFiles/rcutils.dir/src/strerror.c.obj
/opt/st/stm32cubeclt_1.16.0/GNU-tools-for-STM32/bin/arm-none-eabi-gcc -DRCUTILS_BUILDING_DLL -DROS_PACKAGE_NAME=\"rcutils\" -I/home/aa/hal_ws/f446_mainboard_template_hal/.microros_build/firmware/mcu_ws/uros/rcutils/include -I/home/aa/hal_ws/f446_mainboard_template_hal/.microros_build/firmware/mcu_ws/build/rcutils/include -mcpu=cortex-m4 -mthumb -mfpu=fpv4-sp-d16 -mfloat-abi=hard -ffunction-sections -fdata-sections -fno-common -std=gnu11 -DCLOCK_MONOTONIC=0 -O3 -DNDEBUG -std=gnu11 -Wall -Wextra -Wconversion -Wno-sign-conversion -Wpedantic -MD -MT CMakeFiles/rcutils.dir/src/strerror.c.obj -MF CMakeFiles/rcutils.dir/src/strerror.c.obj.d -o CMakeFiles/rcutils.dir/src/strerror.c.obj -c /home/aa/hal_ws/f446_mainboard_template_hal/.microros_build/firmware/mcu_ws/uros/rcutils/src/strerror.c
/opt/st/stm32cubeclt_1.16.0/GNU-tools-for-STM32/bin/arm-none-eabi-gcc -DRCUTILS_BUILDING_DLL -DROS_PACKAGE_NAME=\"rcutils\" -I/home/aa/hal_ws/f446_mainboard_template_hal/.microros_build/firmware/mcu_ws/uros/rcutils/include -I/home/aa/hal_ws/f446_mainboard_template_hal/.microros_build/firmware/mcu_ws/build/rcutils/include -mcpu=cortex-m4 -mthumb -mfpu=fpv4-sp-d16 -mfloat-abi=hard -ffunction-sections -fdata-sections -fno-common -std=gnu11 -DCLOCK_MONOTONIC=0 -O3 -DNDEBUG -std=gnu11 -Wall -Wextra -Wconversion -Wno-sign-conversion -Wpedantic -MD -MT CMakeFiles/rcutils.dir/src/strdup.c.obj -MF CMakeFiles/rcutils.dir/src/strdup.c.obj.d -o CMakeFiles/rcutils.dir/src/strdup.c.obj -c /home/aa/hal_ws/f446_mainboard_template_hal/.microros_build/firmware/mcu_ws/uros/rcutils/src/strdup.c
[ 75%] Building C object CMakeFiles/rcutils.dir/src/string_array.c.obj
[ 79%] Building C object CMakeFiles/rcutils.dir/src/string_map.c.obj
/opt/st/stm32cubeclt_1.16.0/GNU-tools-for-STM32/bin/arm-none-eabi-gcc -DRCUTILS_BUILDING_DLL -DROS_PACKAGE_NAME=\"rcutils\" -I/home/aa/hal_ws/f446_mainboard_template_hal/.microros_build/firmware/mcu_ws/uros/rcutils/include -I/home/aa/hal_ws/f446_mainboard_template_hal/.microros_build/firmware/mcu_ws/build/rcutils/include -mcpu=cortex-m4 -mthumb -mfpu=fpv4-sp-d16 -mfloat-abi=hard -ffunction-sections -fdata-sections -fno-common -std=gnu11 -DCLOCK_MONOTONIC=0 -O3 -DNDEBUG -std=gnu11 -Wall -Wextra -Wconversion -Wno-sign-conversion -Wpedantic -MD -MT CMakeFiles/rcutils.dir/src/string_array.c.obj -MF CMakeFiles/rcutils.dir/src/string_array.c.obj.d -o CMakeFiles/rcutils.dir/src/string_array.c.obj -c /home/aa/hal_ws/f446_mainboard_template_hal/.microros_build/firmware/mcu_ws/uros/rcutils/src/string_array.c
/opt/st/stm32cubeclt_1.16.0/GNU-tools-for-STM32/bin/arm-none-eabi-gcc -DRCUTILS_BUILDING_DLL -DROS_PACKAGE_NAME=\"rcutils\" -I/home/aa/hal_ws/f446_mainboard_template_hal/.microros_build/firmware/mcu_ws/uros/rcutils/include -I/home/aa/hal_ws/f446_mainboard_template_hal/.microros_build/firmware/mcu_ws/build/rcutils/include -mcpu=cortex-m4 -mthumb -mfpu=fpv4-sp-d16 -mfloat-abi=hard -ffunction-sections -fdata-sections -fno-common -std=gnu11 -DCLOCK_MONOTONIC=0 -O3 -DNDEBUG -std=gnu11 -Wall -Wextra -Wconversion -Wno-sign-conversion -Wpedantic -MD -MT CMakeFiles/rcutils.dir/src/string_map.c.obj -MF CMakeFiles/rcutils.dir/src/string_map.c.obj.d -o CMakeFiles/rcutils.dir/src/string_map.c.obj -c /home/aa/hal_ws/f446_mainboard_template_hal/.microros_build/firmware/mcu_ws/uros/rcutils/src/string_map.c
[ 82%] Building C object CMakeFiles/rcutils.dir/src/testing/fault_injection.c.obj
/opt/st/stm32cubeclt_1.16.0/GNU-tools-for-STM32/bin/arm-none-eabi-gcc -DRCUTILS_BUILDING_DLL -DROS_PACKAGE_NAME=\"rcutils\" -I/home/aa/hal_ws/f446_mainboard_template_hal/.microros_build/firmware/mcu_ws/uros/rcutils/include -I/home/aa/hal_ws/f446_mainboard_template_hal/.microros_build/firmware/mcu_ws/build/rcutils/include -mcpu=cortex-m4 -mthumb -mfpu=fpv4-sp-d16 -mfloat-abi=hard -ffunction-sections -fdata-sections -fno-common -std=gnu11 -DCLOCK_MONOTONIC=0 -O3 -DNDEBUG -std=gnu11 -Wall -Wextra -Wconversion -Wno-sign-conversion -Wpedantic -MD -MT CMakeFiles/rcutils.dir/src/testing/fault_injection.c.obj -MF CMakeFiles/rcutils.dir/src/testing/fault_injection.c.obj.d -o CMakeFiles/rcutils.dir/src/testing/fault_injection.c.obj -c /home/aa/hal_ws/f446_mainboard_template_hal/.microros_build/firmware/mcu_ws/uros/rcutils/src/testing/fault_injection.c
[ 86%] Building C object CMakeFiles/rcutils.dir/src/time.c.obj
[ 89%] Building C object CMakeFiles/rcutils.dir/src/time_unix.c.obj
/opt/st/stm32cubeclt_1.16.0/GNU-tools-for-STM32/bin/arm-none-eabi-gcc -DRCUTILS_BUILDING_DLL -DROS_PACKAGE_NAME=\"rcutils\" -I/home/aa/hal_ws/f446_mainboard_template_hal/.microros_build/firmware/mcu_ws/uros/rcutils/include -I/home/aa/hal_ws/f446_mainboard_template_hal/.microros_build/firmware/mcu_ws/build/rcutils/include -mcpu=cortex-m4 -mthumb -mfpu=fpv4-sp-d16 -mfloat-abi=hard -ffunction-sections -fdata-sections -fno-common -std=gnu11 -DCLOCK_MONOTONIC=0 -O3 -DNDEBUG -std=gnu11 -Wall -Wextra -Wconversion -Wno-sign-conversion -Wpedantic -MD -MT CMakeFiles/rcutils.dir/src/time.c.obj -MF CMakeFiles/rcutils.dir/src/time.c.obj.d -o CMakeFiles/rcutils.dir/src/time.c.obj -c /home/aa/hal_ws/f446_mainboard_template_hal/.microros_build/firmware/mcu_ws/uros/rcutils/src/time.c
[ 93%] Building C object CMakeFiles/rcutils.dir/src/uint8_array.c.obj
/opt/st/stm32cubeclt_1.16.0/GNU-tools-for-STM32/bin/arm-none-eabi-gcc -DRCUTILS_BUILDING_DLL -DROS_PACKAGE_NAME=\"rcutils\" -I/home/aa/hal_ws/f446_mainboard_template_hal/.microros_build/firmware/mcu_ws/uros/rcutils/include -I/home/aa/hal_ws/f446_mainboard_template_hal/.microros_build/firmware/mcu_ws/build/rcutils/include -mcpu=cortex-m4 -mthumb -mfpu=fpv4-sp-d16 -mfloat-abi=hard -ffunction-sections -fdata-sections -fno-common -std=gnu11 -DCLOCK_MONOTONIC=0 -O3 -DNDEBUG -std=gnu11 -Wall -Wextra -Wconversion -Wno-sign-conversion -Wpedantic -MD -MT CMakeFiles/rcutils.dir/src/time_unix.c.obj -MF CMakeFiles/rcutils.dir/src/time_unix.c.obj.d -o CMakeFiles/rcutils.dir/src/time_unix.c.obj -c /home/aa/hal_ws/f446_mainboard_template_hal/.microros_build/firmware/mcu_ws/uros/rcutils/src/time_unix.c
/opt/st/stm32cubeclt_1.16.0/GNU-tools-for-STM32/bin/arm-none-eabi-gcc -DRCUTILS_BUILDING_DLL -DROS_PACKAGE_NAME=\"rcutils\" -I/home/aa/hal_ws/f446_mainboard_template_hal/.microros_build/firmware/mcu_ws/uros/rcutils/include -I/home/aa/hal_ws/f446_mainboard_template_hal/.microros_build/firmware/mcu_ws/build/rcutils/include -mcpu=cortex-m4 -mthumb -mfpu=fpv4-sp-d16 -mfloat-abi=hard -ffunction-sections -fdata-sections -fno-common -std=gnu11 -DCLOCK_MONOTONIC=0 -O3 -DNDEBUG -std=gnu11 -Wall -Wextra -Wconversion -Wno-sign-conversion -Wpedantic -MD -MT CMakeFiles/rcutils.dir/src/uint8_array.c.obj -MF CMakeFiles/rcutils.dir/src/uint8_array.c.obj.d -o CMakeFiles/rcutils.dir/src/uint8_array.c.obj -c /home/aa/hal_ws/f446_mainboard_template_hal/.microros_build/firmware/mcu_ws/uros/rcutils/src/uint8_array.c
[ 96%] Building C object CMakeFiles/rcutils.dir/src/atomic_64bits.c.obj
/opt/st/stm32cubeclt_1.16.0/GNU-tools-for-STM32/bin/arm-none-eabi-gcc -DRCUTILS_BUILDING_DLL -DROS_PACKAGE_NAME=\"rcutils\" -I/home/aa/hal_ws/f446_mainboard_template_hal/.microros_build/firmware/mcu_ws/uros/rcutils/include -I/home/aa/hal_ws/f446_mainboard_template_hal/.microros_build/firmware/mcu_ws/build/rcutils/include -mcpu=cortex-m4 -mthumb -mfpu=fpv4-sp-d16 -mfloat-abi=hard -ffunction-sections -fdata-sections -fno-common -std=gnu11 -DCLOCK_MONOTONIC=0 -O3 -DNDEBUG -std=gnu11 -Wall -Wextra -Wconversion -Wno-sign-conversion -Wpedantic -MD -MT CMakeFiles/rcutils.dir/src/atomic_64bits.c.obj -MF CMakeFiles/rcutils.dir/src/atomic_64bits.c.obj.d -o CMakeFiles/rcutils.dir/src/atomic_64bits.c.obj -c /home/aa/hal_ws/f446_mainboard_template_hal/.microros_build/firmware/mcu_ws/uros/rcutils/src/atomic_64bits.c
running egg_info
creating rcutils.egg-info
writing rcutils.egg-info/PKG-INFO
writing dependency_links to rcutils.egg-info/dependency_links.txt
writing top-level names to rcutils.egg-info/top_level.txt
writing manifest file 'rcutils.egg-info/SOURCES.txt'
reading manifest file 'rcutils.egg-info/SOURCES.txt'
writing manifest file 'rcutils.egg-info/SOURCES.txt'
gmake[2]: ディレクトリ '/home/aa/hal_ws/f446_mainboard_template_hal/.microros_build/firmware/mcu_ws/build/rcutils' から出ます
[ 96%] Built target ament_cmake_python_build_rcutils_egg
[100%] Linking C static library librcutils.a
/opt/st/stm32cubeclt_1.16.0/CMake/bin/cmake -P CMakeFiles/rcutils.dir/cmake_clean_target.cmake
/opt/st/stm32cubeclt_1.16.0/CMake/bin/cmake -E cmake_link_script CMakeFiles/rcutils.dir/link.txt --verbose=1
/opt/st/stm32cubeclt_1.16.0/GNU-tools-for-STM32/bin/arm-none-eabi-ar qc librcutils.a CMakeFiles/rcutils.dir/src/allocator.c.obj CMakeFiles/rcutils.dir/src/array_list.c.obj CMakeFiles/rcutils.dir/src/char_array.c.obj CMakeFiles/rcutils.dir/src/cmdline_parser.c.obj CMakeFiles/rcutils.dir/src/env.c.obj CMakeFiles/rcutils.dir/src/error_handling.c.obj CMakeFiles/rcutils.dir/src/filesystem.c.obj CMakeFiles/rcutils.dir/src/find.c.obj CMakeFiles/rcutils.dir/src/format_string.c.obj CMakeFiles/rcutils.dir/src/hash_map.c.obj CMakeFiles/rcutils.dir/src/logging.c.obj CMakeFiles/rcutils.dir/src/process.c.obj CMakeFiles/rcutils.dir/src/qsort.c.obj CMakeFiles/rcutils.dir/src/repl_str.c.obj CMakeFiles/rcutils.dir/src/shared_library.c.obj CMakeFiles/rcutils.dir/src/snprintf.c.obj CMakeFiles/rcutils.dir/src/split.c.obj CMakeFiles/rcutils.dir/src/strcasecmp.c.obj CMakeFiles/rcutils.dir/src/strdup.c.obj CMakeFiles/rcutils.dir/src/strerror.c.obj CMakeFiles/rcutils.dir/src/string_array.c.obj CMakeFiles/rcutils.dir/src/string_map.c.obj CMakeFiles/rcutils.dir/src/testing/fault_injection.c.obj CMakeFiles/rcutils.dir/src/time.c.obj CMakeFiles/rcutils.dir/src/time_unix.c.obj CMakeFiles/rcutils.dir/src/uint8_array.c.obj CMakeFiles/rcutils.dir/src/atomic_64bits.c.obj
/opt/st/stm32cubeclt_1.16.0/GNU-tools-for-STM32/bin/arm-none-eabi-ranlib librcutils.a
gmake[2]: ディレクトリ '/home/aa/hal_ws/f446_mainboard_template_hal/.microros_build/firmware/mcu_ws/build/rcutils' から出ます
[100%] Built target rcutils
gmake[1]: ディレクトリ '/home/aa/hal_ws/f446_mainboard_template_hal/.microros_build/firmware/mcu_ws/build/rcutils' から出ます
/opt/st/stm32cubeclt_1.16.0/CMake/bin/cmake -E cmake_progress_start /home/aa/hal_ws/f446_mainboard_template_hal/.microros_build/firmware/mcu_ws/build/rcutils/CMakeFiles 0

-- Install configuration: "Release"
-- Installing: /home/aa/hal_ws/f446_mainboard_template_hal/.microros_build/firmware/mcu_ws/install/share/rcutils/environment/pythonpath.sh
-- Installing: /home/aa/hal_ws/f446_mainboard_template_hal/.microros_build/firmware/mcu_ws/install/share/rcutils/environment/pythonpath.dsv
-- Installing: /home/aa/hal_ws/f446_mainboard_template_hal/.microros_build/firmware/mcu_ws/install/local/lib/python3.10/dist-packages/rcutils-5.1.7-py3.10.egg-info
-- Installing: /home/aa/hal_ws/f446_mainboard_template_hal/.microros_build/firmware/mcu_ws/install/local/lib/python3.10/dist-packages/rcutils-5.1.7-py3.10.egg-info/PKG-INFO
-- Installing: /home/aa/hal_ws/f446_mainboard_template_hal/.microros_build/firmware/mcu_ws/install/local/lib/python3.10/dist-packages/rcutils-5.1.7-py3.10.egg-info/top_level.txt
-- Installing: /home/aa/hal_ws/f446_mainboard_template_hal/.microros_build/firmware/mcu_ws/install/local/lib/python3.10/dist-packages/rcutils-5.1.7-py3.10.egg-info/SOURCES.txt
-- Installing: /home/aa/hal_ws/f446_mainboard_template_hal/.microros_build/firmware/mcu_ws/install/local/lib/python3.10/dist-packages/rcutils-5.1.7-py3.10.egg-info/dependency_links.txt
-- Installing: /home/aa/hal_ws/f446_mainboard_template_hal/.microros_build/firmware/mcu_ws/install/local/lib/python3.10/dist-packages/rcutils
-- Installing: /home/aa/hal_ws/f446_mainboard_template_hal/.microros_build/firmware/mcu_ws/install/local/lib/python3.10/dist-packages/rcutils/__init__.py
-- Installing: /home/aa/hal_ws/f446_mainboard_template_hal/.microros_build/firmware/mcu_ws/install/local/lib/python3.10/dist-packages/rcutils/logging.py
Listing '/home/aa/hal_ws/f446_mainboard_template_hal/.microros_build/firmware/mcu_ws/install/local/lib/python3.10/dist-packages/rcutils'...
Compiling '/home/aa/hal_ws/f446_mainboard_template_hal/.microros_build/firmware/mcu_ws/install/local/lib/python3.10/dist-packages/rcutils/__init__.py'...
Compiling '/home/aa/hal_ws/f446_mainboard_template_hal/.microros_build/firmware/mcu_ws/install/local/lib/python3.10/dist-packages/rcutils/logging.py'...
-- Installing: /home/aa/hal_ws/f446_mainboard_template_hal/.microros_build/firmware/mcu_ws/install/lib/librcutils.a
-- Installing: /home/aa/hal_ws/f446_mainboard_template_hal/.microros_build/firmware/mcu_ws/install/share/ament_index/resource_index/package_run_dependencies/rcutils
-- Installing: /home/aa/hal_ws/f446_mainboard_template_hal/.microros_build/firmware/mcu_ws/install/share/ament_index/resource_index/parent_prefix_path/rcutils
-- Installing: /home/aa/hal_ws/f446_mainboard_template_hal/.microros_build/firmware/mcu_ws/install/share/rcutils/environment/ament_prefix_path.sh
-- Installing: /home/aa/hal_ws/f446_mainboard_template_hal/.microros_build/firmware/mcu_ws/install/share/rcutils/environment/ament_prefix_path.dsv
-- Installing: /home/aa/hal_ws/f446_mainboard_template_hal/.microros_build/firmware/mcu_ws/install/share/rcutils/environment/path.sh
-- Installing: /home/aa/hal_ws/f446_mainboard_template_hal/.microros_build/firmware/mcu_ws/install/share/rcutils/environment/path.dsv
-- Installing: /home/aa/hal_ws/f446_mainboard_template_hal/.microros_build/firmware/mcu_ws/install/share/rcutils/local_setup.bash
-- Installing: /home/aa/hal_ws/f446_mainboard_template_hal/.microros_build/firmware/mcu_ws/install/share/rcutils/local_setup.sh
-- Installing: /home/aa/hal_ws/f446_mainboard_template_hal/.microros_build/firmware/mcu_ws/install/share/rcutils/local_setup.zsh
-- Installing: /home/aa/hal_ws/f446_mainboard_template_hal/.microros_build/firmware/mcu_ws/install/share/rcutils/local_setup.dsv
-- Installing: /home/aa/hal_ws/f446_mainboard_template_hal/.microros_build/firmware/mcu_ws/install/share/rcutils/package.dsv
-- Installing: /home/aa/hal_ws/f446_mainboard_template_hal/.microros_build/firmware/mcu_ws/install/share/ament_index/resource_index/packages/rcutils
-- Installing: /home/aa/hal_ws/f446_mainboard_template_hal/.microros_build/firmware/mcu_ws/install/share/rcutils/cmake/rcutilsExport.cmake
-- Installing: /home/aa/hal_ws/f446_mainboard_template_hal/.microros_build/firmware/mcu_ws/install/share/rcutils/cmake/rcutilsExport-release.cmake
-- Installing: /home/aa/hal_ws/f446_mainboard_template_hal/.microros_build/firmware/mcu_ws/install/share/rcutils/cmake/ament_cmake_export_link_flags-extras.cmake
-- Installing: /home/aa/hal_ws/f446_mainboard_template_hal/.microros_build/firmware/mcu_ws/install/share/rcutils/cmake/ament_cmake_export_include_directories-extras.cmake
-- Installing: /home/aa/hal_ws/f446_mainboard_template_hal/.microros_build/firmware/mcu_ws/install/share/rcutils/cmake/ament_cmake_export_targets-extras.cmake
-- Installing: /home/aa/hal_ws/f446_mainboard_template_hal/.microros_build/firmware/mcu_ws/install/share/rcutils/cmake/ament_cmake_export_dependencies-extras.cmake
-- Installing: /home/aa/hal_ws/f446_mainboard_template_hal/.microros_build/firmware/mcu_ws/install/share/rcutils/cmake/rcutilsConfig.cmake
-- Installing: /home/aa/hal_ws/f446_mainboard_template_hal/.microros_build/firmware/mcu_ws/install/share/rcutils/cmake/rcutilsConfig-version.cmake
-- Installing: /home/aa/hal_ws/f446_mainboard_template_hal/.microros_build/firmware/mcu_ws/install/share/rcutils/package.xml
-- Installing: /home/aa/hal_ws/f446_mainboard_template_hal/.microros_build/firmware/mcu_ws/install/include/rcutils
-- Installing: /home/aa/hal_ws/f446_mainboard_template_hal/.microros_build/firmware/mcu_ws/install/include/rcutils/rcutils
-- Installing: /home/aa/hal_ws/f446_mainboard_template_hal/.microros_build/firmware/mcu_ws/install/include/rcutils/rcutils/shared_library.h
-- Installing: /home/aa/hal_ws/f446_mainboard_template_hal/.microros_build/firmware/mcu_ws/install/include/rcutils/rcutils/stdatomic_helper
-- Installing: /home/aa/hal_ws/f446_mainboard_template_hal/.microros_build/firmware/mcu_ws/install/include/rcutils/rcutils/stdatomic_helper/gcc
-- Installing: /home/aa/hal_ws/f446_mainboard_template_hal/.microros_build/firmware/mcu_ws/install/include/rcutils/rcutils/stdatomic_helper/gcc/stdatomic.h
-- Installing: /home/aa/hal_ws/f446_mainboard_template_hal/.microros_build/firmware/mcu_ws/install/include/rcutils/rcutils/stdatomic_helper/win32
-- Installing: /home/aa/hal_ws/f446_mainboard_template_hal/.microros_build/firmware/mcu_ws/install/include/rcutils/rcutils/stdatomic_helper/win32/stdatomic.h
-- Installing: /home/aa/hal_ws/f446_mainboard_template_hal/.microros_build/firmware/mcu_ws/install/include/rcutils/rcutils/visibility_control.h
-- Installing: /home/aa/hal_ws/f446_mainboard_template_hal/.microros_build/firmware/mcu_ws/install/include/rcutils/rcutils/visibility_control_macros.h
-- Installing: /home/aa/hal_ws/f446_mainboard_template_hal/.microros_build/firmware/mcu_ws/install/include/rcutils/rcutils/env.h
-- Installing: /home/aa/hal_ws/f446_mainboard_template_hal/.microros_build/firmware/mcu_ws/install/include/rcutils/rcutils/error_handling.h
-- Installing: /home/aa/hal_ws/f446_mainboard_template_hal/.microros_build/firmware/mcu_ws/install/include/rcutils/rcutils/format_string.h
-- Installing: /home/aa/hal_ws/f446_mainboard_template_hal/.microros_build/firmware/mcu_ws/install/include/rcutils/rcutils/snprintf.h
-- Installing: /home/aa/hal_ws/f446_mainboard_template_hal/.microros_build/firmware/mcu_ws/install/include/rcutils/rcutils/types.h
-- Installing: /home/aa/hal_ws/f446_mainboard_template_hal/.microros_build/firmware/mcu_ws/install/include/rcutils/rcutils/types
-- Installing: /home/aa/hal_ws/f446_mainboard_template_hal/.microros_build/firmware/mcu_ws/install/include/rcutils/rcutils/types/array_list.h
-- Installing: /home/aa/hal_ws/f446_mainboard_template_hal/.microros_build/firmware/mcu_ws/install/include/rcutils/rcutils/types/char_array.h
-- Installing: /home/aa/hal_ws/f446_mainboard_template_hal/.microros_build/firmware/mcu_ws/install/include/rcutils/rcutils/types/hash_map.h
-- Installing: /home/aa/hal_ws/f446_mainboard_template_hal/.microros_build/firmware/mcu_ws/install/include/rcutils/rcutils/types/string_array.h
-- Installing: /home/aa/hal_ws/f446_mainboard_template_hal/.microros_build/firmware/mcu_ws/install/include/rcutils/rcutils/types/string_map.h
-- Installing: /home/aa/hal_ws/f446_mainboard_template_hal/.microros_build/firmware/mcu_ws/install/include/rcutils/rcutils/types/uint8_array.h
-- Installing: /home/aa/hal_ws/f446_mainboard_template_hal/.microros_build/firmware/mcu_ws/install/include/rcutils/rcutils/types/rcutils_ret.h
-- Installing: /home/aa/hal_ws/f446_mainboard_template_hal/.microros_build/firmware/mcu_ws/install/include/rcutils/rcutils/time.h
-- Installing: /home/aa/hal_ws/f446_mainboard_template_hal/.microros_build/firmware/mcu_ws/install/include/rcutils/rcutils/split.h
-- Installing: /home/aa/hal_ws/f446_mainboard_template_hal/.microros_build/firmware/mcu_ws/install/include/rcutils/rcutils/get_env.h
-- Installing: /home/aa/hal_ws/f446_mainboard_template_hal/.microros_build/firmware/mcu_ws/install/include/rcutils/rcutils/macros.h
-- Installing: /home/aa/hal_ws/f446_mainboard_template_hal/.microros_build/firmware/mcu_ws/install/include/rcutils/rcutils/filesystem.h
-- Installing: /home/aa/hal_ws/f446_mainboard_template_hal/.microros_build/firmware/mcu_ws/install/include/rcutils/rcutils/qsort.h
-- Installing: /home/aa/hal_ws/f446_mainboard_template_hal/.microros_build/firmware/mcu_ws/install/include/rcutils/rcutils/repl_str.h
-- Installing: /home/aa/hal_ws/f446_mainboard_template_hal/.microros_build/firmware/mcu_ws/install/include/rcutils/rcutils/configuration_flags.h.in
-- Installing: /home/aa/hal_ws/f446_mainboard_template_hal/.microros_build/firmware/mcu_ws/install/include/rcutils/rcutils/strdup.h
-- Installing: /home/aa/hal_ws/f446_mainboard_template_hal/.microros_build/firmware/mcu_ws/install/include/rcutils/rcutils/security_directory.h
-- Installing: /home/aa/hal_ws/f446_mainboard_template_hal/.microros_build/firmware/mcu_ws/install/include/rcutils/rcutils/testing
-- Installing: /home/aa/hal_ws/f446_mainboard_template_hal/.microros_build/firmware/mcu_ws/install/include/rcutils/rcutils/testing/fault_injection.h
-- Installing: /home/aa/hal_ws/f446_mainboard_template_hal/.microros_build/firmware/mcu_ws/install/include/rcutils/rcutils/allocator.h
-- Installing: /home/aa/hal_ws/f446_mainboard_template_hal/.microros_build/firmware/mcu_ws/install/include/rcutils/rcutils/cmdline_parser.h
-- Installing: /home/aa/hal_ws/f446_mainboard_template_hal/.microros_build/firmware/mcu_ws/install/include/rcutils/rcutils/isalnum_no_locale.h
-- Installing: /home/aa/hal_ws/f446_mainboard_template_hal/.microros_build/firmware/mcu_ws/install/include/rcutils/rcutils/strcasecmp.h
-- Installing: /home/aa/hal_ws/f446_mainboard_template_hal/.microros_build/firmware/mcu_ws/install/include/rcutils/rcutils/strerror.h
-- Installing: /home/aa/hal_ws/f446_mainboard_template_hal/.microros_build/firmware/mcu_ws/install/include/rcutils/rcutils/stdatomic_helper.h
-- Installing: /home/aa/hal_ws/f446_mainboard_template_hal/.microros_build/firmware/mcu_ws/install/include/rcutils/rcutils/logging.h
-- Installing: /home/aa/hal_ws/f446_mainboard_template_hal/.microros_build/firmware/mcu_ws/install/include/rcutils/rcutils/find.h
-- Installing: /home/aa/hal_ws/f446_mainboard_template_hal/.microros_build/firmware/mcu_ws/install/include/rcutils/rcutils/process.h
-- Up-to-date: /home/aa/hal_ws/f446_mainboard_template_hal/.microros_build/firmware/mcu_ws/install/include/rcutils
-- Up-to-date: /home/aa/hal_ws/f446_mainboard_template_hal/.microros_build/firmware/mcu_ws/install/include/rcutils/rcutils
-- Installing: /home/aa/hal_ws/f446_mainboard_template_hal/.microros_build/firmware/mcu_ws/install/include/rcutils/rcutils/logging_macros.h
-- Installing: /home/aa/hal_ws/f446_mainboard_template_hal/.microros_build/firmware/mcu_ws/install/include/rcutils/rcutils/configuration_flags.h
