Not searching for unused variables given on the command line.
-- The C compiler identification is GNU 12.3.1
-- The CXX compiler identification is GNU 12.3.1
-- Detecting C compiler ABI info
-- Detecting C compiler ABI info - done
-- Check for working C compiler: /opt/st/stm32cubeclt_1.16.0/GNU-tools-for-STM32/bin/arm-none-eabi-gcc - skipped
-- Detecting C compile features
-- Detecting C compile features - done
-- Detecting CXX compiler ABI info
-- Detecting CXX compiler ABI info - done
-- Check for working CXX compiler: /opt/st/stm32cubeclt_1.16.0/GNU-tools-for-STM32/bin/arm-none-eabi-g++ - skipped
-- Detecting CXX compile features
-- Detecting CXX compile features - done
-- Found ament_cmake: 1.3.12 (/home/aa/hal_ws/f446_mainboard_template_hal/.microros_build/firmware/dev_ws/install/ament_cmake/share/ament_cmake/cmake)
-- Found Python3: /usr/bin/python3 (found version "3.10.12") found components: Interpreter 
-- Found rosidl_default_generators: 1.2.0 (/home/aa/hal_ws/f446_mainboard_template_hal/.microros_build/firmware/mcu_ws/install/share/rosidl_default_generators/cmake)
-- Using all available rosidl_typesupport_c: rosidl_typesupport_introspection_c;rosidl_typesupport_microxrcedds_c
-- Found rosidl_adapter: 3.1.8 (/home/aa/hal_ws/f446_mainboard_template_hal/.microros_build/firmware/mcu_ws/install/share/rosidl_adapter/cmake)
-- Found ament_cmake_ros: 0.10.0 (/home/aa/hal_ws/f446_mainboard_template_hal/.microros_build/firmware/dev_ws/install/ament_cmake_ros/share/ament_cmake_ros/cmake)
-- Using all available rosidl_typesupport_c: rosidl_typesupport_introspection_c;rosidl_typesupport_microxrcedds_c
-- Configuring done (1.6s)
-- Generating done (0.0s)
-- Build files have been written to: /home/aa/hal_ws/f446_mainboard_template_hal/.microros_build/firmware/mcu_ws/build/std_srvs
Change Dir: '/home/aa/hal_ws/f446_mainboard_template_hal/.microros_build/firmware/mcu_ws/build/std_srvs'

Run Build Command(s): /opt/st/stm32cubeclt_1.16.0/CMake/bin/cmake -E env VERBOSE=1 /usr/bin/gmake -f Makefile -j16 -l16
/opt/st/stm32cubeclt_1.16.0/CMake/bin/cmake -S/home/aa/hal_ws/f446_mainboard_template_hal/.microros_build/firmware/mcu_ws/ros2/common_interfaces/std_srvs -B/home/aa/hal_ws/f446_mainboard_template_hal/.microros_build/firmware/mcu_ws/build/std_srvs --check-build-system CMakeFiles/Makefile.cmake 0
/opt/st/stm32cubeclt_1.16.0/CMake/bin/cmake -E cmake_progress_start /home/aa/hal_ws/f446_mainboard_template_hal/.microros_build/firmware/mcu_ws/build/std_srvs/CMakeFiles /home/aa/hal_ws/f446_mainboard_template_hal/.microros_build/firmware/mcu_ws/build/std_srvs//CMakeFiles/progress.marks
/usr/bin/gmake  -f CMakeFiles/Makefile2 all
gmake[1]: ディレクトリ '/home/aa/hal_ws/f446_mainboard_template_hal/.microros_build/firmware/mcu_ws/build/std_srvs' に入ります
/usr/bin/gmake  -f CMakeFiles/std_srvs__rosidl_generator_c.dir/build.make CMakeFiles/std_srvs__rosidl_generator_c.dir/depend
gmake[2]: ディレクトリ '/home/aa/hal_ws/f446_mainboard_template_hal/.microros_build/firmware/mcu_ws/build/std_srvs' に入ります
[  5%] Generating C code for ROS interfaces
/usr/bin/python3 /home/aa/hal_ws/f446_mainboard_template_hal/.microros_build/firmware/mcu_ws/install/share/rosidl_generator_c/cmake/../../../lib/rosidl_generator_c/rosidl_generator_c --generator-arguments-file /home/aa/hal_ws/f446_mainboard_template_hal/.microros_build/firmware/mcu_ws/build/std_srvs/rosidl_generator_c__arguments.json
cd /home/aa/hal_ws/f446_mainboard_template_hal/.microros_build/firmware/mcu_ws/build/std_srvs && /opt/st/stm32cubeclt_1.16.0/CMake/bin/cmake -E cmake_depends "Unix Makefiles" /home/aa/hal_ws/f446_mainboard_template_hal/.microros_build/firmware/mcu_ws/ros2/common_interfaces/std_srvs /home/aa/hal_ws/f446_mainboard_template_hal/.microros_build/firmware/mcu_ws/ros2/common_interfaces/std_srvs /home/aa/hal_ws/f446_mainboard_template_hal/.microros_build/firmware/mcu_ws/build/std_srvs /home/aa/hal_ws/f446_mainboard_template_hal/.microros_build/firmware/mcu_ws/build/std_srvs /home/aa/hal_ws/f446_mainboard_template_hal/.microros_build/firmware/mcu_ws/build/std_srvs/CMakeFiles/std_srvs__rosidl_generator_c.dir/DependInfo.cmake "--color="
gmake[2]: ディレクトリ '/home/aa/hal_ws/f446_mainboard_template_hal/.microros_build/firmware/mcu_ws/build/std_srvs' から出ます
/usr/bin/gmake  -f CMakeFiles/std_srvs__rosidl_generator_c.dir/build.make CMakeFiles/std_srvs__rosidl_generator_c.dir/build
gmake[2]: ディレクトリ '/home/aa/hal_ws/f446_mainboard_template_hal/.microros_build/firmware/mcu_ws/build/std_srvs' に入ります
[ 15%] Building C object CMakeFiles/std_srvs__rosidl_generator_c.dir/rosidl_generator_c/std_srvs/srv/detail/empty__functions.c.obj
[ 15%] Building C object CMakeFiles/std_srvs__rosidl_generator_c.dir/rosidl_generator_c/std_srvs/srv/detail/set_bool__functions.c.obj
[ 20%] Building C object CMakeFiles/std_srvs__rosidl_generator_c.dir/rosidl_generator_c/std_srvs/srv/detail/trigger__functions.c.obj
/opt/st/stm32cubeclt_1.16.0/GNU-tools-for-STM32/bin/arm-none-eabi-gcc -DROS_PACKAGE_NAME=\"std_srvs\" -I/home/aa/hal_ws/f446_mainboard_template_hal/.microros_build/firmware/mcu_ws/build/std_srvs/rosidl_generator_c -isystem /home/aa/hal_ws/f446_mainboard_template_hal/.microros_build/firmware/mcu_ws/install/include/rosidl_runtime_c -isystem /home/aa/hal_ws/f446_mainboard_template_hal/.microros_build/firmware/mcu_ws/install/include/rcutils -isystem /home/aa/hal_ws/f446_mainboard_template_hal/.microros_build/firmware/mcu_ws/install/include/rosidl_typesupport_interface -mcpu=cortex-m4 -mthumb -mfpu=fpv4-sp-d16 -mfloat-abi=hard -ffunction-sections -fdata-sections -fno-common -std=gnu11 -DCLOCK_MONOTONIC=0 -O3 -DNDEBUG -std=gnu11 -Wall -MD -MT CMakeFiles/std_srvs__rosidl_generator_c.dir/rosidl_generator_c/std_srvs/srv/detail/set_bool__functions.c.obj -MF CMakeFiles/std_srvs__rosidl_generator_c.dir/rosidl_generator_c/std_srvs/srv/detail/set_bool__functions.c.obj.d -o CMakeFiles/std_srvs__rosidl_generator_c.dir/rosidl_generator_c/std_srvs/srv/detail/set_bool__functions.c.obj -c /home/aa/hal_ws/f446_mainboard_template_hal/.microros_build/firmware/mcu_ws/build/std_srvs/rosidl_generator_c/std_srvs/srv/detail/set_bool__functions.c
/opt/st/stm32cubeclt_1.16.0/GNU-tools-for-STM32/bin/arm-none-eabi-gcc -DROS_PACKAGE_NAME=\"std_srvs\" -I/home/aa/hal_ws/f446_mainboard_template_hal/.microros_build/firmware/mcu_ws/build/std_srvs/rosidl_generator_c -isystem /home/aa/hal_ws/f446_mainboard_template_hal/.microros_build/firmware/mcu_ws/install/include/rosidl_runtime_c -isystem /home/aa/hal_ws/f446_mainboard_template_hal/.microros_build/firmware/mcu_ws/install/include/rcutils -isystem /home/aa/hal_ws/f446_mainboard_template_hal/.microros_build/firmware/mcu_ws/install/include/rosidl_typesupport_interface -mcpu=cortex-m4 -mthumb -mfpu=fpv4-sp-d16 -mfloat-abi=hard -ffunction-sections -fdata-sections -fno-common -std=gnu11 -DCLOCK_MONOTONIC=0 -O3 -DNDEBUG -std=gnu11 -Wall -MD -MT CMakeFiles/std_srvs__rosidl_generator_c.dir/rosidl_generator_c/std_srvs/srv/detail/empty__functions.c.obj -MF CMakeFiles/std_srvs__rosidl_generator_c.dir/rosidl_generator_c/std_srvs/srv/detail/empty__functions.c.obj.d -o CMakeFiles/std_srvs__rosidl_generator_c.dir/rosidl_generator_c/std_srvs/srv/detail/empty__functions.c.obj -c /home/aa/hal_ws/f446_mainboard_template_hal/.microros_build/firmware/mcu_ws/build/std_srvs/rosidl_generator_c/std_srvs/srv/detail/empty__functions.c
/opt/st/stm32cubeclt_1.16.0/GNU-tools-for-STM32/bin/arm-none-eabi-gcc -DROS_PACKAGE_NAME=\"std_srvs\" -I/home/aa/hal_ws/f446_mainboard_template_hal/.microros_build/firmware/mcu_ws/build/std_srvs/rosidl_generator_c -isystem /home/aa/hal_ws/f446_mainboard_template_hal/.microros_build/firmware/mcu_ws/install/include/rosidl_runtime_c -isystem /home/aa/hal_ws/f446_mainboard_template_hal/.microros_build/firmware/mcu_ws/install/include/rcutils -isystem /home/aa/hal_ws/f446_mainboard_template_hal/.microros_build/firmware/mcu_ws/install/include/rosidl_typesupport_interface -mcpu=cortex-m4 -mthumb -mfpu=fpv4-sp-d16 -mfloat-abi=hard -ffunction-sections -fdata-sections -fno-common -std=gnu11 -DCLOCK_MONOTONIC=0 -O3 -DNDEBUG -std=gnu11 -Wall -MD -MT CMakeFiles/std_srvs__rosidl_generator_c.dir/rosidl_generator_c/std_srvs/srv/detail/trigger__functions.c.obj -MF CMakeFiles/std_srvs__rosidl_generator_c.dir/rosidl_generator_c/std_srvs/srv/detail/trigger__functions.c.obj.d -o CMakeFiles/std_srvs__rosidl_generator_c.dir/rosidl_generator_c/std_srvs/srv/detail/trigger__functions.c.obj -c /home/aa/hal_ws/f446_mainboard_template_hal/.microros_build/firmware/mcu_ws/build/std_srvs/rosidl_generator_c/std_srvs/srv/detail/trigger__functions.c
[ 25%] Linking C static library libstd_srvs__rosidl_generator_c.a
/opt/st/stm32cubeclt_1.16.0/CMake/bin/cmake -P CMakeFiles/std_srvs__rosidl_generator_c.dir/cmake_clean_target.cmake
/opt/st/stm32cubeclt_1.16.0/CMake/bin/cmake -E cmake_link_script CMakeFiles/std_srvs__rosidl_generator_c.dir/link.txt --verbose=1
/opt/st/stm32cubeclt_1.16.0/GNU-tools-for-STM32/bin/arm-none-eabi-ar qc libstd_srvs__rosidl_generator_c.a CMakeFiles/std_srvs__rosidl_generator_c.dir/rosidl_generator_c/std_srvs/srv/detail/empty__functions.c.obj CMakeFiles/std_srvs__rosidl_generator_c.dir/rosidl_generator_c/std_srvs/srv/detail/set_bool__functions.c.obj CMakeFiles/std_srvs__rosidl_generator_c.dir/rosidl_generator_c/std_srvs/srv/detail/trigger__functions.c.obj
/opt/st/stm32cubeclt_1.16.0/GNU-tools-for-STM32/bin/arm-none-eabi-ranlib libstd_srvs__rosidl_generator_c.a
gmake[2]: ディレクトリ '/home/aa/hal_ws/f446_mainboard_template_hal/.microros_build/firmware/mcu_ws/build/std_srvs' から出ます
[ 25%] Built target std_srvs__rosidl_generator_c
/usr/bin/gmake  -f CMakeFiles/std_srvs__rosidl_typesupport_c.dir/build.make CMakeFiles/std_srvs__rosidl_typesupport_c.dir/depend
/usr/bin/gmake  -f CMakeFiles/std_srvs__rosidl_typesupport_microxrcedds_c.dir/build.make CMakeFiles/std_srvs__rosidl_typesupport_microxrcedds_c.dir/depend
/usr/bin/gmake  -f CMakeFiles/std_srvs__rosidl_typesupport_introspection_c.dir/build.make CMakeFiles/std_srvs__rosidl_typesupport_introspection_c.dir/depend
gmake[2]: ディレクトリ '/home/aa/hal_ws/f446_mainboard_template_hal/.microros_build/firmware/mcu_ws/build/std_srvs' に入ります
gmake[2]: ディレクトリ '/home/aa/hal_ws/f446_mainboard_template_hal/.microros_build/firmware/mcu_ws/build/std_srvs' に入ります
gmake[2]: ディレクトリ '/home/aa/hal_ws/f446_mainboard_template_hal/.microros_build/firmware/mcu_ws/build/std_srvs' に入ります
[ 30%] Generating C type support dispatch for ROS interfaces
/usr/bin/python3 /home/aa/hal_ws/f446_mainboard_template_hal/.microros_build/firmware/mcu_ws/install/lib/rosidl_typesupport_c/rosidl_typesupport_c --generator-arguments-file /home/aa/hal_ws/f446_mainboard_template_hal/.microros_build/firmware/mcu_ws/build/std_srvs/rosidl_typesupport_c__arguments.json --typesupports rosidl_typesupport_introspection_c rosidl_typesupport_microxrcedds_c
[ 35%] Generating C type support for eProsima Micro XRCE-DDS
/usr/bin/python3 /home/aa/hal_ws/f446_mainboard_template_hal/.microros_build/firmware/mcu_ws/install/lib/rosidl_typesupport_microxrcedds_c/rosidl_typesupport_microxrcedds_c --generator-arguments-file /home/aa/hal_ws/f446_mainboard_template_hal/.microros_build/firmware/mcu_ws/build/std_srvs/rosidl_typesupport_microxrcedds_c__arguments.json
[ 40%] Generating C introspection for ROS interfaces
/usr/bin/python3 /home/aa/hal_ws/f446_mainboard_template_hal/.microros_build/firmware/mcu_ws/install/lib/rosidl_typesupport_introspection_c/rosidl_typesupport_introspection_c --generator-arguments-file /home/aa/hal_ws/f446_mainboard_template_hal/.microros_build/firmware/mcu_ws/build/std_srvs/rosidl_typesupport_introspection_c__arguments.json
cd /home/aa/hal_ws/f446_mainboard_template_hal/.microros_build/firmware/mcu_ws/build/std_srvs && /opt/st/stm32cubeclt_1.16.0/CMake/bin/cmake -E cmake_depends "Unix Makefiles" /home/aa/hal_ws/f446_mainboard_template_hal/.microros_build/firmware/mcu_ws/ros2/common_interfaces/std_srvs /home/aa/hal_ws/f446_mainboard_template_hal/.microros_build/firmware/mcu_ws/ros2/common_interfaces/std_srvs /home/aa/hal_ws/f446_mainboard_template_hal/.microros_build/firmware/mcu_ws/build/std_srvs /home/aa/hal_ws/f446_mainboard_template_hal/.microros_build/firmware/mcu_ws/build/std_srvs /home/aa/hal_ws/f446_mainboard_template_hal/.microros_build/firmware/mcu_ws/build/std_srvs/CMakeFiles/std_srvs__rosidl_typesupport_c.dir/DependInfo.cmake "--color="
gmake[2]: ディレクトリ '/home/aa/hal_ws/f446_mainboard_template_hal/.microros_build/firmware/mcu_ws/build/std_srvs' から出ます
/usr/bin/gmake  -f CMakeFiles/std_srvs__rosidl_typesupport_c.dir/build.make CMakeFiles/std_srvs__rosidl_typesupport_c.dir/build
gmake[2]: ディレクトリ '/home/aa/hal_ws/f446_mainboard_template_hal/.microros_build/firmware/mcu_ws/build/std_srvs' に入ります
[ 45%] Building CXX object CMakeFiles/std_srvs__rosidl_typesupport_c.dir/rosidl_typesupport_c/std_srvs/srv/empty__type_support.cpp.obj
[ 50%] Building CXX object CMakeFiles/std_srvs__rosidl_typesupport_c.dir/rosidl_typesupport_c/std_srvs/srv/trigger__type_support.cpp.obj
[ 55%] Building CXX object CMakeFiles/std_srvs__rosidl_typesupport_c.dir/rosidl_typesupport_c/std_srvs/srv/set_bool__type_support.cpp.obj
/opt/st/stm32cubeclt_1.16.0/GNU-tools-for-STM32/bin/arm-none-eabi-g++ -DROSIDL_TYPESUPPORT_STATIC_TYPESUPPORT -DROS_PACKAGE_NAME=\"std_srvs\" -I/home/aa/hal_ws/f446_mainboard_template_hal/.microros_build/firmware/mcu_ws/build/std_srvs/rosidl_generator_c -isystem /home/aa/hal_ws/f446_mainboard_template_hal/.microros_build/firmware/mcu_ws/install/include/rosidl_runtime_c -isystem /home/aa/hal_ws/f446_mainboard_template_hal/.microros_build/firmware/mcu_ws/install/include/rcutils -isystem /home/aa/hal_ws/f446_mainboard_template_hal/.microros_build/firmware/mcu_ws/install/include/rosidl_typesupport_interface -isystem /home/aa/hal_ws/f446_mainboard_template_hal/.microros_build/firmware/mcu_ws/install/include/rosidl_typesupport_c -mcpu=cortex-m4 -mthumb -mfpu=fpv4-sp-d16 -mfloat-abi=hard -ffunction-sections -fdata-sections -fno-common -fno-rtti -fno-exceptions -std=gnu++14 -DCLOCK_MONOTONIC=0 -O3 -DNDEBUG -std=gnu++14 -Wall -MD -MT CMakeFiles/std_srvs__rosidl_typesupport_c.dir/rosidl_typesupport_c/std_srvs/srv/empty__type_support.cpp.obj -MF CMakeFiles/std_srvs__rosidl_typesupport_c.dir/rosidl_typesupport_c/std_srvs/srv/empty__type_support.cpp.obj.d -o CMakeFiles/std_srvs__rosidl_typesupport_c.dir/rosidl_typesupport_c/std_srvs/srv/empty__type_support.cpp.obj -c /home/aa/hal_ws/f446_mainboard_template_hal/.microros_build/firmware/mcu_ws/build/std_srvs/rosidl_typesupport_c/std_srvs/srv/empty__type_support.cpp
/opt/st/stm32cubeclt_1.16.0/GNU-tools-for-STM32/bin/arm-none-eabi-g++ -DROSIDL_TYPESUPPORT_STATIC_TYPESUPPORT -DROS_PACKAGE_NAME=\"std_srvs\" -I/home/aa/hal_ws/f446_mainboard_template_hal/.microros_build/firmware/mcu_ws/build/std_srvs/rosidl_generator_c -isystem /home/aa/hal_ws/f446_mainboard_template_hal/.microros_build/firmware/mcu_ws/install/include/rosidl_runtime_c -isystem /home/aa/hal_ws/f446_mainboard_template_hal/.microros_build/firmware/mcu_ws/install/include/rcutils -isystem /home/aa/hal_ws/f446_mainboard_template_hal/.microros_build/firmware/mcu_ws/install/include/rosidl_typesupport_interface -isystem /home/aa/hal_ws/f446_mainboard_template_hal/.microros_build/firmware/mcu_ws/install/include/rosidl_typesupport_c -mcpu=cortex-m4 -mthumb -mfpu=fpv4-sp-d16 -mfloat-abi=hard -ffunction-sections -fdata-sections -fno-common -fno-rtti -fno-exceptions -std=gnu++14 -DCLOCK_MONOTONIC=0 -O3 -DNDEBUG -std=gnu++14 -Wall -MD -MT CMakeFiles/std_srvs__rosidl_typesupport_c.dir/rosidl_typesupport_c/std_srvs/srv/trigger__type_support.cpp.obj -MF CMakeFiles/std_srvs__rosidl_typesupport_c.dir/rosidl_typesupport_c/std_srvs/srv/trigger__type_support.cpp.obj.d -o CMakeFiles/std_srvs__rosidl_typesupport_c.dir/rosidl_typesupport_c/std_srvs/srv/trigger__type_support.cpp.obj -c /home/aa/hal_ws/f446_mainboard_template_hal/.microros_build/firmware/mcu_ws/build/std_srvs/rosidl_typesupport_c/std_srvs/srv/trigger__type_support.cpp
/opt/st/stm32cubeclt_1.16.0/GNU-tools-for-STM32/bin/arm-none-eabi-g++ -DROSIDL_TYPESUPPORT_STATIC_TYPESUPPORT -DROS_PACKAGE_NAME=\"std_srvs\" -I/home/aa/hal_ws/f446_mainboard_template_hal/.microros_build/firmware/mcu_ws/build/std_srvs/rosidl_generator_c -isystem /home/aa/hal_ws/f446_mainboard_template_hal/.microros_build/firmware/mcu_ws/install/include/rosidl_runtime_c -isystem /home/aa/hal_ws/f446_mainboard_template_hal/.microros_build/firmware/mcu_ws/install/include/rcutils -isystem /home/aa/hal_ws/f446_mainboard_template_hal/.microros_build/firmware/mcu_ws/install/include/rosidl_typesupport_interface -isystem /home/aa/hal_ws/f446_mainboard_template_hal/.microros_build/firmware/mcu_ws/install/include/rosidl_typesupport_c -mcpu=cortex-m4 -mthumb -mfpu=fpv4-sp-d16 -mfloat-abi=hard -ffunction-sections -fdata-sections -fno-common -fno-rtti -fno-exceptions -std=gnu++14 -DCLOCK_MONOTONIC=0 -O3 -DNDEBUG -std=gnu++14 -Wall -MD -MT CMakeFiles/std_srvs__rosidl_typesupport_c.dir/rosidl_typesupport_c/std_srvs/srv/set_bool__type_support.cpp.obj -MF CMakeFiles/std_srvs__rosidl_typesupport_c.dir/rosidl_typesupport_c/std_srvs/srv/set_bool__type_support.cpp.obj.d -o CMakeFiles/std_srvs__rosidl_typesupport_c.dir/rosidl_typesupport_c/std_srvs/srv/set_bool__type_support.cpp.obj -c /home/aa/hal_ws/f446_mainboard_template_hal/.microros_build/firmware/mcu_ws/build/std_srvs/rosidl_typesupport_c/std_srvs/srv/set_bool__type_support.cpp
[ 60%] Linking CXX static library libstd_srvs__rosidl_typesupport_c.a
/opt/st/stm32cubeclt_1.16.0/CMake/bin/cmake -P CMakeFiles/std_srvs__rosidl_typesupport_c.dir/cmake_clean_target.cmake
/opt/st/stm32cubeclt_1.16.0/CMake/bin/cmake -E cmake_link_script CMakeFiles/std_srvs__rosidl_typesupport_c.dir/link.txt --verbose=1
/opt/st/stm32cubeclt_1.16.0/GNU-tools-for-STM32/bin/arm-none-eabi-ar qc libstd_srvs__rosidl_typesupport_c.a CMakeFiles/std_srvs__rosidl_typesupport_c.dir/rosidl_typesupport_c/std_srvs/srv/empty__type_support.cpp.obj CMakeFiles/std_srvs__rosidl_typesupport_c.dir/rosidl_typesupport_c/std_srvs/srv/set_bool__type_support.cpp.obj CMakeFiles/std_srvs__rosidl_typesupport_c.dir/rosidl_typesupport_c/std_srvs/srv/trigger__type_support.cpp.obj
/opt/st/stm32cubeclt_1.16.0/GNU-tools-for-STM32/bin/arm-none-eabi-ranlib libstd_srvs__rosidl_typesupport_c.a
gmake[2]: ディレクトリ '/home/aa/hal_ws/f446_mainboard_template_hal/.microros_build/firmware/mcu_ws/build/std_srvs' から出ます
[ 60%] Built target std_srvs__rosidl_typesupport_c
cd /home/aa/hal_ws/f446_mainboard_template_hal/.microros_build/firmware/mcu_ws/build/std_srvs && /opt/st/stm32cubeclt_1.16.0/CMake/bin/cmake -E cmake_depends "Unix Makefiles" /home/aa/hal_ws/f446_mainboard_template_hal/.microros_build/firmware/mcu_ws/ros2/common_interfaces/std_srvs /home/aa/hal_ws/f446_mainboard_template_hal/.microros_build/firmware/mcu_ws/ros2/common_interfaces/std_srvs /home/aa/hal_ws/f446_mainboard_template_hal/.microros_build/firmware/mcu_ws/build/std_srvs /home/aa/hal_ws/f446_mainboard_template_hal/.microros_build/firmware/mcu_ws/build/std_srvs /home/aa/hal_ws/f446_mainboard_template_hal/.microros_build/firmware/mcu_ws/build/std_srvs/CMakeFiles/std_srvs__rosidl_typesupport_introspection_c.dir/DependInfo.cmake "--color="
cd /home/aa/hal_ws/f446_mainboard_template_hal/.microros_build/firmware/mcu_ws/build/std_srvs && /opt/st/stm32cubeclt_1.16.0/CMake/bin/cmake -E cmake_depends "Unix Makefiles" /home/aa/hal_ws/f446_mainboard_template_hal/.microros_build/firmware/mcu_ws/ros2/common_interfaces/std_srvs /home/aa/hal_ws/f446_mainboard_template_hal/.microros_build/firmware/mcu_ws/ros2/common_interfaces/std_srvs /home/aa/hal_ws/f446_mainboard_template_hal/.microros_build/firmware/mcu_ws/build/std_srvs /home/aa/hal_ws/f446_mainboard_template_hal/.microros_build/firmware/mcu_ws/build/std_srvs /home/aa/hal_ws/f446_mainboard_template_hal/.microros_build/firmware/mcu_ws/build/std_srvs/CMakeFiles/std_srvs__rosidl_typesupport_microxrcedds_c.dir/DependInfo.cmake "--color="
gmake[2]: ディレクトリ '/home/aa/hal_ws/f446_mainboard_template_hal/.microros_build/firmware/mcu_ws/build/std_srvs' から出ます
/usr/bin/gmake  -f CMakeFiles/std_srvs__rosidl_typesupport_introspection_c.dir/build.make CMakeFiles/std_srvs__rosidl_typesupport_introspection_c.dir/build
gmake[2]: ディレクトリ '/home/aa/hal_ws/f446_mainboard_template_hal/.microros_build/firmware/mcu_ws/build/std_srvs' から出ます
/usr/bin/gmake  -f CMakeFiles/std_srvs__rosidl_typesupport_microxrcedds_c.dir/build.make CMakeFiles/std_srvs__rosidl_typesupport_microxrcedds_c.dir/build
gmake[2]: ディレクトリ '/home/aa/hal_ws/f446_mainboard_template_hal/.microros_build/firmware/mcu_ws/build/std_srvs' に入ります
gmake[2]: ディレクトリ '/home/aa/hal_ws/f446_mainboard_template_hal/.microros_build/firmware/mcu_ws/build/std_srvs' に入ります
[ 65%] Building C object CMakeFiles/std_srvs__rosidl_typesupport_introspection_c.dir/rosidl_typesupport_introspection_c/std_srvs/srv/detail/empty__type_support.c.obj
[ 70%] Building C object CMakeFiles/std_srvs__rosidl_typesupport_introspection_c.dir/rosidl_typesupport_introspection_c/std_srvs/srv/detail/set_bool__type_support.c.obj
/opt/st/stm32cubeclt_1.16.0/GNU-tools-for-STM32/bin/arm-none-eabi-gcc -DROS_PACKAGE_NAME=\"std_srvs\" -I/home/aa/hal_ws/f446_mainboard_template_hal/.microros_build/firmware/mcu_ws/build/std_srvs/rosidl_typesupport_introspection_c -I/home/aa/hal_ws/f446_mainboard_template_hal/.microros_build/firmware/mcu_ws/build/std_srvs/rosidl_generator_c -isystem /home/aa/hal_ws/f446_mainboard_template_hal/.microros_build/firmware/mcu_ws/install/include/rosidl_runtime_c -isystem /home/aa/hal_ws/f446_mainboard_template_hal/.microros_build/firmware/mcu_ws/install/include/rcutils -isystem /home/aa/hal_ws/f446_mainboard_template_hal/.microros_build/firmware/mcu_ws/install/include/rosidl_typesupport_interface -isystem /home/aa/hal_ws/f446_mainboard_template_hal/.microros_build/firmware/mcu_ws/install/include/rosidl_typesupport_introspection_c -mcpu=cortex-m4 -mthumb -mfpu=fpv4-sp-d16 -mfloat-abi=hard -ffunction-sections -fdata-sections -fno-common -std=gnu11 -DCLOCK_MONOTONIC=0 -O3 -DNDEBUG -std=gnu11 -Wall -MD -MT CMakeFiles/std_srvs__rosidl_typesupport_introspection_c.dir/rosidl_typesupport_introspection_c/std_srvs/srv/detail/empty__type_support.c.obj -MF CMakeFiles/std_srvs__rosidl_typesupport_introspection_c.dir/rosidl_typesupport_introspection_c/std_srvs/srv/detail/empty__type_support.c.obj.d -o CMakeFiles/std_srvs__rosidl_typesupport_introspection_c.dir/rosidl_typesupport_introspection_c/std_srvs/srv/detail/empty__type_support.c.obj -c /home/aa/hal_ws/f446_mainboard_template_hal/.microros_build/firmware/mcu_ws/build/std_srvs/rosidl_typesupport_introspection_c/std_srvs/srv/detail/empty__type_support.c
[ 80%] Building C object CMakeFiles/std_srvs__rosidl_typesupport_introspection_c.dir/rosidl_typesupport_introspection_c/std_srvs/srv/detail/trigger__type_support.c.obj
[ 80%] Building C object CMakeFiles/std_srvs__rosidl_typesupport_microxrcedds_c.dir/rosidl_typesupport_microxrcedds_c/std_srvs/srv/detail/microxrcedds/empty__type_support_c.c.obj
[ 85%] Building C object CMakeFiles/std_srvs__rosidl_typesupport_microxrcedds_c.dir/rosidl_typesupport_microxrcedds_c/std_srvs/srv/detail/microxrcedds/set_bool__type_support_c.c.obj
/opt/st/stm32cubeclt_1.16.0/GNU-tools-for-STM32/bin/arm-none-eabi-gcc -DROS_PACKAGE_NAME=\"std_srvs\" -I/home/aa/hal_ws/f446_mainboard_template_hal/.microros_build/firmware/mcu_ws/build/std_srvs/rosidl_typesupport_introspection_c -I/home/aa/hal_ws/f446_mainboard_template_hal/.microros_build/firmware/mcu_ws/build/std_srvs/rosidl_generator_c -isystem /home/aa/hal_ws/f446_mainboard_template_hal/.microros_build/firmware/mcu_ws/install/include/rosidl_runtime_c -isystem /home/aa/hal_ws/f446_mainboard_template_hal/.microros_build/firmware/mcu_ws/install/include/rcutils -isystem /home/aa/hal_ws/f446_mainboard_template_hal/.microros_build/firmware/mcu_ws/install/include/rosidl_typesupport_interface -isystem /home/aa/hal_ws/f446_mainboard_template_hal/.microros_build/firmware/mcu_ws/install/include/rosidl_typesupport_introspection_c -mcpu=cortex-m4 -mthumb -mfpu=fpv4-sp-d16 -mfloat-abi=hard -ffunction-sections -fdata-sections -fno-common -std=gnu11 -DCLOCK_MONOTONIC=0 -O3 -DNDEBUG -std=gnu11 -Wall -MD -MT CMakeFiles/std_srvs__rosidl_typesupport_introspection_c.dir/rosidl_typesupport_introspection_c/std_srvs/srv/detail/set_bool__type_support.c.obj -MF CMakeFiles/std_srvs__rosidl_typesupport_introspection_c.dir/rosidl_typesupport_introspection_c/std_srvs/srv/detail/set_bool__type_support.c.obj.d -o CMakeFiles/std_srvs__rosidl_typesupport_introspection_c.dir/rosidl_typesupport_introspection_c/std_srvs/srv/detail/set_bool__type_support.c.obj -c /home/aa/hal_ws/f446_mainboard_template_hal/.microros_build/firmware/mcu_ws/build/std_srvs/rosidl_typesupport_introspection_c/std_srvs/srv/detail/set_bool__type_support.c
[ 90%] Building C object CMakeFiles/std_srvs__rosidl_typesupport_microxrcedds_c.dir/rosidl_typesupport_microxrcedds_c/std_srvs/srv/detail/microxrcedds/trigger__type_support_c.c.obj
/opt/st/stm32cubeclt_1.16.0/GNU-tools-for-STM32/bin/arm-none-eabi-gcc -DROS_PACKAGE_NAME=\"std_srvs\" -I/home/aa/hal_ws/f446_mainboard_template_hal/.microros_build/firmware/mcu_ws/build/std_srvs/rosidl_generator_c -I/home/aa/hal_ws/f446_mainboard_template_hal/.microros_build/firmware/mcu_ws/build/std_srvs/rosidl_typesupport_microxrcedds_c -isystem /home/aa/hal_ws/f446_mainboard_template_hal/.microros_build/firmware/mcu_ws/install/include/rmw -isystem /home/aa/hal_ws/f446_mainboard_template_hal/.microros_build/firmware/mcu_ws/install/include/rosidl_runtime_c -isystem /home/aa/hal_ws/f446_mainboard_template_hal/.microros_build/firmware/mcu_ws/install/include -isystem /home/aa/hal_ws/f446_mainboard_template_hal/.microros_build/firmware/mcu_ws/install/include/rosidl_typesupport_interface -isystem /home/aa/hal_ws/f446_mainboard_template_hal/.microros_build/firmware/mcu_ws/install/include/rcutils -mcpu=cortex-m4 -mthumb -mfpu=fpv4-sp-d16 -mfloat-abi=hard -ffunction-sections -fdata-sections -fno-common -std=gnu11 -DCLOCK_MONOTONIC=0 -O3 -DNDEBUG -std=gnu99 -Wall -Wextra -Wpedantic -MD -MT CMakeFiles/std_srvs__rosidl_typesupport_microxrcedds_c.dir/rosidl_typesupport_microxrcedds_c/std_srvs/srv/detail/microxrcedds/empty__type_support_c.c.obj -MF CMakeFiles/std_srvs__rosidl_typesupport_microxrcedds_c.dir/rosidl_typesupport_microxrcedds_c/std_srvs/srv/detail/microxrcedds/empty__type_support_c.c.obj.d -o CMakeFiles/std_srvs__rosidl_typesupport_microxrcedds_c.dir/rosidl_typesupport_microxrcedds_c/std_srvs/srv/detail/microxrcedds/empty__type_support_c.c.obj -c /home/aa/hal_ws/f446_mainboard_template_hal/.microros_build/firmware/mcu_ws/build/std_srvs/rosidl_typesupport_microxrcedds_c/std_srvs/srv/detail/microxrcedds/empty__type_support_c.c
/opt/st/stm32cubeclt_1.16.0/GNU-tools-for-STM32/bin/arm-none-eabi-gcc -DROS_PACKAGE_NAME=\"std_srvs\" -I/home/aa/hal_ws/f446_mainboard_template_hal/.microros_build/firmware/mcu_ws/build/std_srvs/rosidl_typesupport_introspection_c -I/home/aa/hal_ws/f446_mainboard_template_hal/.microros_build/firmware/mcu_ws/build/std_srvs/rosidl_generator_c -isystem /home/aa/hal_ws/f446_mainboard_template_hal/.microros_build/firmware/mcu_ws/install/include/rosidl_runtime_c -isystem /home/aa/hal_ws/f446_mainboard_template_hal/.microros_build/firmware/mcu_ws/install/include/rcutils -isystem /home/aa/hal_ws/f446_mainboard_template_hal/.microros_build/firmware/mcu_ws/install/include/rosidl_typesupport_interface -isystem /home/aa/hal_ws/f446_mainboard_template_hal/.microros_build/firmware/mcu_ws/install/include/rosidl_typesupport_introspection_c -mcpu=cortex-m4 -mthumb -mfpu=fpv4-sp-d16 -mfloat-abi=hard -ffunction-sections -fdata-sections -fno-common -std=gnu11 -DCLOCK_MONOTONIC=0 -O3 -DNDEBUG -std=gnu11 -Wall -MD -MT CMakeFiles/std_srvs__rosidl_typesupport_introspection_c.dir/rosidl_typesupport_introspection_c/std_srvs/srv/detail/trigger__type_support.c.obj -MF CMakeFiles/std_srvs__rosidl_typesupport_introspection_c.dir/rosidl_typesupport_introspection_c/std_srvs/srv/detail/trigger__type_support.c.obj.d -o CMakeFiles/std_srvs__rosidl_typesupport_introspection_c.dir/rosidl_typesupport_introspection_c/std_srvs/srv/detail/trigger__type_support.c.obj -c /home/aa/hal_ws/f446_mainboard_template_hal/.microros_build/firmware/mcu_ws/build/std_srvs/rosidl_typesupport_introspection_c/std_srvs/srv/detail/trigger__type_support.c
/opt/st/stm32cubeclt_1.16.0/GNU-tools-for-STM32/bin/arm-none-eabi-gcc -DROS_PACKAGE_NAME=\"std_srvs\" -I/home/aa/hal_ws/f446_mainboard_template_hal/.microros_build/firmware/mcu_ws/build/std_srvs/rosidl_generator_c -I/home/aa/hal_ws/f446_mainboard_template_hal/.microros_build/firmware/mcu_ws/build/std_srvs/rosidl_typesupport_microxrcedds_c -isystem /home/aa/hal_ws/f446_mainboard_template_hal/.microros_build/firmware/mcu_ws/install/include/rmw -isystem /home/aa/hal_ws/f446_mainboard_template_hal/.microros_build/firmware/mcu_ws/install/include/rosidl_runtime_c -isystem /home/aa/hal_ws/f446_mainboard_template_hal/.microros_build/firmware/mcu_ws/install/include -isystem /home/aa/hal_ws/f446_mainboard_template_hal/.microros_build/firmware/mcu_ws/install/include/rosidl_typesupport_interface -isystem /home/aa/hal_ws/f446_mainboard_template_hal/.microros_build/firmware/mcu_ws/install/include/rcutils -mcpu=cortex-m4 -mthumb -mfpu=fpv4-sp-d16 -mfloat-abi=hard -ffunction-sections -fdata-sections -fno-common -std=gnu11 -DCLOCK_MONOTONIC=0 -O3 -DNDEBUG -std=gnu99 -Wall -Wextra -Wpedantic -MD -MT CMakeFiles/std_srvs__rosidl_typesupport_microxrcedds_c.dir/rosidl_typesupport_microxrcedds_c/std_srvs/srv/detail/microxrcedds/set_bool__type_support_c.c.obj -MF CMakeFiles/std_srvs__rosidl_typesupport_microxrcedds_c.dir/rosidl_typesupport_microxrcedds_c/std_srvs/srv/detail/microxrcedds/set_bool__type_support_c.c.obj.d -o CMakeFiles/std_srvs__rosidl_typesupport_microxrcedds_c.dir/rosidl_typesupport_microxrcedds_c/std_srvs/srv/detail/microxrcedds/set_bool__type_support_c.c.obj -c /home/aa/hal_ws/f446_mainboard_template_hal/.microros_build/firmware/mcu_ws/build/std_srvs/rosidl_typesupport_microxrcedds_c/std_srvs/srv/detail/microxrcedds/set_bool__type_support_c.c
/opt/st/stm32cubeclt_1.16.0/GNU-tools-for-STM32/bin/arm-none-eabi-gcc -DROS_PACKAGE_NAME=\"std_srvs\" -I/home/aa/hal_ws/f446_mainboard_template_hal/.microros_build/firmware/mcu_ws/build/std_srvs/rosidl_generator_c -I/home/aa/hal_ws/f446_mainboard_template_hal/.microros_build/firmware/mcu_ws/build/std_srvs/rosidl_typesupport_microxrcedds_c -isystem /home/aa/hal_ws/f446_mainboard_template_hal/.microros_build/firmware/mcu_ws/install/include/rmw -isystem /home/aa/hal_ws/f446_mainboard_template_hal/.microros_build/firmware/mcu_ws/install/include/rosidl_runtime_c -isystem /home/aa/hal_ws/f446_mainboard_template_hal/.microros_build/firmware/mcu_ws/install/include -isystem /home/aa/hal_ws/f446_mainboard_template_hal/.microros_build/firmware/mcu_ws/install/include/rosidl_typesupport_interface -isystem /home/aa/hal_ws/f446_mainboard_template_hal/.microros_build/firmware/mcu_ws/install/include/rcutils -mcpu=cortex-m4 -mthumb -mfpu=fpv4-sp-d16 -mfloat-abi=hard -ffunction-sections -fdata-sections -fno-common -std=gnu11 -DCLOCK_MONOTONIC=0 -O3 -DNDEBUG -std=gnu99 -Wall -Wextra -Wpedantic -MD -MT CMakeFiles/std_srvs__rosidl_typesupport_microxrcedds_c.dir/rosidl_typesupport_microxrcedds_c/std_srvs/srv/detail/microxrcedds/trigger__type_support_c.c.obj -MF CMakeFiles/std_srvs__rosidl_typesupport_microxrcedds_c.dir/rosidl_typesupport_microxrcedds_c/std_srvs/srv/detail/microxrcedds/trigger__type_support_c.c.obj.d -o CMakeFiles/std_srvs__rosidl_typesupport_microxrcedds_c.dir/rosidl_typesupport_microxrcedds_c/std_srvs/srv/detail/microxrcedds/trigger__type_support_c.c.obj -c /home/aa/hal_ws/f446_mainboard_template_hal/.microros_build/firmware/mcu_ws/build/std_srvs/rosidl_typesupport_microxrcedds_c/std_srvs/srv/detail/microxrcedds/trigger__type_support_c.c
[ 95%] Linking C static library libstd_srvs__rosidl_typesupport_introspection_c.a
/opt/st/stm32cubeclt_1.16.0/CMake/bin/cmake -P CMakeFiles/std_srvs__rosidl_typesupport_introspection_c.dir/cmake_clean_target.cmake
/opt/st/stm32cubeclt_1.16.0/CMake/bin/cmake -E cmake_link_script CMakeFiles/std_srvs__rosidl_typesupport_introspection_c.dir/link.txt --verbose=1
/opt/st/stm32cubeclt_1.16.0/GNU-tools-for-STM32/bin/arm-none-eabi-ar qc libstd_srvs__rosidl_typesupport_introspection_c.a CMakeFiles/std_srvs__rosidl_typesupport_introspection_c.dir/rosidl_typesupport_introspection_c/std_srvs/srv/detail/empty__type_support.c.obj CMakeFiles/std_srvs__rosidl_typesupport_introspection_c.dir/rosidl_typesupport_introspection_c/std_srvs/srv/detail/set_bool__type_support.c.obj CMakeFiles/std_srvs__rosidl_typesupport_introspection_c.dir/rosidl_typesupport_introspection_c/std_srvs/srv/detail/trigger__type_support.c.obj
/opt/st/stm32cubeclt_1.16.0/GNU-tools-for-STM32/bin/arm-none-eabi-ranlib libstd_srvs__rosidl_typesupport_introspection_c.a
gmake[2]: ディレクトリ '/home/aa/hal_ws/f446_mainboard_template_hal/.microros_build/firmware/mcu_ws/build/std_srvs' から出ます
[ 95%] Built target std_srvs__rosidl_typesupport_introspection_c
[100%] Linking C static library libstd_srvs__rosidl_typesupport_microxrcedds_c.a
/opt/st/stm32cubeclt_1.16.0/CMake/bin/cmake -P CMakeFiles/std_srvs__rosidl_typesupport_microxrcedds_c.dir/cmake_clean_target.cmake
/opt/st/stm32cubeclt_1.16.0/CMake/bin/cmake -E cmake_link_script CMakeFiles/std_srvs__rosidl_typesupport_microxrcedds_c.dir/link.txt --verbose=1
/opt/st/stm32cubeclt_1.16.0/GNU-tools-for-STM32/bin/arm-none-eabi-ar qc libstd_srvs__rosidl_typesupport_microxrcedds_c.a CMakeFiles/std_srvs__rosidl_typesupport_microxrcedds_c.dir/rosidl_typesupport_microxrcedds_c/std_srvs/srv/detail/microxrcedds/empty__type_support_c.c.obj CMakeFiles/std_srvs__rosidl_typesupport_microxrcedds_c.dir/rosidl_typesupport_microxrcedds_c/std_srvs/srv/detail/microxrcedds/set_bool__type_support_c.c.obj CMakeFiles/std_srvs__rosidl_typesupport_microxrcedds_c.dir/rosidl_typesupport_microxrcedds_c/std_srvs/srv/detail/microxrcedds/trigger__type_support_c.c.obj
/opt/st/stm32cubeclt_1.16.0/GNU-tools-for-STM32/bin/arm-none-eabi-ranlib libstd_srvs__rosidl_typesupport_microxrcedds_c.a
gmake[2]: ディレクトリ '/home/aa/hal_ws/f446_mainboard_template_hal/.microros_build/firmware/mcu_ws/build/std_srvs' から出ます
[100%] Built target std_srvs__rosidl_typesupport_microxrcedds_c
/usr/bin/gmake  -f CMakeFiles/std_srvs.dir/build.make CMakeFiles/std_srvs.dir/depend
gmake[2]: ディレクトリ '/home/aa/hal_ws/f446_mainboard_template_hal/.microros_build/firmware/mcu_ws/build/std_srvs' に入ります
cd /home/aa/hal_ws/f446_mainboard_template_hal/.microros_build/firmware/mcu_ws/build/std_srvs && /opt/st/stm32cubeclt_1.16.0/CMake/bin/cmake -E cmake_depends "Unix Makefiles" /home/aa/hal_ws/f446_mainboard_template_hal/.microros_build/firmware/mcu_ws/ros2/common_interfaces/std_srvs /home/aa/hal_ws/f446_mainboard_template_hal/.microros_build/firmware/mcu_ws/ros2/common_interfaces/std_srvs /home/aa/hal_ws/f446_mainboard_template_hal/.microros_build/firmware/mcu_ws/build/std_srvs /home/aa/hal_ws/f446_mainboard_template_hal/.microros_build/firmware/mcu_ws/build/std_srvs /home/aa/hal_ws/f446_mainboard_template_hal/.microros_build/firmware/mcu_ws/build/std_srvs/CMakeFiles/std_srvs.dir/DependInfo.cmake "--color="
gmake[2]: ディレクトリ '/home/aa/hal_ws/f446_mainboard_template_hal/.microros_build/firmware/mcu_ws/build/std_srvs' から出ます
/usr/bin/gmake  -f CMakeFiles/std_srvs.dir/build.make CMakeFiles/std_srvs.dir/build
gmake[2]: ディレクトリ '/home/aa/hal_ws/f446_mainboard_template_hal/.microros_build/firmware/mcu_ws/build/std_srvs' に入ります
gmake[2]: 'CMakeFiles/std_srvs.dir/build' に対して行うべき事はありません.
gmake[2]: ディレクトリ '/home/aa/hal_ws/f446_mainboard_template_hal/.microros_build/firmware/mcu_ws/build/std_srvs' から出ます
[100%] Built target std_srvs
gmake[1]: ディレクトリ '/home/aa/hal_ws/f446_mainboard_template_hal/.microros_build/firmware/mcu_ws/build/std_srvs' から出ます
/opt/st/stm32cubeclt_1.16.0/CMake/bin/cmake -E cmake_progress_start /home/aa/hal_ws/f446_mainboard_template_hal/.microros_build/firmware/mcu_ws/build/std_srvs/CMakeFiles 0

-- Install configuration: "Release"
-- Installing: /home/aa/hal_ws/f446_mainboard_template_hal/.microros_build/firmware/mcu_ws/install/share/ament_index/resource_index/rosidl_interfaces/std_srvs
-- Installing: /home/aa/hal_ws/f446_mainboard_template_hal/.microros_build/firmware/mcu_ws/install/include/std_srvs/std_srvs
-- Installing: /home/aa/hal_ws/f446_mainboard_template_hal/.microros_build/firmware/mcu_ws/install/include/std_srvs/std_srvs/msg
-- Installing: /home/aa/hal_ws/f446_mainboard_template_hal/.microros_build/firmware/mcu_ws/install/include/std_srvs/std_srvs/msg/rosidl_generator_c__visibility_control.h
-- Installing: /home/aa/hal_ws/f446_mainboard_template_hal/.microros_build/firmware/mcu_ws/install/include/std_srvs/std_srvs/srv
-- Installing: /home/aa/hal_ws/f446_mainboard_template_hal/.microros_build/firmware/mcu_ws/install/include/std_srvs/std_srvs/srv/detail
-- Installing: /home/aa/hal_ws/f446_mainboard_template_hal/.microros_build/firmware/mcu_ws/install/include/std_srvs/std_srvs/srv/detail/empty__struct.h
-- Installing: /home/aa/hal_ws/f446_mainboard_template_hal/.microros_build/firmware/mcu_ws/install/include/std_srvs/std_srvs/srv/detail/trigger__type_support.h
-- Installing: /home/aa/hal_ws/f446_mainboard_template_hal/.microros_build/firmware/mcu_ws/install/include/std_srvs/std_srvs/srv/detail/set_bool__functions.h
-- Installing: /home/aa/hal_ws/f446_mainboard_template_hal/.microros_build/firmware/mcu_ws/install/include/std_srvs/std_srvs/srv/detail/trigger__functions.h
-- Installing: /home/aa/hal_ws/f446_mainboard_template_hal/.microros_build/firmware/mcu_ws/install/include/std_srvs/std_srvs/srv/detail/empty__functions.h
-- Installing: /home/aa/hal_ws/f446_mainboard_template_hal/.microros_build/firmware/mcu_ws/install/include/std_srvs/std_srvs/srv/detail/trigger__functions.c
-- Installing: /home/aa/hal_ws/f446_mainboard_template_hal/.microros_build/firmware/mcu_ws/install/include/std_srvs/std_srvs/srv/detail/set_bool__struct.h
-- Installing: /home/aa/hal_ws/f446_mainboard_template_hal/.microros_build/firmware/mcu_ws/install/include/std_srvs/std_srvs/srv/detail/set_bool__functions.c
-- Installing: /home/aa/hal_ws/f446_mainboard_template_hal/.microros_build/firmware/mcu_ws/install/include/std_srvs/std_srvs/srv/detail/empty__functions.c
-- Installing: /home/aa/hal_ws/f446_mainboard_template_hal/.microros_build/firmware/mcu_ws/install/include/std_srvs/std_srvs/srv/detail/set_bool__type_support.h
-- Installing: /home/aa/hal_ws/f446_mainboard_template_hal/.microros_build/firmware/mcu_ws/install/include/std_srvs/std_srvs/srv/detail/empty__type_support.h
-- Installing: /home/aa/hal_ws/f446_mainboard_template_hal/.microros_build/firmware/mcu_ws/install/include/std_srvs/std_srvs/srv/detail/trigger__struct.h
-- Installing: /home/aa/hal_ws/f446_mainboard_template_hal/.microros_build/firmware/mcu_ws/install/include/std_srvs/std_srvs/srv/trigger.h
-- Installing: /home/aa/hal_ws/f446_mainboard_template_hal/.microros_build/firmware/mcu_ws/install/include/std_srvs/std_srvs/srv/set_bool.h
-- Installing: /home/aa/hal_ws/f446_mainboard_template_hal/.microros_build/firmware/mcu_ws/install/include/std_srvs/std_srvs/srv/empty.h
-- Installing: /home/aa/hal_ws/f446_mainboard_template_hal/.microros_build/firmware/mcu_ws/install/share/std_srvs/environment/library_path.sh
-- Installing: /home/aa/hal_ws/f446_mainboard_template_hal/.microros_build/firmware/mcu_ws/install/share/std_srvs/environment/library_path.dsv
-- Installing: /home/aa/hal_ws/f446_mainboard_template_hal/.microros_build/firmware/mcu_ws/install/lib/libstd_srvs__rosidl_generator_c.a
-- Up-to-date: /home/aa/hal_ws/f446_mainboard_template_hal/.microros_build/firmware/mcu_ws/install/include/std_srvs/std_srvs
-- Up-to-date: /home/aa/hal_ws/f446_mainboard_template_hal/.microros_build/firmware/mcu_ws/install/include/std_srvs/std_srvs/msg
-- Installing: /home/aa/hal_ws/f446_mainboard_template_hal/.microros_build/firmware/mcu_ws/install/include/std_srvs/std_srvs/msg/rosidl_typesupport_introspection_c__visibility_control.h
-- Up-to-date: /home/aa/hal_ws/f446_mainboard_template_hal/.microros_build/firmware/mcu_ws/install/include/std_srvs/std_srvs/srv
-- Up-to-date: /home/aa/hal_ws/f446_mainboard_template_hal/.microros_build/firmware/mcu_ws/install/include/std_srvs/std_srvs/srv/detail
-- Installing: /home/aa/hal_ws/f446_mainboard_template_hal/.microros_build/firmware/mcu_ws/install/include/std_srvs/std_srvs/srv/detail/set_bool__rosidl_typesupport_introspection_c.h
-- Installing: /home/aa/hal_ws/f446_mainboard_template_hal/.microros_build/firmware/mcu_ws/install/include/std_srvs/std_srvs/srv/detail/trigger__rosidl_typesupport_introspection_c.h
-- Installing: /home/aa/hal_ws/f446_mainboard_template_hal/.microros_build/firmware/mcu_ws/install/include/std_srvs/std_srvs/srv/detail/set_bool__type_support.c
-- Installing: /home/aa/hal_ws/f446_mainboard_template_hal/.microros_build/firmware/mcu_ws/install/include/std_srvs/std_srvs/srv/detail/trigger__type_support.c
-- Installing: /home/aa/hal_ws/f446_mainboard_template_hal/.microros_build/firmware/mcu_ws/install/include/std_srvs/std_srvs/srv/detail/empty__rosidl_typesupport_introspection_c.h
-- Installing: /home/aa/hal_ws/f446_mainboard_template_hal/.microros_build/firmware/mcu_ws/install/include/std_srvs/std_srvs/srv/detail/empty__type_support.c
-- Installing: /home/aa/hal_ws/f446_mainboard_template_hal/.microros_build/firmware/mcu_ws/install/lib/libstd_srvs__rosidl_typesupport_introspection_c.a
-- Up-to-date: /home/aa/hal_ws/f446_mainboard_template_hal/.microros_build/firmware/mcu_ws/install/include/std_srvs/std_srvs
-- Up-to-date: /home/aa/hal_ws/f446_mainboard_template_hal/.microros_build/firmware/mcu_ws/install/include/std_srvs/std_srvs/msg
-- Installing: /home/aa/hal_ws/f446_mainboard_template_hal/.microros_build/firmware/mcu_ws/install/include/std_srvs/std_srvs/msg/rosidl_typesupport_microxrcedds_c__visibility_control.h
-- Up-to-date: /home/aa/hal_ws/f446_mainboard_template_hal/.microros_build/firmware/mcu_ws/install/include/std_srvs/std_srvs/srv
-- Up-to-date: /home/aa/hal_ws/f446_mainboard_template_hal/.microros_build/firmware/mcu_ws/install/include/std_srvs/std_srvs/srv/detail
-- Installing: /home/aa/hal_ws/f446_mainboard_template_hal/.microros_build/firmware/mcu_ws/install/include/std_srvs/std_srvs/srv/detail/set_bool__rosidl_typesupport_microxrcedds_c.h
-- Installing: /home/aa/hal_ws/f446_mainboard_template_hal/.microros_build/firmware/mcu_ws/install/include/std_srvs/std_srvs/srv/detail/trigger__rosidl_typesupport_microxrcedds_c.h
-- Installing: /home/aa/hal_ws/f446_mainboard_template_hal/.microros_build/firmware/mcu_ws/install/include/std_srvs/std_srvs/srv/detail/empty__rosidl_typesupport_microxrcedds_c.h
-- Installing: /home/aa/hal_ws/f446_mainboard_template_hal/.microros_build/firmware/mcu_ws/install/include/std_srvs/std_srvs/srv/detail/microxrcedds
-- Installing: /home/aa/hal_ws/f446_mainboard_template_hal/.microros_build/firmware/mcu_ws/install/lib/libstd_srvs__rosidl_typesupport_microxrcedds_c.a
-- Installing: /home/aa/hal_ws/f446_mainboard_template_hal/.microros_build/firmware/mcu_ws/install/lib/libstd_srvs__rosidl_typesupport_c.a
-- Installing: /home/aa/hal_ws/f446_mainboard_template_hal/.microros_build/firmware/mcu_ws/install/share/std_srvs/srv/Empty.idl
-- Installing: /home/aa/hal_ws/f446_mainboard_template_hal/.microros_build/firmware/mcu_ws/install/share/std_srvs/srv/SetBool.idl
-- Installing: /home/aa/hal_ws/f446_mainboard_template_hal/.microros_build/firmware/mcu_ws/install/share/std_srvs/srv/Trigger.idl
-- Installing: /home/aa/hal_ws/f446_mainboard_template_hal/.microros_build/firmware/mcu_ws/install/share/std_srvs/srv/Empty.srv
-- Installing: /home/aa/hal_ws/f446_mainboard_template_hal/.microros_build/firmware/mcu_ws/install/share/std_srvs/srv/Empty_Request.msg
-- Installing: /home/aa/hal_ws/f446_mainboard_template_hal/.microros_build/firmware/mcu_ws/install/share/std_srvs/srv/Empty_Response.msg
-- Installing: /home/aa/hal_ws/f446_mainboard_template_hal/.microros_build/firmware/mcu_ws/install/share/std_srvs/srv/SetBool.srv
-- Installing: /home/aa/hal_ws/f446_mainboard_template_hal/.microros_build/firmware/mcu_ws/install/share/std_srvs/srv/SetBool_Request.msg
-- Installing: /home/aa/hal_ws/f446_mainboard_template_hal/.microros_build/firmware/mcu_ws/install/share/std_srvs/srv/SetBool_Response.msg
-- Installing: /home/aa/hal_ws/f446_mainboard_template_hal/.microros_build/firmware/mcu_ws/install/share/std_srvs/srv/Trigger.srv
-- Installing: /home/aa/hal_ws/f446_mainboard_template_hal/.microros_build/firmware/mcu_ws/install/share/std_srvs/srv/Trigger_Request.msg
-- Installing: /home/aa/hal_ws/f446_mainboard_template_hal/.microros_build/firmware/mcu_ws/install/share/std_srvs/srv/Trigger_Response.msg
-- Installing: /home/aa/hal_ws/f446_mainboard_template_hal/.microros_build/firmware/mcu_ws/install/share/ament_index/resource_index/package_run_dependencies/std_srvs
-- Installing: /home/aa/hal_ws/f446_mainboard_template_hal/.microros_build/firmware/mcu_ws/install/share/ament_index/resource_index/parent_prefix_path/std_srvs
-- Installing: /home/aa/hal_ws/f446_mainboard_template_hal/.microros_build/firmware/mcu_ws/install/share/std_srvs/environment/ament_prefix_path.sh
-- Installing: /home/aa/hal_ws/f446_mainboard_template_hal/.microros_build/firmware/mcu_ws/install/share/std_srvs/environment/ament_prefix_path.dsv
-- Installing: /home/aa/hal_ws/f446_mainboard_template_hal/.microros_build/firmware/mcu_ws/install/share/std_srvs/environment/path.sh
-- Installing: /home/aa/hal_ws/f446_mainboard_template_hal/.microros_build/firmware/mcu_ws/install/share/std_srvs/environment/path.dsv
-- Installing: /home/aa/hal_ws/f446_mainboard_template_hal/.microros_build/firmware/mcu_ws/install/share/std_srvs/local_setup.bash
-- Installing: /home/aa/hal_ws/f446_mainboard_template_hal/.microros_build/firmware/mcu_ws/install/share/std_srvs/local_setup.sh
-- Installing: /home/aa/hal_ws/f446_mainboard_template_hal/.microros_build/firmware/mcu_ws/install/share/std_srvs/local_setup.zsh
-- Installing: /home/aa/hal_ws/f446_mainboard_template_hal/.microros_build/firmware/mcu_ws/install/share/std_srvs/local_setup.dsv
-- Installing: /home/aa/hal_ws/f446_mainboard_template_hal/.microros_build/firmware/mcu_ws/install/share/std_srvs/package.dsv
-- Installing: /home/aa/hal_ws/f446_mainboard_template_hal/.microros_build/firmware/mcu_ws/install/share/ament_index/resource_index/packages/std_srvs
-- Installing: /home/aa/hal_ws/f446_mainboard_template_hal/.microros_build/firmware/mcu_ws/install/share/std_srvs/cmake/export_std_srvs__rosidl_generator_cExport.cmake
-- Installing: /home/aa/hal_ws/f446_mainboard_template_hal/.microros_build/firmware/mcu_ws/install/share/std_srvs/cmake/export_std_srvs__rosidl_generator_cExport-release.cmake
-- Installing: /home/aa/hal_ws/f446_mainboard_template_hal/.microros_build/firmware/mcu_ws/install/share/std_srvs/cmake/std_srvs__rosidl_typesupport_introspection_cExport.cmake
-- Installing: /home/aa/hal_ws/f446_mainboard_template_hal/.microros_build/firmware/mcu_ws/install/share/std_srvs/cmake/std_srvs__rosidl_typesupport_introspection_cExport-release.cmake
-- Installing: /home/aa/hal_ws/f446_mainboard_template_hal/.microros_build/firmware/mcu_ws/install/share/std_srvs/cmake/std_srvs__rosidl_typesupport_cExport.cmake
-- Installing: /home/aa/hal_ws/f446_mainboard_template_hal/.microros_build/firmware/mcu_ws/install/share/std_srvs/cmake/std_srvs__rosidl_typesupport_cExport-release.cmake
-- Installing: /home/aa/hal_ws/f446_mainboard_template_hal/.microros_build/firmware/mcu_ws/install/share/std_srvs/cmake/rosidl_cmake-extras.cmake
-- Installing: /home/aa/hal_ws/f446_mainboard_template_hal/.microros_build/firmware/mcu_ws/install/share/std_srvs/cmake/ament_cmake_export_include_directories-extras.cmake
-- Installing: /home/aa/hal_ws/f446_mainboard_template_hal/.microros_build/firmware/mcu_ws/install/share/std_srvs/cmake/ament_cmake_export_libraries-extras.cmake
-- Installing: /home/aa/hal_ws/f446_mainboard_template_hal/.microros_build/firmware/mcu_ws/install/share/std_srvs/cmake/ament_cmake_export_targets-extras.cmake
-- Installing: /home/aa/hal_ws/f446_mainboard_template_hal/.microros_build/firmware/mcu_ws/install/share/std_srvs/cmake/rosidl_cmake_export_typesupport_targets-extras.cmake
-- Installing: /home/aa/hal_ws/f446_mainboard_template_hal/.microros_build/firmware/mcu_ws/install/share/std_srvs/cmake/ament_cmake_export_dependencies-extras.cmake
-- Installing: /home/aa/hal_ws/f446_mainboard_template_hal/.microros_build/firmware/mcu_ws/install/share/std_srvs/cmake/rosidl_cmake_export_typesupport_libraries-extras.cmake
-- Installing: /home/aa/hal_ws/f446_mainboard_template_hal/.microros_build/firmware/mcu_ws/install/share/std_srvs/cmake/std_srvsConfig.cmake
-- Installing: /home/aa/hal_ws/f446_mainboard_template_hal/.microros_build/firmware/mcu_ws/install/share/std_srvs/cmake/std_srvsConfig-version.cmake
-- Installing: /home/aa/hal_ws/f446_mainboard_template_hal/.microros_build/firmware/mcu_ws/install/share/std_srvs/package.xml
