[1.861s] Invoking command in '/home/aa/hal_ws/f446_mainboard_template_hal/.microros_build/firmware/mcu_ws/uros/tracetools/tracetools_trace': PYTHONPATH=/home/aa/hal_ws/f446_mainboard_template_hal/.microros_build/firmware/mcu_ws/build/tracetools_trace/prefix_override:/usr/lib/python3/dist-packages/colcon_core/task/python/colcon_distutils_commands:/home/aa/hal_ws/f446_mainboard_template_hal/.microros_build/firmware/mcu_ws/install/lib/python3.10/site-packages:${PYTHONPATH} /usr/bin/python3 -W ignore:setup.py install is deprecated -W ignore:easy_install command is deprecated setup.py egg_info --egg-base ../../../build/tracetools_trace build --build-base /home/aa/hal_ws/f446_mainboard_template_hal/.microros_build/firmware/mcu_ws/build/tracetools_trace/build install --record /home/aa/hal_ws/f446_mainboard_template_hal/.microros_build/firmware/mcu_ws/build/tracetools_trace/install.log --single-version-externally-managed install_data
[2.175s] running egg_info
[2.176s] creating ../../../build/tracetools_trace/tracetools_trace.egg-info
[2.177s] writing ../../../build/tracetools_trace/tracetools_trace.egg-info/PKG-INFO
[2.177s] writing dependency_links to ../../../build/tracetools_trace/tracetools_trace.egg-info/dependency_links.txt
[2.177s] writing entry points to ../../../build/tracetools_trace/tracetools_trace.egg-info/entry_points.txt
[2.177s] writing requirements to ../../../build/tracetools_trace/tracetools_trace.egg-info/requires.txt
[2.178s] writing top-level names to ../../../build/tracetools_trace/tracetools_trace.egg-info/top_level.txt
[2.178s] writing manifest file '../../../build/tracetools_trace/tracetools_trace.egg-info/SOURCES.txt'
[2.181s] reading manifest file '../../../build/tracetools_trace/tracetools_trace.egg-info/SOURCES.txt'
[2.182s] writing manifest file '../../../build/tracetools_trace/tracetools_trace.egg-info/SOURCES.txt'
[2.182s] running build
[2.182s] running build_py
[2.182s] creating /home/aa/hal_ws/f446_mainboard_template_hal/.microros_build/firmware/mcu_ws/build/tracetools_trace/build
[2.182s] creating /home/aa/hal_ws/f446_mainboard_template_hal/.microros_build/firmware/mcu_ws/build/tracetools_trace/build/lib
[2.183s] creating /home/aa/hal_ws/f446_mainboard_template_hal/.microros_build/firmware/mcu_ws/build/tracetools_trace/build/lib/tracetools_trace
[2.183s] copying tracetools_trace/__init__.py -> /home/aa/hal_ws/f446_mainboard_template_hal/.microros_build/firmware/mcu_ws/build/tracetools_trace/build/lib/tracetools_trace
[2.183s] copying tracetools_trace/trace.py -> /home/aa/hal_ws/f446_mainboard_template_hal/.microros_build/firmware/mcu_ws/build/tracetools_trace/build/lib/tracetools_trace
[2.183s] creating /home/aa/hal_ws/f446_mainboard_template_hal/.microros_build/firmware/mcu_ws/build/tracetools_trace/build/lib/tracetools_trace/tools
[2.183s] copying tracetools_trace/tools/lttng_impl.py -> /home/aa/hal_ws/f446_mainboard_template_hal/.microros_build/firmware/mcu_ws/build/tracetools_trace/build/lib/tracetools_trace/tools
[2.183s] copying tracetools_trace/tools/path.py -> /home/aa/hal_ws/f446_mainboard_template_hal/.microros_build/firmware/mcu_ws/build/tracetools_trace/build/lib/tracetools_trace/tools
[2.183s] copying tracetools_trace/tools/signals.py -> /home/aa/hal_ws/f446_mainboard_template_hal/.microros_build/firmware/mcu_ws/build/tracetools_trace/build/lib/tracetools_trace/tools
[2.183s] copying tracetools_trace/tools/__init__.py -> /home/aa/hal_ws/f446_mainboard_template_hal/.microros_build/firmware/mcu_ws/build/tracetools_trace/build/lib/tracetools_trace/tools
[2.184s] copying tracetools_trace/tools/args.py -> /home/aa/hal_ws/f446_mainboard_template_hal/.microros_build/firmware/mcu_ws/build/tracetools_trace/build/lib/tracetools_trace/tools
[2.184s] copying tracetools_trace/tools/names.py -> /home/aa/hal_ws/f446_mainboard_template_hal/.microros_build/firmware/mcu_ws/build/tracetools_trace/build/lib/tracetools_trace/tools
[2.184s] copying tracetools_trace/tools/lttng.py -> /home/aa/hal_ws/f446_mainboard_template_hal/.microros_build/firmware/mcu_ws/build/tracetools_trace/build/lib/tracetools_trace/tools
[2.184s] copying tracetools_trace/tools/lttng_stub.py -> /home/aa/hal_ws/f446_mainboard_template_hal/.microros_build/firmware/mcu_ws/build/tracetools_trace/build/lib/tracetools_trace/tools
[2.184s] copying tracetools_trace/tools/tracepoints.py -> /home/aa/hal_ws/f446_mainboard_template_hal/.microros_build/firmware/mcu_ws/build/tracetools_trace/build/lib/tracetools_trace/tools
[2.184s] running install
[2.185s] running install_lib
[2.185s] creating /home/aa/hal_ws/f446_mainboard_template_hal/.microros_build/firmware/mcu_ws/install/lib/python3.10/site-packages/tracetools_trace
[2.186s] creating /home/aa/hal_ws/f446_mainboard_template_hal/.microros_build/firmware/mcu_ws/install/lib/python3.10/site-packages/tracetools_trace/tools
[2.186s] copying /home/aa/hal_ws/f446_mainboard_template_hal/.microros_build/firmware/mcu_ws/build/tracetools_trace/build/lib/tracetools_trace/tools/lttng_impl.py -> /home/aa/hal_ws/f446_mainboard_template_hal/.microros_build/firmware/mcu_ws/install/lib/python3.10/site-packages/tracetools_trace/tools
[2.186s] copying /home/aa/hal_ws/f446_mainboard_template_hal/.microros_build/firmware/mcu_ws/build/tracetools_trace/build/lib/tracetools_trace/tools/path.py -> /home/aa/hal_ws/f446_mainboard_template_hal/.microros_build/firmware/mcu_ws/install/lib/python3.10/site-packages/tracetools_trace/tools
[2.186s] copying /home/aa/hal_ws/f446_mainboard_template_hal/.microros_build/firmware/mcu_ws/build/tracetools_trace/build/lib/tracetools_trace/tools/signals.py -> /home/aa/hal_ws/f446_mainboard_template_hal/.microros_build/firmware/mcu_ws/install/lib/python3.10/site-packages/tracetools_trace/tools
[2.186s] copying /home/aa/hal_ws/f446_mainboard_template_hal/.microros_build/firmware/mcu_ws/build/tracetools_trace/build/lib/tracetools_trace/tools/__init__.py -> /home/aa/hal_ws/f446_mainboard_template_hal/.microros_build/firmware/mcu_ws/install/lib/python3.10/site-packages/tracetools_trace/tools
[2.186s] copying /home/aa/hal_ws/f446_mainboard_template_hal/.microros_build/firmware/mcu_ws/build/tracetools_trace/build/lib/tracetools_trace/tools/args.py -> /home/aa/hal_ws/f446_mainboard_template_hal/.microros_build/firmware/mcu_ws/install/lib/python3.10/site-packages/tracetools_trace/tools
[2.186s] copying /home/aa/hal_ws/f446_mainboard_template_hal/.microros_build/firmware/mcu_ws/build/tracetools_trace/build/lib/tracetools_trace/tools/names.py -> /home/aa/hal_ws/f446_mainboard_template_hal/.microros_build/firmware/mcu_ws/install/lib/python3.10/site-packages/tracetools_trace/tools
[2.186s] copying /home/aa/hal_ws/f446_mainboard_template_hal/.microros_build/firmware/mcu_ws/build/tracetools_trace/build/lib/tracetools_trace/tools/lttng.py -> /home/aa/hal_ws/f446_mainboard_template_hal/.microros_build/firmware/mcu_ws/install/lib/python3.10/site-packages/tracetools_trace/tools
[2.187s] copying /home/aa/hal_ws/f446_mainboard_template_hal/.microros_build/firmware/mcu_ws/build/tracetools_trace/build/lib/tracetools_trace/tools/lttng_stub.py -> /home/aa/hal_ws/f446_mainboard_template_hal/.microros_build/firmware/mcu_ws/install/lib/python3.10/site-packages/tracetools_trace/tools
[2.187s] copying /home/aa/hal_ws/f446_mainboard_template_hal/.microros_build/firmware/mcu_ws/build/tracetools_trace/build/lib/tracetools_trace/tools/tracepoints.py -> /home/aa/hal_ws/f446_mainboard_template_hal/.microros_build/firmware/mcu_ws/install/lib/python3.10/site-packages/tracetools_trace/tools
[2.187s] copying /home/aa/hal_ws/f446_mainboard_template_hal/.microros_build/firmware/mcu_ws/build/tracetools_trace/build/lib/tracetools_trace/__init__.py -> /home/aa/hal_ws/f446_mainboard_template_hal/.microros_build/firmware/mcu_ws/install/lib/python3.10/site-packages/tracetools_trace
[2.187s] copying /home/aa/hal_ws/f446_mainboard_template_hal/.microros_build/firmware/mcu_ws/build/tracetools_trace/build/lib/tracetools_trace/trace.py -> /home/aa/hal_ws/f446_mainboard_template_hal/.microros_build/firmware/mcu_ws/install/lib/python3.10/site-packages/tracetools_trace
[2.188s] byte-compiling /home/aa/hal_ws/f446_mainboard_template_hal/.microros_build/firmware/mcu_ws/install/lib/python3.10/site-packages/tracetools_trace/tools/lttng_impl.py to lttng_impl.cpython-310.pyc
[2.190s] byte-compiling /home/aa/hal_ws/f446_mainboard_template_hal/.microros_build/firmware/mcu_ws/install/lib/python3.10/site-packages/tracetools_trace/tools/path.py to path.cpython-310.pyc
[2.190s] byte-compiling /home/aa/hal_ws/f446_mainboard_template_hal/.microros_build/firmware/mcu_ws/install/lib/python3.10/site-packages/tracetools_trace/tools/signals.py to signals.cpython-310.pyc
[2.191s] byte-compiling /home/aa/hal_ws/f446_mainboard_template_hal/.microros_build/firmware/mcu_ws/install/lib/python3.10/site-packages/tracetools_trace/tools/__init__.py to __init__.cpython-310.pyc
[2.191s] byte-compiling /home/aa/hal_ws/f446_mainboard_template_hal/.microros_build/firmware/mcu_ws/install/lib/python3.10/site-packages/tracetools_trace/tools/args.py to args.cpython-310.pyc
[2.191s] byte-compiling /home/aa/hal_ws/f446_mainboard_template_hal/.microros_build/firmware/mcu_ws/install/lib/python3.10/site-packages/tracetools_trace/tools/names.py to names.cpython-310.pyc
[2.192s] byte-compiling /home/aa/hal_ws/f446_mainboard_template_hal/.microros_build/firmware/mcu_ws/install/lib/python3.10/site-packages/tracetools_trace/tools/lttng.py to lttng.cpython-310.pyc
[2.192s] byte-compiling /home/aa/hal_ws/f446_mainboard_template_hal/.microros_build/firmware/mcu_ws/install/lib/python3.10/site-packages/tracetools_trace/tools/lttng_stub.py to lttng_stub.cpython-310.pyc
[2.193s] byte-compiling /home/aa/hal_ws/f446_mainboard_template_hal/.microros_build/firmware/mcu_ws/install/lib/python3.10/site-packages/tracetools_trace/tools/tracepoints.py to tracepoints.cpython-310.pyc
[2.193s] byte-compiling /home/aa/hal_ws/f446_mainboard_template_hal/.microros_build/firmware/mcu_ws/install/lib/python3.10/site-packages/tracetools_trace/__init__.py to __init__.cpython-310.pyc
[2.193s] byte-compiling /home/aa/hal_ws/f446_mainboard_template_hal/.microros_build/firmware/mcu_ws/install/lib/python3.10/site-packages/tracetools_trace/trace.py to trace.cpython-310.pyc
[2.193s] running install_data
[2.194s] copying package.xml -> /home/aa/hal_ws/f446_mainboard_template_hal/.microros_build/firmware/mcu_ws/install/share/tracetools_trace
[2.194s] copying resource/tracetools_trace -> /home/aa/hal_ws/f446_mainboard_template_hal/.microros_build/firmware/mcu_ws/install/share/ament_index/resource_index/packages
[2.194s] running install_egg_info
[2.202s] Copying ../../../build/tracetools_trace/tracetools_trace.egg-info to /home/aa/hal_ws/f446_mainboard_template_hal/.microros_build/firmware/mcu_ws/install/lib/python3.10/site-packages/tracetools_trace-4.1.1-py3.10.egg-info
[2.203s] running install_scripts
[2.234s] Installing trace script to /home/aa/hal_ws/f446_mainboard_template_hal/.microros_build/firmware/mcu_ws/install/lib/tracetools_trace
[2.234s] writing list of installed files to '/home/aa/hal_ws/f446_mainboard_template_hal/.microros_build/firmware/mcu_ws/build/tracetools_trace/install.log'
[2.339s] Invoked command in '/home/aa/hal_ws/f446_mainboard_template_hal/.microros_build/firmware/mcu_ws/uros/tracetools/tracetools_trace' returned '0': PYTHONPATH=/home/aa/hal_ws/f446_mainboard_template_hal/.microros_build/firmware/mcu_ws/build/tracetools_trace/prefix_override:/usr/lib/python3/dist-packages/colcon_core/task/python/colcon_distutils_commands:/home/aa/hal_ws/f446_mainboard_template_hal/.microros_build/firmware/mcu_ws/install/lib/python3.10/site-packages:${PYTHONPATH} /usr/bin/python3 -W ignore:setup.py install is deprecated -W ignore:easy_install command is deprecated setup.py egg_info --egg-base ../../../build/tracetools_trace build --build-base /home/aa/hal_ws/f446_mainboard_template_hal/.microros_build/firmware/mcu_ws/build/tracetools_trace/build install --record /home/aa/hal_ws/f446_mainboard_template_hal/.microros_build/firmware/mcu_ws/build/tracetools_trace/install.log --single-version-externally-managed install_data
