[0.929s] Invoking command in '/home/aa/hal_ws/f446_mainboard_template_hal/.microros_build/firmware/mcu_ws/ros2/common_interfaces/sensor_msgs_py': AMENT_PREFIX_PATH=/home/aa/hal_ws/f446_mainboard_template_hal/.microros_build/firmware/mcu_ws/install:${AMENT_PREFIX_PATH} CMAKE_PREFIX_PATH=/home/aa/hal_ws/f446_mainboard_template_hal/.microros_build/firmware/mcu_ws/install:${CMAKE_PREFIX_PATH} LD_LIBRARY_PATH=/home/aa/hal_ws/f446_mainboard_template_hal/.microros_build/firmware/mcu_ws/install/lib:${LD_LIBRARY_PATH} PATH=/home/aa/hal_ws/f446_mainboard_template_hal/.microros_build/firmware/mcu_ws/install/bin:${PATH} PYTHONPATH=/home/aa/hal_ws/f446_mainboard_template_hal/.microros_build/firmware/mcu_ws/build/sensor_msgs_py/prefix_override:/usr/lib/python3/dist-packages/colcon_core/task/python/colcon_distutils_commands:/home/aa/hal_ws/f446_mainboard_template_hal/.microros_build/firmware/mcu_ws/install/lib/python3.10/site-packages:/home/aa/hal_ws/f446_mainboard_template_hal/.microros_build/firmware/mcu_ws/install/lib/python3.10/site-packages:/home/aa/hal_ws/f446_mainboard_template_hal/.microros_build/firmware/mcu_ws/install/local/lib/python3.10/dist-packages:${PYTHONPATH} /usr/bin/python3 -W ignore:setup.py install is deprecated -W ignore:easy_install command is deprecated setup.py egg_info --egg-base ../../../build/sensor_msgs_py build --build-base /home/aa/hal_ws/f446_mainboard_template_hal/.microros_build/firmware/mcu_ws/build/sensor_msgs_py/build install --record /home/aa/hal_ws/f446_mainboard_template_hal/.microros_build/firmware/mcu_ws/build/sensor_msgs_py/install.log --single-version-externally-managed install_data
[1.187s] running egg_info
[1.189s] creating ../../../build/sensor_msgs_py/sensor_msgs_py.egg-info
[1.190s] writing ../../../build/sensor_msgs_py/sensor_msgs_py.egg-info/PKG-INFO
[1.190s] writing dependency_links to ../../../build/sensor_msgs_py/sensor_msgs_py.egg-info/dependency_links.txt
[1.190s] writing requirements to ../../../build/sensor_msgs_py/sensor_msgs_py.egg-info/requires.txt
[1.190s] writing top-level names to ../../../build/sensor_msgs_py/sensor_msgs_py.egg-info/top_level.txt
[1.190s] writing manifest file '../../../build/sensor_msgs_py/sensor_msgs_py.egg-info/SOURCES.txt'
[1.192s] reading manifest file '../../../build/sensor_msgs_py/sensor_msgs_py.egg-info/SOURCES.txt'
[1.192s] adding license file 'LICENSE'
[1.192s] writing manifest file '../../../build/sensor_msgs_py/sensor_msgs_py.egg-info/SOURCES.txt'
[1.192s] running build
[1.192s] running build_py
[1.193s] creating /home/aa/hal_ws/f446_mainboard_template_hal/.microros_build/firmware/mcu_ws/build/sensor_msgs_py/build
[1.193s] creating /home/aa/hal_ws/f446_mainboard_template_hal/.microros_build/firmware/mcu_ws/build/sensor_msgs_py/build/lib
[1.193s] creating /home/aa/hal_ws/f446_mainboard_template_hal/.microros_build/firmware/mcu_ws/build/sensor_msgs_py/build/lib/sensor_msgs_py
[1.193s] copying sensor_msgs_py/__init__.py -> /home/aa/hal_ws/f446_mainboard_template_hal/.microros_build/firmware/mcu_ws/build/sensor_msgs_py/build/lib/sensor_msgs_py
[1.193s] copying sensor_msgs_py/point_cloud2.py -> /home/aa/hal_ws/f446_mainboard_template_hal/.microros_build/firmware/mcu_ws/build/sensor_msgs_py/build/lib/sensor_msgs_py
[1.193s] copying sensor_msgs_py/numpy_compat.py -> /home/aa/hal_ws/f446_mainboard_template_hal/.microros_build/firmware/mcu_ws/build/sensor_msgs_py/build/lib/sensor_msgs_py
[1.193s] running install
[1.193s] running install_lib
[1.194s] creating /home/aa/hal_ws/f446_mainboard_template_hal/.microros_build/firmware/mcu_ws/install/lib/python3.10/site-packages/sensor_msgs_py
[1.194s] copying /home/aa/hal_ws/f446_mainboard_template_hal/.microros_build/firmware/mcu_ws/build/sensor_msgs_py/build/lib/sensor_msgs_py/__init__.py -> /home/aa/hal_ws/f446_mainboard_template_hal/.microros_build/firmware/mcu_ws/install/lib/python3.10/site-packages/sensor_msgs_py
[1.194s] copying /home/aa/hal_ws/f446_mainboard_template_hal/.microros_build/firmware/mcu_ws/build/sensor_msgs_py/build/lib/sensor_msgs_py/point_cloud2.py -> /home/aa/hal_ws/f446_mainboard_template_hal/.microros_build/firmware/mcu_ws/install/lib/python3.10/site-packages/sensor_msgs_py
[1.194s] copying /home/aa/hal_ws/f446_mainboard_template_hal/.microros_build/firmware/mcu_ws/build/sensor_msgs_py/build/lib/sensor_msgs_py/numpy_compat.py -> /home/aa/hal_ws/f446_mainboard_template_hal/.microros_build/firmware/mcu_ws/install/lib/python3.10/site-packages/sensor_msgs_py
[1.195s] byte-compiling /home/aa/hal_ws/f446_mainboard_template_hal/.microros_build/firmware/mcu_ws/install/lib/python3.10/site-packages/sensor_msgs_py/__init__.py to __init__.cpython-310.pyc
[1.195s] byte-compiling /home/aa/hal_ws/f446_mainboard_template_hal/.microros_build/firmware/mcu_ws/install/lib/python3.10/site-packages/sensor_msgs_py/point_cloud2.py to point_cloud2.cpython-310.pyc
[1.197s] byte-compiling /home/aa/hal_ws/f446_mainboard_template_hal/.microros_build/firmware/mcu_ws/install/lib/python3.10/site-packages/sensor_msgs_py/numpy_compat.py to numpy_compat.cpython-310.pyc
[1.197s] running install_data
[1.198s] copying resource/sensor_msgs_py -> /home/aa/hal_ws/f446_mainboard_template_hal/.microros_build/firmware/mcu_ws/install/share/ament_index/resource_index/packages
[1.198s] copying package.xml -> /home/aa/hal_ws/f446_mainboard_template_hal/.microros_build/firmware/mcu_ws/install/share/sensor_msgs_py
[1.198s] running install_egg_info
[1.201s] Copying ../../../build/sensor_msgs_py/sensor_msgs_py.egg-info to /home/aa/hal_ws/f446_mainboard_template_hal/.microros_build/firmware/mcu_ws/install/lib/python3.10/site-packages/sensor_msgs_py-4.9.0-py3.10.egg-info
[1.202s] running install_scripts
[1.224s] writing list of installed files to '/home/aa/hal_ws/f446_mainboard_template_hal/.microros_build/firmware/mcu_ws/build/sensor_msgs_py/install.log'
[1.260s] Invoked command in '/home/aa/hal_ws/f446_mainboard_template_hal/.microros_build/firmware/mcu_ws/ros2/common_interfaces/sensor_msgs_py' returned '0': AMENT_PREFIX_PATH=/home/aa/hal_ws/f446_mainboard_template_hal/.microros_build/firmware/mcu_ws/install:${AMENT_PREFIX_PATH} CMAKE_PREFIX_PATH=/home/aa/hal_ws/f446_mainboard_template_hal/.microros_build/firmware/mcu_ws/install:${CMAKE_PREFIX_PATH} LD_LIBRARY_PATH=/home/aa/hal_ws/f446_mainboard_template_hal/.microros_build/firmware/mcu_ws/install/lib:${LD_LIBRARY_PATH} PATH=/home/aa/hal_ws/f446_mainboard_template_hal/.microros_build/firmware/mcu_ws/install/bin:${PATH} PYTHONPATH=/home/aa/hal_ws/f446_mainboard_template_hal/.microros_build/firmware/mcu_ws/build/sensor_msgs_py/prefix_override:/usr/lib/python3/dist-packages/colcon_core/task/python/colcon_distutils_commands:/home/aa/hal_ws/f446_mainboard_template_hal/.microros_build/firmware/mcu_ws/install/lib/python3.10/site-packages:/home/aa/hal_ws/f446_mainboard_template_hal/.microros_build/firmware/mcu_ws/install/lib/python3.10/site-packages:/home/aa/hal_ws/f446_mainboard_template_hal/.microros_build/firmware/mcu_ws/install/local/lib/python3.10/dist-packages:${PYTHONPATH} /usr/bin/python3 -W ignore:setup.py install is deprecated -W ignore:easy_install command is deprecated setup.py egg_info --egg-base ../../../build/sensor_msgs_py build --build-base /home/aa/hal_ws/f446_mainboard_template_hal/.microros_build/firmware/mcu_ws/build/sensor_msgs_py/build install --record /home/aa/hal_ws/f446_mainboard_template_hal/.microros_build/firmware/mcu_ws/build/sensor_msgs_py/install.log --single-version-externally-managed install_data
