Not searching for unused variables given on the command line.
-- The C compiler identification is GNU 12.3.1
-- Detecting C compiler ABI info
-- Detecting C compiler ABI info - done
-- Check for working C compiler: /opt/st/stm32cubeclt_1.16.0/GNU-tools-for-STM32/bin/arm-none-eabi-gcc - skipped
-- Detecting C compile features
-- Detecting C compile features - done
-- The CXX compiler identification is GNU 12.3.1
-- Detecting CXX compiler ABI info
-- Detecting CXX compiler ABI info - done
-- Check for working CXX compiler: /opt/st/stm32cubeclt_1.16.0/GNU-tools-for-STM32/bin/arm-none-eabi-g++ - skipped
-- Detecting CXX compile features
-- Detecting CXX compile features - done
-- Configuring done (0.4s)
-- Generating done (0.0s)
-- Build files have been written to: /home/aa/hal_ws/f446_mainboard_template_hal/.microros_build/firmware/mcu_ws/build/microcdr
Change Dir: '/home/aa/hal_ws/f446_mainboard_template_hal/.microros_build/firmware/mcu_ws/build/microcdr'

Run Build Command(s): /opt/st/stm32cubeclt_1.16.0/CMake/bin/cmake -E env VERBOSE=1 /usr/bin/gmake -f Makefile -j16 -l16
/opt/st/stm32cubeclt_1.16.0/CMake/bin/cmake -S/home/aa/hal_ws/f446_mainboard_template_hal/.microros_build/firmware/mcu_ws/eProsima/Micro-CDR -B/home/aa/hal_ws/f446_mainboard_template_hal/.microros_build/firmware/mcu_ws/build/microcdr --check-build-system CMakeFiles/Makefile.cmake 0
/opt/st/stm32cubeclt_1.16.0/CMake/bin/cmake -E cmake_progress_start /home/aa/hal_ws/f446_mainboard_template_hal/.microros_build/firmware/mcu_ws/build/microcdr/CMakeFiles /home/aa/hal_ws/f446_mainboard_template_hal/.microros_build/firmware/mcu_ws/build/microcdr//CMakeFiles/progress.marks
/usr/bin/gmake  -f CMakeFiles/Makefile2 all
gmake[1]: ディレクトリ '/home/aa/hal_ws/f446_mainboard_template_hal/.microros_build/firmware/mcu_ws/build/microcdr' に入ります
/usr/bin/gmake  -f CMakeFiles/ucdr.dir/build.make CMakeFiles/ucdr.dir/depend
gmake[2]: ディレクトリ '/home/aa/hal_ws/f446_mainboard_template_hal/.microros_build/firmware/mcu_ws/build/microcdr' に入ります
cd /home/aa/hal_ws/f446_mainboard_template_hal/.microros_build/firmware/mcu_ws/build/microcdr && /opt/st/stm32cubeclt_1.16.0/CMake/bin/cmake -E cmake_depends "Unix Makefiles" /home/aa/hal_ws/f446_mainboard_template_hal/.microros_build/firmware/mcu_ws/eProsima/Micro-CDR /home/aa/hal_ws/f446_mainboard_template_hal/.microros_build/firmware/mcu_ws/eProsima/Micro-CDR /home/aa/hal_ws/f446_mainboard_template_hal/.microros_build/firmware/mcu_ws/build/microcdr /home/aa/hal_ws/f446_mainboard_template_hal/.microros_build/firmware/mcu_ws/build/microcdr /home/aa/hal_ws/f446_mainboard_template_hal/.microros_build/firmware/mcu_ws/build/microcdr/CMakeFiles/ucdr.dir/DependInfo.cmake "--color="
gmake[2]: ディレクトリ '/home/aa/hal_ws/f446_mainboard_template_hal/.microros_build/firmware/mcu_ws/build/microcdr' から出ます
/usr/bin/gmake  -f CMakeFiles/ucdr.dir/build.make CMakeFiles/ucdr.dir/build
gmake[2]: ディレクトリ '/home/aa/hal_ws/f446_mainboard_template_hal/.microros_build/firmware/mcu_ws/build/microcdr' に入ります
[ 12%] Creating directories for 'ucdr'
/opt/st/stm32cubeclt_1.16.0/CMake/bin/cmake -Dcfgdir= -P /home/aa/hal_ws/f446_mainboard_template_hal/.microros_build/firmware/mcu_ws/build/microcdr/ucdr-prefix/tmp/ucdr-mkdirs.cmake
/opt/st/stm32cubeclt_1.16.0/CMake/bin/cmake -E touch /home/aa/hal_ws/f446_mainboard_template_hal/.microros_build/firmware/mcu_ws/build/microcdr/ucdr-prefix/src/ucdr-stamp/ucdr-mkdir
[ 25%] No download step for 'ucdr'
/opt/st/stm32cubeclt_1.16.0/CMake/bin/cmake -E echo_append
/opt/st/stm32cubeclt_1.16.0/CMake/bin/cmake -E touch /home/aa/hal_ws/f446_mainboard_template_hal/.microros_build/firmware/mcu_ws/build/microcdr/ucdr-prefix/src/ucdr-stamp/ucdr-download
[ 37%] No update step for 'ucdr'
/opt/st/stm32cubeclt_1.16.0/CMake/bin/cmake -E echo_append
/opt/st/stm32cubeclt_1.16.0/CMake/bin/cmake -E touch /home/aa/hal_ws/f446_mainboard_template_hal/.microros_build/firmware/mcu_ws/build/microcdr/ucdr-prefix/src/ucdr-stamp/ucdr-update
[ 50%] No patch step for 'ucdr'
/opt/st/stm32cubeclt_1.16.0/CMake/bin/cmake -E echo_append
/opt/st/stm32cubeclt_1.16.0/CMake/bin/cmake -E touch /home/aa/hal_ws/f446_mainboard_template_hal/.microros_build/firmware/mcu_ws/build/microcdr/ucdr-prefix/src/ucdr-stamp/ucdr-patch
[ 62%] Performing configure step for 'ucdr'
/opt/st/stm32cubeclt_1.16.0/CMake/bin/cmake "-GUnix Makefiles" -C/home/aa/hal_ws/f446_mainboard_template_hal/.microros_build/firmware/mcu_ws/build/microcdr/ucdr-prefix/tmp/ucdr-cache-Release.cmake -S /home/aa/hal_ws/f446_mainboard_template_hal/.microros_build/firmware/mcu_ws/eProsima/Micro-CDR -B /home/aa/hal_ws/f446_mainboard_template_hal/.microros_build/firmware/mcu_ws/build/microcdr
loading initial cache file /home/aa/hal_ws/f446_mainboard_template_hal/.microros_build/firmware/mcu_ws/build/microcdr/ucdr-prefix/tmp/ucdr-cache-Release.cmake
Re-run cmake no build system arguments
-- Configuring done (0.0s)
-- Generating done (0.0s)
-- Build files have been written to: /home/aa/hal_ws/f446_mainboard_template_hal/.microros_build/firmware/mcu_ws/build/microcdr
/opt/st/stm32cubeclt_1.16.0/CMake/bin/cmake -E touch /home/aa/hal_ws/f446_mainboard_template_hal/.microros_build/firmware/mcu_ws/build/microcdr/ucdr-prefix/src/ucdr-stamp/ucdr-configure
[ 75%] Performing build step for 'ucdr'
/usr/bin/gmake
gmake[3]: ディレクトリ '/home/aa/hal_ws/f446_mainboard_template_hal/.microros_build/firmware/mcu_ws/build/microcdr' に入ります
/opt/st/stm32cubeclt_1.16.0/CMake/bin/cmake -S/home/aa/hal_ws/f446_mainboard_template_hal/.microros_build/firmware/mcu_ws/eProsima/Micro-CDR -B/home/aa/hal_ws/f446_mainboard_template_hal/.microros_build/firmware/mcu_ws/build/microcdr --check-build-system CMakeFiles/Makefile.cmake 0
/opt/st/stm32cubeclt_1.16.0/CMake/bin/cmake -E cmake_progress_start /home/aa/hal_ws/f446_mainboard_template_hal/.microros_build/firmware/mcu_ws/build/microcdr/CMakeFiles /home/aa/hal_ws/f446_mainboard_template_hal/.microros_build/firmware/mcu_ws/build/microcdr//CMakeFiles/progress.marks
/usr/bin/gmake  -f CMakeFiles/Makefile2 all
gmake[4]: ディレクトリ '/home/aa/hal_ws/f446_mainboard_template_hal/.microros_build/firmware/mcu_ws/build/microcdr' に入ります
/usr/bin/gmake  -f CMakeFiles/microcdr.dir/build.make CMakeFiles/microcdr.dir/depend
gmake[5]: ディレクトリ '/home/aa/hal_ws/f446_mainboard_template_hal/.microros_build/firmware/mcu_ws/build/microcdr' に入ります
cd /home/aa/hal_ws/f446_mainboard_template_hal/.microros_build/firmware/mcu_ws/build/microcdr && /opt/st/stm32cubeclt_1.16.0/CMake/bin/cmake -E cmake_depends "Unix Makefiles" /home/aa/hal_ws/f446_mainboard_template_hal/.microros_build/firmware/mcu_ws/eProsima/Micro-CDR /home/aa/hal_ws/f446_mainboard_template_hal/.microros_build/firmware/mcu_ws/eProsima/Micro-CDR /home/aa/hal_ws/f446_mainboard_template_hal/.microros_build/firmware/mcu_ws/build/microcdr /home/aa/hal_ws/f446_mainboard_template_hal/.microros_build/firmware/mcu_ws/build/microcdr /home/aa/hal_ws/f446_mainboard_template_hal/.microros_build/firmware/mcu_ws/build/microcdr/CMakeFiles/microcdr.dir/DependInfo.cmake "--color="
gmake[5]: ディレクトリ '/home/aa/hal_ws/f446_mainboard_template_hal/.microros_build/firmware/mcu_ws/build/microcdr' から出ます
/usr/bin/gmake  -f CMakeFiles/microcdr.dir/build.make CMakeFiles/microcdr.dir/build
gmake[5]: ディレクトリ '/home/aa/hal_ws/f446_mainboard_template_hal/.microros_build/firmware/mcu_ws/build/microcdr' に入ります
[ 16%] Building C object CMakeFiles/microcdr.dir/src/c/common.c.obj
[ 33%] Building C object CMakeFiles/microcdr.dir/src/c/types/string.c.obj
/opt/st/stm32cubeclt_1.16.0/GNU-tools-for-STM32/bin/arm-none-eabi-gcc  -I/home/aa/hal_ws/f446_mainboard_template_hal/.microros_build/firmware/mcu_ws/eProsima/Micro-CDR/include -I/home/aa/hal_ws/f446_mainboard_template_hal/.microros_build/firmware/mcu_ws/build/microcdr/include -mcpu=cortex-m4 -mthumb -mfpu=fpv4-sp-d16 -mfloat-abi=hard -ffunction-sections -fdata-sections -fno-common -std=gnu11 -DCLOCK_MONOTONIC=0 -O3 -DNDEBUG -std=gnu99 -fPIC -Wall -Wextra -Wshadow -pedantic -Wcast-align -Wunused -Wconversion -Wnull-dereference -Wduplicated-branches -Wduplicated-cond -Wrestrict -Wdouble-promotion -Wsign-conversion -fdata-sections -ffunction-sections -MD -MT CMakeFiles/microcdr.dir/src/c/common.c.obj -MF CMakeFiles/microcdr.dir/src/c/common.c.obj.d -o CMakeFiles/microcdr.dir/src/c/common.c.obj -c /home/aa/hal_ws/f446_mainboard_template_hal/.microros_build/firmware/mcu_ws/eProsima/Micro-CDR/src/c/common.c
[ 50%] Building C object CMakeFiles/microcdr.dir/src/c/types/basic.c.obj
/opt/st/stm32cubeclt_1.16.0/GNU-tools-for-STM32/bin/arm-none-eabi-gcc  -I/home/aa/hal_ws/f446_mainboard_template_hal/.microros_build/firmware/mcu_ws/eProsima/Micro-CDR/include -I/home/aa/hal_ws/f446_mainboard_template_hal/.microros_build/firmware/mcu_ws/build/microcdr/include -mcpu=cortex-m4 -mthumb -mfpu=fpv4-sp-d16 -mfloat-abi=hard -ffunction-sections -fdata-sections -fno-common -std=gnu11 -DCLOCK_MONOTONIC=0 -O3 -DNDEBUG -std=gnu99 -fPIC -Wall -Wextra -Wshadow -pedantic -Wcast-align -Wunused -Wconversion -Wnull-dereference -Wduplicated-branches -Wduplicated-cond -Wrestrict -Wdouble-promotion -Wsign-conversion -fdata-sections -ffunction-sections -MD -MT CMakeFiles/microcdr.dir/src/c/types/string.c.obj -MF CMakeFiles/microcdr.dir/src/c/types/string.c.obj.d -o CMakeFiles/microcdr.dir/src/c/types/string.c.obj -c /home/aa/hal_ws/f446_mainboard_template_hal/.microros_build/firmware/mcu_ws/eProsima/Micro-CDR/src/c/types/string.c
[ 66%] Building C object CMakeFiles/microcdr.dir/src/c/types/array.c.obj
/opt/st/stm32cubeclt_1.16.0/GNU-tools-for-STM32/bin/arm-none-eabi-gcc  -I/home/aa/hal_ws/f446_mainboard_template_hal/.microros_build/firmware/mcu_ws/eProsima/Micro-CDR/include -I/home/aa/hal_ws/f446_mainboard_template_hal/.microros_build/firmware/mcu_ws/build/microcdr/include -mcpu=cortex-m4 -mthumb -mfpu=fpv4-sp-d16 -mfloat-abi=hard -ffunction-sections -fdata-sections -fno-common -std=gnu11 -DCLOCK_MONOTONIC=0 -O3 -DNDEBUG -std=gnu99 -fPIC -Wall -Wextra -Wshadow -pedantic -Wcast-align -Wunused -Wconversion -Wnull-dereference -Wduplicated-branches -Wduplicated-cond -Wrestrict -Wdouble-promotion -Wsign-conversion -fdata-sections -ffunction-sections -MD -MT CMakeFiles/microcdr.dir/src/c/types/basic.c.obj -MF CMakeFiles/microcdr.dir/src/c/types/basic.c.obj.d -o CMakeFiles/microcdr.dir/src/c/types/basic.c.obj -c /home/aa/hal_ws/f446_mainboard_template_hal/.microros_build/firmware/mcu_ws/eProsima/Micro-CDR/src/c/types/basic.c
/opt/st/stm32cubeclt_1.16.0/GNU-tools-for-STM32/bin/arm-none-eabi-gcc  -I/home/aa/hal_ws/f446_mainboard_template_hal/.microros_build/firmware/mcu_ws/eProsima/Micro-CDR/include -I/home/aa/hal_ws/f446_mainboard_template_hal/.microros_build/firmware/mcu_ws/build/microcdr/include -mcpu=cortex-m4 -mthumb -mfpu=fpv4-sp-d16 -mfloat-abi=hard -ffunction-sections -fdata-sections -fno-common -std=gnu11 -DCLOCK_MONOTONIC=0 -O3 -DNDEBUG -std=gnu99 -fPIC -Wall -Wextra -Wshadow -pedantic -Wcast-align -Wunused -Wconversion -Wnull-dereference -Wduplicated-branches -Wduplicated-cond -Wrestrict -Wdouble-promotion -Wsign-conversion -fdata-sections -ffunction-sections -MD -MT CMakeFiles/microcdr.dir/src/c/types/array.c.obj -MF CMakeFiles/microcdr.dir/src/c/types/array.c.obj.d -o CMakeFiles/microcdr.dir/src/c/types/array.c.obj -c /home/aa/hal_ws/f446_mainboard_template_hal/.microros_build/firmware/mcu_ws/eProsima/Micro-CDR/src/c/types/array.c
[ 83%] Building C object CMakeFiles/microcdr.dir/src/c/types/sequence.c.obj
/opt/st/stm32cubeclt_1.16.0/GNU-tools-for-STM32/bin/arm-none-eabi-gcc  -I/home/aa/hal_ws/f446_mainboard_template_hal/.microros_build/firmware/mcu_ws/eProsima/Micro-CDR/include -I/home/aa/hal_ws/f446_mainboard_template_hal/.microros_build/firmware/mcu_ws/build/microcdr/include -mcpu=cortex-m4 -mthumb -mfpu=fpv4-sp-d16 -mfloat-abi=hard -ffunction-sections -fdata-sections -fno-common -std=gnu11 -DCLOCK_MONOTONIC=0 -O3 -DNDEBUG -std=gnu99 -fPIC -Wall -Wextra -Wshadow -pedantic -Wcast-align -Wunused -Wconversion -Wnull-dereference -Wduplicated-branches -Wduplicated-cond -Wrestrict -Wdouble-promotion -Wsign-conversion -fdata-sections -ffunction-sections -MD -MT CMakeFiles/microcdr.dir/src/c/types/sequence.c.obj -MF CMakeFiles/microcdr.dir/src/c/types/sequence.c.obj.d -o CMakeFiles/microcdr.dir/src/c/types/sequence.c.obj -c /home/aa/hal_ws/f446_mainboard_template_hal/.microros_build/firmware/mcu_ws/eProsima/Micro-CDR/src/c/types/sequence.c
[100%] Linking C static library libmicrocdr.a
/opt/st/stm32cubeclt_1.16.0/CMake/bin/cmake -P CMakeFiles/microcdr.dir/cmake_clean_target.cmake
/opt/st/stm32cubeclt_1.16.0/CMake/bin/cmake -E cmake_link_script CMakeFiles/microcdr.dir/link.txt --verbose=1
/opt/st/stm32cubeclt_1.16.0/GNU-tools-for-STM32/bin/arm-none-eabi-ar qc libmicrocdr.a CMakeFiles/microcdr.dir/src/c/common.c.obj CMakeFiles/microcdr.dir/src/c/types/basic.c.obj CMakeFiles/microcdr.dir/src/c/types/string.c.obj CMakeFiles/microcdr.dir/src/c/types/array.c.obj CMakeFiles/microcdr.dir/src/c/types/sequence.c.obj
/opt/st/stm32cubeclt_1.16.0/GNU-tools-for-STM32/bin/arm-none-eabi-ranlib libmicrocdr.a
gmake[5]: ディレクトリ '/home/aa/hal_ws/f446_mainboard_template_hal/.microros_build/firmware/mcu_ws/build/microcdr' から出ます
[100%] Built target microcdr
gmake[4]: ディレクトリ '/home/aa/hal_ws/f446_mainboard_template_hal/.microros_build/firmware/mcu_ws/build/microcdr' から出ます
/opt/st/stm32cubeclt_1.16.0/CMake/bin/cmake -E cmake_progress_start /home/aa/hal_ws/f446_mainboard_template_hal/.microros_build/firmware/mcu_ws/build/microcdr/CMakeFiles 0
gmake[3]: ディレクトリ '/home/aa/hal_ws/f446_mainboard_template_hal/.microros_build/firmware/mcu_ws/build/microcdr' から出ます
/opt/st/stm32cubeclt_1.16.0/CMake/bin/cmake -E touch /home/aa/hal_ws/f446_mainboard_template_hal/.microros_build/firmware/mcu_ws/build/microcdr/ucdr-prefix/src/ucdr-stamp/ucdr-build
No install step for 'ucdr'
/opt/st/stm32cubeclt_1.16.0/CMake/bin/cmake -E echo_append
/opt/st/stm32cubeclt_1.16.0/CMake/bin/cmake -E touch /home/aa/hal_ws/f446_mainboard_template_hal/.microros_build/firmware/mcu_ws/build/microcdr/ucdr-prefix/src/ucdr-stamp/ucdr-install
Completed 'ucdr'
/opt/st/stm32cubeclt_1.16.0/CMake/bin/cmake -E make_directory /home/aa/hal_ws/f446_mainboard_template_hal/.microros_build/firmware/mcu_ws/build/microcdr/CMakeFiles
/opt/st/stm32cubeclt_1.16.0/CMake/bin/cmake -E touch /home/aa/hal_ws/f446_mainboard_template_hal/.microros_build/firmware/mcu_ws/build/microcdr/CMakeFiles/ucdr-complete
/opt/st/stm32cubeclt_1.16.0/CMake/bin/cmake -E touch /home/aa/hal_ws/f446_mainboard_template_hal/.microros_build/firmware/mcu_ws/build/microcdr/ucdr-prefix/src/ucdr-stamp/ucdr-done
gmake[2]: ディレクトリ '/home/aa/hal_ws/f446_mainboard_template_hal/.microros_build/firmware/mcu_ws/build/microcdr' から出ます
Built target ucdr
gmake[1]: ディレクトリ '/home/aa/hal_ws/f446_mainboard_template_hal/.microros_build/firmware/mcu_ws/build/microcdr' から出ます
/opt/st/stm32cubeclt_1.16.0/CMake/bin/cmake -E cmake_progress_start /home/aa/hal_ws/f446_mainboard_template_hal/.microros_build/firmware/mcu_ws/build/microcdr/CMakeFiles 0

-- Install configuration: "Release"
-- Installing: /home/aa/hal_ws/f446_mainboard_template_hal/.microros_build/firmware/mcu_ws/install/lib/libmicrocdr.a
-- Installing: /home/aa/hal_ws/f446_mainboard_template_hal/.microros_build/firmware/mcu_ws/install/include/ucdr
-- Installing: /home/aa/hal_ws/f446_mainboard_template_hal/.microros_build/firmware/mcu_ws/install/include/ucdr/visibility.h
-- Installing: /home/aa/hal_ws/f446_mainboard_template_hal/.microros_build/firmware/mcu_ws/install/include/ucdr/microcdr.h
-- Installing: /home/aa/hal_ws/f446_mainboard_template_hal/.microros_build/firmware/mcu_ws/install/include/ucdr/config.h
-- Installing: /home/aa/hal_ws/f446_mainboard_template_hal/.microros_build/firmware/mcu_ws/install/share/microcdr/cmake/microcdrTargets.cmake
-- Installing: /home/aa/hal_ws/f446_mainboard_template_hal/.microros_build/firmware/mcu_ws/install/share/microcdr/cmake/microcdrTargets-release.cmake
-- Installing: /home/aa/hal_ws/f446_mainboard_template_hal/.microros_build/firmware/mcu_ws/install/share/microcdr/cmake/microcdrConfig.cmake
-- Installing: /home/aa/hal_ws/f446_mainboard_template_hal/.microros_build/firmware/mcu_ws/install/share/microcdr/cmake/microcdrConfigVersion.cmake
