[0.362s] Invoking command in '/home/aa/hal_ws/f446_mainboard_template_hal/.microros_build/firmware/mcu_ws/build/microcdr': /opt/st/stm32cubeclt_1.16.0/CMake/bin/cmake /home/aa/hal_ws/f446_mainboard_template_hal/.microros_build/firmware/mcu_ws/eProsima/Micro-CDR --no-warn-unused-cli -DCMAKE_POSITION_INDEPENDENT_CODE:BOOL=OFF -DTHIRDPARTY=ON -DBUILD_SHARED_LIBS=OFF -DBUILD_TESTING=OFF -DCMAKE_BUILD_TYPE=Release -DCMAKE_TOOLCHAIN_FILE=/home/aa/hal_ws/f446_mainboard_template_hal/cmake/microros_toolchain_stm32f446.cmake -DCMAKE_VERBOSE_MAKEFILE=ON -DUCDR_ISOLATED_INSTALL=OFF -DCMAKE_INSTALL_PREFIX=/home/aa/hal_ws/f446_mainboard_template_hal/.microros_build/firmware/mcu_ws/install
[1.056s] Not searching for unused variables given on the command line.
[1.056s] -- The C compiler identification is GNU 12.3.1
[1.056s] -- Detecting C compiler ABI info
[1.056s] -- Detecting C compiler ABI info - done
[1.056s] -- Check for working C compiler: /opt/st/stm32cubeclt_1.16.0/GNU-tools-for-STM32/bin/arm-none-eabi-gcc - skipped
[1.056s] -- Detecting C compile features
[1.056s] -- Detecting C compile features - done
[1.057s] -- The CXX compiler identification is GNU 12.3.1
[1.057s] -- Detecting CXX compiler ABI info
[1.057s] -- Detecting CXX compiler ABI info - done
[1.057s] -- Check for working CXX compiler: /opt/st/stm32cubeclt_1.16.0/GNU-tools-for-STM32/bin/arm-none-eabi-g++ - skipped
[1.058s] -- Detecting CXX compile features
[1.058s] -- Detecting CXX compile features - done
[1.058s] -- Configuring done (0.4s)
[1.058s] -- Generating done (0.0s)
[1.058s] -- Build files have been written to: /home/aa/hal_ws/f446_mainboard_template_hal/.microros_build/firmware/mcu_ws/build/microcdr
[1.065s] Invoked command in '/home/aa/hal_ws/f446_mainboard_template_hal/.microros_build/firmware/mcu_ws/build/microcdr' returned '0': /opt/st/stm32cubeclt_1.16.0/CMake/bin/cmake /home/aa/hal_ws/f446_mainboard_template_hal/.microros_build/firmware/mcu_ws/eProsima/Micro-CDR --no-warn-unused-cli -DCMAKE_POSITION_INDEPENDENT_CODE:BOOL=OFF -DTHIRDPARTY=ON -DBUILD_SHARED_LIBS=OFF -DBUILD_TESTING=OFF -DCMAKE_BUILD_TYPE=Release -DCMAKE_TOOLCHAIN_FILE=/home/aa/hal_ws/f446_mainboard_template_hal/cmake/microros_toolchain_stm32f446.cmake -DCMAKE_VERBOSE_MAKEFILE=ON -DUCDR_ISOLATED_INSTALL=OFF -DCMAKE_INSTALL_PREFIX=/home/aa/hal_ws/f446_mainboard_template_hal/.microros_build/firmware/mcu_ws/install
[1.066s] Invoking command in '/home/aa/hal_ws/f446_mainboard_template_hal/.microros_build/firmware/mcu_ws/build/microcdr': /opt/st/stm32cubeclt_1.16.0/CMake/bin/cmake --build /home/aa/hal_ws/f446_mainboard_template_hal/.microros_build/firmware/mcu_ws/build/microcdr -- -j16 -l16
[1.082s] Change Dir: '/home/aa/hal_ws/f446_mainboard_template_hal/.microros_build/firmware/mcu_ws/build/microcdr'
[1.082s] 
[1.082s] Run Build Command(s): /opt/st/stm32cubeclt_1.16.0/CMake/bin/cmake -E env VERBOSE=1 /usr/bin/gmake -f Makefile -j16 -l16
[1.082s] /opt/st/stm32cubeclt_1.16.0/CMake/bin/cmake -S/home/aa/hal_ws/f446_mainboard_template_hal/.microros_build/firmware/mcu_ws/eProsima/Micro-CDR -B/home/aa/hal_ws/f446_mainboard_template_hal/.microros_build/firmware/mcu_ws/build/microcdr --check-build-system CMakeFiles/Makefile.cmake 0
[1.082s] /opt/st/stm32cubeclt_1.16.0/CMake/bin/cmake -E cmake_progress_start /home/aa/hal_ws/f446_mainboard_template_hal/.microros_build/firmware/mcu_ws/build/microcdr/CMakeFiles /home/aa/hal_ws/f446_mainboard_template_hal/.microros_build/firmware/mcu_ws/build/microcdr//CMakeFiles/progress.marks
[1.082s] /usr/bin/gmake  -f CMakeFiles/Makefile2 all
[1.082s] gmake[1]: ディレクトリ '/home/aa/hal_ws/f446_mainboard_template_hal/.microros_build/firmware/mcu_ws/build/microcdr' に入ります
[1.082s] /usr/bin/gmake  -f CMakeFiles/ucdr.dir/build.make CMakeFiles/ucdr.dir/depend
[1.082s] gmake[2]: ディレクトリ '/home/aa/hal_ws/f446_mainboard_template_hal/.microros_build/firmware/mcu_ws/build/microcdr' に入ります
[1.082s] cd /home/aa/hal_ws/f446_mainboard_template_hal/.microros_build/firmware/mcu_ws/build/microcdr && /opt/st/stm32cubeclt_1.16.0/CMake/bin/cmake -E cmake_depends "Unix Makefiles" /home/aa/hal_ws/f446_mainboard_template_hal/.microros_build/firmware/mcu_ws/eProsima/Micro-CDR /home/aa/hal_ws/f446_mainboard_template_hal/.microros_build/firmware/mcu_ws/eProsima/Micro-CDR /home/aa/hal_ws/f446_mainboard_template_hal/.microros_build/firmware/mcu_ws/build/microcdr /home/aa/hal_ws/f446_mainboard_template_hal/.microros_build/firmware/mcu_ws/build/microcdr /home/aa/hal_ws/f446_mainboard_template_hal/.microros_build/firmware/mcu_ws/build/microcdr/CMakeFiles/ucdr.dir/DependInfo.cmake "--color="
[1.082s] gmake[2]: ディレクトリ '/home/aa/hal_ws/f446_mainboard_template_hal/.microros_build/firmware/mcu_ws/build/microcdr' から出ます
[1.083s] /usr/bin/gmake  -f CMakeFiles/ucdr.dir/build.make CMakeFiles/ucdr.dir/build
[1.083s] gmake[2]: ディレクトリ '/home/aa/hal_ws/f446_mainboard_template_hal/.microros_build/firmware/mcu_ws/build/microcdr' に入ります
[1.083s] [ 12%] Creating directories for 'ucdr'
[1.083s] /opt/st/stm32cubeclt_1.16.0/CMake/bin/cmake -Dcfgdir= -P /home/aa/hal_ws/f446_mainboard_template_hal/.microros_build/firmware/mcu_ws/build/microcdr/ucdr-prefix/tmp/ucdr-mkdirs.cmake
[1.096s] /opt/st/stm32cubeclt_1.16.0/CMake/bin/cmake -E touch /home/aa/hal_ws/f446_mainboard_template_hal/.microros_build/firmware/mcu_ws/build/microcdr/ucdr-prefix/src/ucdr-stamp/ucdr-mkdir
[1.097s] [ 25%] No download step for 'ucdr'
[1.097s] /opt/st/stm32cubeclt_1.16.0/CMake/bin/cmake -E echo_append
[1.097s] /opt/st/stm32cubeclt_1.16.0/CMake/bin/cmake -E touch /home/aa/hal_ws/f446_mainboard_template_hal/.microros_build/firmware/mcu_ws/build/microcdr/ucdr-prefix/src/ucdr-stamp/ucdr-download
[1.097s] [ 37%] No update step for 'ucdr'
[1.097s] /opt/st/stm32cubeclt_1.16.0/CMake/bin/cmake -E echo_append
[1.097s] /opt/st/stm32cubeclt_1.16.0/CMake/bin/cmake -E touch /home/aa/hal_ws/f446_mainboard_template_hal/.microros_build/firmware/mcu_ws/build/microcdr/ucdr-prefix/src/ucdr-stamp/ucdr-update
[1.134s] [ 50%] No patch step for 'ucdr'
[1.134s] /opt/st/stm32cubeclt_1.16.0/CMake/bin/cmake -E echo_append
[1.135s] /opt/st/stm32cubeclt_1.16.0/CMake/bin/cmake -E touch /home/aa/hal_ws/f446_mainboard_template_hal/.microros_build/firmware/mcu_ws/build/microcdr/ucdr-prefix/src/ucdr-stamp/ucdr-patch
[1.135s] [ 62%] Performing configure step for 'ucdr'
[1.135s] /opt/st/stm32cubeclt_1.16.0/CMake/bin/cmake "-GUnix Makefiles" -C/home/aa/hal_ws/f446_mainboard_template_hal/.microros_build/firmware/mcu_ws/build/microcdr/ucdr-prefix/tmp/ucdr-cache-Release.cmake -S /home/aa/hal_ws/f446_mainboard_template_hal/.microros_build/firmware/mcu_ws/eProsima/Micro-CDR -B /home/aa/hal_ws/f446_mainboard_template_hal/.microros_build/firmware/mcu_ws/build/microcdr
[1.135s] loading initial cache file /home/aa/hal_ws/f446_mainboard_template_hal/.microros_build/firmware/mcu_ws/build/microcdr/ucdr-prefix/tmp/ucdr-cache-Release.cmake
[1.135s] Re-run cmake no build system arguments
[1.135s] -- Configuring done (0.0s)
[1.135s] -- Generating done (0.0s)
[1.135s] -- Build files have been written to: /home/aa/hal_ws/f446_mainboard_template_hal/.microros_build/firmware/mcu_ws/build/microcdr
[1.135s] /opt/st/stm32cubeclt_1.16.0/CMake/bin/cmake -E touch /home/aa/hal_ws/f446_mainboard_template_hal/.microros_build/firmware/mcu_ws/build/microcdr/ucdr-prefix/src/ucdr-stamp/ucdr-configure
[1.191s] [ 75%] Performing build step for 'ucdr'
[1.192s] /usr/bin/gmake
[1.192s] gmake[3]: ディレクトリ '/home/aa/hal_ws/f446_mainboard_template_hal/.microros_build/firmware/mcu_ws/build/microcdr' に入ります
[1.192s] /opt/st/stm32cubeclt_1.16.0/CMake/bin/cmake -S/home/aa/hal_ws/f446_mainboard_template_hal/.microros_build/firmware/mcu_ws/eProsima/Micro-CDR -B/home/aa/hal_ws/f446_mainboard_template_hal/.microros_build/firmware/mcu_ws/build/microcdr --check-build-system CMakeFiles/Makefile.cmake 0
[1.192s] /opt/st/stm32cubeclt_1.16.0/CMake/bin/cmake -E cmake_progress_start /home/aa/hal_ws/f446_mainboard_template_hal/.microros_build/firmware/mcu_ws/build/microcdr/CMakeFiles /home/aa/hal_ws/f446_mainboard_template_hal/.microros_build/firmware/mcu_ws/build/microcdr//CMakeFiles/progress.marks
[1.192s] /usr/bin/gmake  -f CMakeFiles/Makefile2 all
[1.192s] gmake[4]: ディレクトリ '/home/aa/hal_ws/f446_mainboard_template_hal/.microros_build/firmware/mcu_ws/build/microcdr' に入ります
[1.192s] /usr/bin/gmake  -f CMakeFiles/microcdr.dir/build.make CMakeFiles/microcdr.dir/depend
[1.192s] gmake[5]: ディレクトリ '/home/aa/hal_ws/f446_mainboard_template_hal/.microros_build/firmware/mcu_ws/build/microcdr' に入ります
[1.192s] cd /home/aa/hal_ws/f446_mainboard_template_hal/.microros_build/firmware/mcu_ws/build/microcdr && /opt/st/stm32cubeclt_1.16.0/CMake/bin/cmake -E cmake_depends "Unix Makefiles" /home/aa/hal_ws/f446_mainboard_template_hal/.microros_build/firmware/mcu_ws/eProsima/Micro-CDR /home/aa/hal_ws/f446_mainboard_template_hal/.microros_build/firmware/mcu_ws/eProsima/Micro-CDR /home/aa/hal_ws/f446_mainboard_template_hal/.microros_build/firmware/mcu_ws/build/microcdr /home/aa/hal_ws/f446_mainboard_template_hal/.microros_build/firmware/mcu_ws/build/microcdr /home/aa/hal_ws/f446_mainboard_template_hal/.microros_build/firmware/mcu_ws/build/microcdr/CMakeFiles/microcdr.dir/DependInfo.cmake "--color="
[1.192s] gmake[5]: ディレクトリ '/home/aa/hal_ws/f446_mainboard_template_hal/.microros_build/firmware/mcu_ws/build/microcdr' から出ます
[1.192s] /usr/bin/gmake  -f CMakeFiles/microcdr.dir/build.make CMakeFiles/microcdr.dir/build
[1.192s] gmake[5]: ディレクトリ '/home/aa/hal_ws/f446_mainboard_template_hal/.microros_build/firmware/mcu_ws/build/microcdr' に入ります
[1.193s] [ 16%] Building C object CMakeFiles/microcdr.dir/src/c/common.c.obj
[1.193s] [ 33%] Building C object CMakeFiles/microcdr.dir/src/c/types/string.c.obj
[1.193s] /opt/st/stm32cubeclt_1.16.0/GNU-tools-for-STM32/bin/arm-none-eabi-gcc  -I/home/aa/hal_ws/f446_mainboard_template_hal/.microros_build/firmware/mcu_ws/eProsima/Micro-CDR/include -I/home/aa/hal_ws/f446_mainboard_template_hal/.microros_build/firmware/mcu_ws/build/microcdr/include -mcpu=cortex-m4 -mthumb -mfpu=fpv4-sp-d16 -mfloat-abi=hard -ffunction-sections -fdata-sections -fno-common -std=gnu11 -DCLOCK_MONOTONIC=0 -O3 -DNDEBUG -std=gnu99 -fPIC -Wall -Wextra -Wshadow -pedantic -Wcast-align -Wunused -Wconversion -Wnull-dereference -Wduplicated-branches -Wduplicated-cond -Wrestrict -Wdouble-promotion -Wsign-conversion -fdata-sections -ffunction-sections -MD -MT CMakeFiles/microcdr.dir/src/c/common.c.obj -MF CMakeFiles/microcdr.dir/src/c/common.c.obj.d -o CMakeFiles/microcdr.dir/src/c/common.c.obj -c /home/aa/hal_ws/f446_mainboard_template_hal/.microros_build/firmware/mcu_ws/eProsima/Micro-CDR/src/c/common.c
[1.193s] [ 50%] Building C object CMakeFiles/microcdr.dir/src/c/types/basic.c.obj
[1.193s] /opt/st/stm32cubeclt_1.16.0/GNU-tools-for-STM32/bin/arm-none-eabi-gcc  -I/home/aa/hal_ws/f446_mainboard_template_hal/.microros_build/firmware/mcu_ws/eProsima/Micro-CDR/include -I/home/aa/hal_ws/f446_mainboard_template_hal/.microros_build/firmware/mcu_ws/build/microcdr/include -mcpu=cortex-m4 -mthumb -mfpu=fpv4-sp-d16 -mfloat-abi=hard -ffunction-sections -fdata-sections -fno-common -std=gnu11 -DCLOCK_MONOTONIC=0 -O3 -DNDEBUG -std=gnu99 -fPIC -Wall -Wextra -Wshadow -pedantic -Wcast-align -Wunused -Wconversion -Wnull-dereference -Wduplicated-branches -Wduplicated-cond -Wrestrict -Wdouble-promotion -Wsign-conversion -fdata-sections -ffunction-sections -MD -MT CMakeFiles/microcdr.dir/src/c/types/string.c.obj -MF CMakeFiles/microcdr.dir/src/c/types/string.c.obj.d -o CMakeFiles/microcdr.dir/src/c/types/string.c.obj -c /home/aa/hal_ws/f446_mainboard_template_hal/.microros_build/firmware/mcu_ws/eProsima/Micro-CDR/src/c/types/string.c
[1.193s] [ 66%] Building C object CMakeFiles/microcdr.dir/src/c/types/array.c.obj
[1.193s] /opt/st/stm32cubeclt_1.16.0/GNU-tools-for-STM32/bin/arm-none-eabi-gcc  -I/home/aa/hal_ws/f446_mainboard_template_hal/.microros_build/firmware/mcu_ws/eProsima/Micro-CDR/include -I/home/aa/hal_ws/f446_mainboard_template_hal/.microros_build/firmware/mcu_ws/build/microcdr/include -mcpu=cortex-m4 -mthumb -mfpu=fpv4-sp-d16 -mfloat-abi=hard -ffunction-sections -fdata-sections -fno-common -std=gnu11 -DCLOCK_MONOTONIC=0 -O3 -DNDEBUG -std=gnu99 -fPIC -Wall -Wextra -Wshadow -pedantic -Wcast-align -Wunused -Wconversion -Wnull-dereference -Wduplicated-branches -Wduplicated-cond -Wrestrict -Wdouble-promotion -Wsign-conversion -fdata-sections -ffunction-sections -MD -MT CMakeFiles/microcdr.dir/src/c/types/basic.c.obj -MF CMakeFiles/microcdr.dir/src/c/types/basic.c.obj.d -o CMakeFiles/microcdr.dir/src/c/types/basic.c.obj -c /home/aa/hal_ws/f446_mainboard_template_hal/.microros_build/firmware/mcu_ws/eProsima/Micro-CDR/src/c/types/basic.c
[1.193s] /opt/st/stm32cubeclt_1.16.0/GNU-tools-for-STM32/bin/arm-none-eabi-gcc  -I/home/aa/hal_ws/f446_mainboard_template_hal/.microros_build/firmware/mcu_ws/eProsima/Micro-CDR/include -I/home/aa/hal_ws/f446_mainboard_template_hal/.microros_build/firmware/mcu_ws/build/microcdr/include -mcpu=cortex-m4 -mthumb -mfpu=fpv4-sp-d16 -mfloat-abi=hard -ffunction-sections -fdata-sections -fno-common -std=gnu11 -DCLOCK_MONOTONIC=0 -O3 -DNDEBUG -std=gnu99 -fPIC -Wall -Wextra -Wshadow -pedantic -Wcast-align -Wunused -Wconversion -Wnull-dereference -Wduplicated-branches -Wduplicated-cond -Wrestrict -Wdouble-promotion -Wsign-conversion -fdata-sections -ffunction-sections -MD -MT CMakeFiles/microcdr.dir/src/c/types/array.c.obj -MF CMakeFiles/microcdr.dir/src/c/types/array.c.obj.d -o CMakeFiles/microcdr.dir/src/c/types/array.c.obj -c /home/aa/hal_ws/f446_mainboard_template_hal/.microros_build/firmware/mcu_ws/eProsima/Micro-CDR/src/c/types/array.c
[1.193s] [ 83%] Building C object CMakeFiles/microcdr.dir/src/c/types/sequence.c.obj
[1.193s] /opt/st/stm32cubeclt_1.16.0/GNU-tools-for-STM32/bin/arm-none-eabi-gcc  -I/home/aa/hal_ws/f446_mainboard_template_hal/.microros_build/firmware/mcu_ws/eProsima/Micro-CDR/include -I/home/aa/hal_ws/f446_mainboard_template_hal/.microros_build/firmware/mcu_ws/build/microcdr/include -mcpu=cortex-m4 -mthumb -mfpu=fpv4-sp-d16 -mfloat-abi=hard -ffunction-sections -fdata-sections -fno-common -std=gnu11 -DCLOCK_MONOTONIC=0 -O3 -DNDEBUG -std=gnu99 -fPIC -Wall -Wextra -Wshadow -pedantic -Wcast-align -Wunused -Wconversion -Wnull-dereference -Wduplicated-branches -Wduplicated-cond -Wrestrict -Wdouble-promotion -Wsign-conversion -fdata-sections -ffunction-sections -MD -MT CMakeFiles/microcdr.dir/src/c/types/sequence.c.obj -MF CMakeFiles/microcdr.dir/src/c/types/sequence.c.obj.d -o CMakeFiles/microcdr.dir/src/c/types/sequence.c.obj -c /home/aa/hal_ws/f446_mainboard_template_hal/.microros_build/firmware/mcu_ws/eProsima/Micro-CDR/src/c/types/sequence.c
[2.133s] [100%] Linking C static library libmicrocdr.a
[2.133s] /opt/st/stm32cubeclt_1.16.0/CMake/bin/cmake -P CMakeFiles/microcdr.dir/cmake_clean_target.cmake
[2.133s] /opt/st/stm32cubeclt_1.16.0/CMake/bin/cmake -E cmake_link_script CMakeFiles/microcdr.dir/link.txt --verbose=1
[2.133s] /opt/st/stm32cubeclt_1.16.0/GNU-tools-for-STM32/bin/arm-none-eabi-ar qc libmicrocdr.a CMakeFiles/microcdr.dir/src/c/common.c.obj CMakeFiles/microcdr.dir/src/c/types/basic.c.obj CMakeFiles/microcdr.dir/src/c/types/string.c.obj CMakeFiles/microcdr.dir/src/c/types/array.c.obj CMakeFiles/microcdr.dir/src/c/types/sequence.c.obj
[2.134s] /opt/st/stm32cubeclt_1.16.0/GNU-tools-for-STM32/bin/arm-none-eabi-ranlib libmicrocdr.a
[2.134s] gmake[5]: ディレクトリ '/home/aa/hal_ws/f446_mainboard_template_hal/.microros_build/firmware/mcu_ws/build/microcdr' から出ます
[2.135s] [100%] Built target microcdr
[2.135s] gmake[4]: ディレクトリ '/home/aa/hal_ws/f446_mainboard_template_hal/.microros_build/firmware/mcu_ws/build/microcdr' から出ます
[2.135s] /opt/st/stm32cubeclt_1.16.0/CMake/bin/cmake -E cmake_progress_start /home/aa/hal_ws/f446_mainboard_template_hal/.microros_build/firmware/mcu_ws/build/microcdr/CMakeFiles 0
[2.135s] gmake[3]: ディレクトリ '/home/aa/hal_ws/f446_mainboard_template_hal/.microros_build/firmware/mcu_ws/build/microcdr' から出ます
[2.135s] /opt/st/stm32cubeclt_1.16.0/CMake/bin/cmake -E touch /home/aa/hal_ws/f446_mainboard_template_hal/.microros_build/firmware/mcu_ws/build/microcdr/ucdr-prefix/src/ucdr-stamp/ucdr-build
[2.135s] No install step for 'ucdr'
[2.135s] /opt/st/stm32cubeclt_1.16.0/CMake/bin/cmake -E echo_append
[2.135s] /opt/st/stm32cubeclt_1.16.0/CMake/bin/cmake -E touch /home/aa/hal_ws/f446_mainboard_template_hal/.microros_build/firmware/mcu_ws/build/microcdr/ucdr-prefix/src/ucdr-stamp/ucdr-install
[2.136s] Completed 'ucdr'
[2.136s] /opt/st/stm32cubeclt_1.16.0/CMake/bin/cmake -E make_directory /home/aa/hal_ws/f446_mainboard_template_hal/.microros_build/firmware/mcu_ws/build/microcdr/CMakeFiles
[2.136s] /opt/st/stm32cubeclt_1.16.0/CMake/bin/cmake -E touch /home/aa/hal_ws/f446_mainboard_template_hal/.microros_build/firmware/mcu_ws/build/microcdr/CMakeFiles/ucdr-complete
[2.142s] /opt/st/stm32cubeclt_1.16.0/CMake/bin/cmake -E touch /home/aa/hal_ws/f446_mainboard_template_hal/.microros_build/firmware/mcu_ws/build/microcdr/ucdr-prefix/src/ucdr-stamp/ucdr-done
[2.142s] gmake[2]: ディレクトリ '/home/aa/hal_ws/f446_mainboard_template_hal/.microros_build/firmware/mcu_ws/build/microcdr' から出ます
[2.146s] Built target ucdr
[2.147s] gmake[1]: ディレクトリ '/home/aa/hal_ws/f446_mainboard_template_hal/.microros_build/firmware/mcu_ws/build/microcdr' から出ます
[2.147s] /opt/st/stm32cubeclt_1.16.0/CMake/bin/cmake -E cmake_progress_start /home/aa/hal_ws/f446_mainboard_template_hal/.microros_build/firmware/mcu_ws/build/microcdr/CMakeFiles 0
[2.148s] 
[2.148s] Invoked command in '/home/aa/hal_ws/f446_mainboard_template_hal/.microros_build/firmware/mcu_ws/build/microcdr' returned '0': /opt/st/stm32cubeclt_1.16.0/CMake/bin/cmake --build /home/aa/hal_ws/f446_mainboard_template_hal/.microros_build/firmware/mcu_ws/build/microcdr -- -j16 -l16
[2.150s] Invoking command in '/home/aa/hal_ws/f446_mainboard_template_hal/.microros_build/firmware/mcu_ws/build/microcdr': /opt/st/stm32cubeclt_1.16.0/CMake/bin/cmake --install /home/aa/hal_ws/f446_mainboard_template_hal/.microros_build/firmware/mcu_ws/build/microcdr
[2.154s] -- Install configuration: "Release"
[2.154s] -- Installing: /home/aa/hal_ws/f446_mainboard_template_hal/.microros_build/firmware/mcu_ws/install/lib/libmicrocdr.a
[2.155s] -- Installing: /home/aa/hal_ws/f446_mainboard_template_hal/.microros_build/firmware/mcu_ws/install/include/ucdr
[2.155s] -- Installing: /home/aa/hal_ws/f446_mainboard_template_hal/.microros_build/firmware/mcu_ws/install/include/ucdr/visibility.h
[2.155s] -- Installing: /home/aa/hal_ws/f446_mainboard_template_hal/.microros_build/firmware/mcu_ws/install/include/ucdr/microcdr.h
[2.155s] -- Installing: /home/aa/hal_ws/f446_mainboard_template_hal/.microros_build/firmware/mcu_ws/install/include/ucdr/config.h
[2.156s] -- Installing: /home/aa/hal_ws/f446_mainboard_template_hal/.microros_build/firmware/mcu_ws/install/share/microcdr/cmake/microcdrTargets.cmake
[2.156s] -- Installing: /home/aa/hal_ws/f446_mainboard_template_hal/.microros_build/firmware/mcu_ws/install/share/microcdr/cmake/microcdrTargets-release.cmake
[2.156s] -- Installing: /home/aa/hal_ws/f446_mainboard_template_hal/.microros_build/firmware/mcu_ws/install/share/microcdr/cmake/microcdrConfig.cmake
[2.156s] -- Installing: /home/aa/hal_ws/f446_mainboard_template_hal/.microros_build/firmware/mcu_ws/install/share/microcdr/cmake/microcdrConfigVersion.cmake
[2.159s] Invoked command in '/home/aa/hal_ws/f446_mainboard_template_hal/.microros_build/firmware/mcu_ws/build/microcdr' returned '0': /opt/st/stm32cubeclt_1.16.0/CMake/bin/cmake --install /home/aa/hal_ws/f446_mainboard_template_hal/.microros_build/firmware/mcu_ws/build/microcdr
